Using pre-set license
Built from '2023.1/staging' branch; Version is '2023.1.12f1 (38370f5b2257) revision 3684111'; Using compiler version '192829333'; Build Type 'Release'
OS: 'Windows 10  (10.0.19045) 64bit Core' Language: 'en' Physical Memory: 15774 MB
BatchMode: 1, IsHumanControllingUs: 0, StartBugReporterOnCrash: 0, Is64bit: 1, IsPro: 1

COMMAND LINE ARGUMENTS:
C:\Program Files\Unity\Hub\Editor\2023.1.12f1\Editor\Unity.exe
-adb2
-batchMode
-noUpm
-name
AssetImportWorker10
-projectPath
C:/Users/lewis/code/space_men
-logFile
Logs/AssetImportWorker10.log
-srvPort
56688
Successfully changed project path to: C:/Users/lewis/code/space_men
C:/Users/lewis/code/space_men
[UnityMemory] Configuration Parameters - Can be set up in boot.config
    "memorysetup-bucket-allocator-granularity=16"
    "memorysetup-bucket-allocator-bucket-count=8"
    "memorysetup-bucket-allocator-block-size=33554432"
    "memorysetup-bucket-allocator-block-count=8"
    "memorysetup-main-allocator-block-size=16777216"
    "memorysetup-thread-allocator-block-size=16777216"
    "memorysetup-gfx-main-allocator-block-size=16777216"
    "memorysetup-gfx-thread-allocator-block-size=16777216"
    "memorysetup-cache-allocator-block-size=4194304"
    "memorysetup-typetree-allocator-block-size=2097152"
    "memorysetup-profiler-bucket-allocator-granularity=16"
    "memorysetup-profiler-bucket-allocator-bucket-count=8"
    "memorysetup-profiler-bucket-allocator-block-size=33554432"
    "memorysetup-profiler-bucket-allocator-block-count=8"
    "memorysetup-profiler-allocator-block-size=16777216"
    "memorysetup-profiler-editor-allocator-block-size=1048576"
    "memorysetup-temp-allocator-size-main=16777216"
    "memorysetup-job-temp-allocator-block-size=2097152"
    "memorysetup-job-temp-allocator-block-size-background=1048576"
    "memorysetup-job-temp-allocator-reduction-small-platforms=262144"
    "memorysetup-allocator-temp-initial-block-size-main=262144"
    "memorysetup-allocator-temp-initial-block-size-worker=262144"
    "memorysetup-temp-allocator-size-background-worker=32768"
    "memorysetup-temp-allocator-size-job-worker=262144"
    "memorysetup-temp-allocator-size-preload-manager=33554432"
    "memorysetup-temp-allocator-size-nav-mesh-worker=65536"
    "memorysetup-temp-allocator-size-audio-worker=65536"
    "memorysetup-temp-allocator-size-cloud-worker=32768"
    "memorysetup-temp-allocator-size-gi-baking-worker=262144"
    "memorysetup-temp-allocator-size-gfx=262144"
Player connection [31896] Host "[IP] 192.168.0.207 [Port] 0 [Flags] 2 [Guid] 642959086 [EditorId] 642959086 [Version] 1048832 [Id] WindowsEditor(7,BATMAN) [Debug] 1 [PackageName] WindowsEditor [ProjectName] Editor" joined multi-casting on [225.0.0.222:54997]...

Player connection [31896] Host "[IP] 192.168.0.207 [Port] 0 [Flags] 2 [Guid] 642959086 [EditorId] 642959086 [Version] 1048832 [Id] WindowsEditor(7,BATMAN) [Debug] 1 [PackageName] WindowsEditor [ProjectName] Editor" joined alternative multi-casting on [225.0.0.222:34997]...

[Physics::Module] Initialized MultithreadedJobDispatcher with 15 workers.
Library Redirect Path: Library/Refreshing native plugins compatible for Editor in 2.03 ms, found 0 plugins.
Preloading 0 native plugins for Editor in 0.00 ms.
Initialize engine version: 2023.1.12f1 (38370f5b2257)
[Subsystems] Discovering subsystems at path C:/Program Files/Unity/Hub/Editor/2023.1.12f1/Editor/Data/Resources/UnitySubsystems
[Subsystems] Discovering subsystems at path C:/Users/lewis/code/space_men/Assets
GfxDevice: creating device client; threaded=0; jobified=0
Direct3D:
    Version:  Direct3D 11.0 [level 11.1]
    Renderer: NVIDIA GeForce RTX 3070 Laptop GPU (ID=0x249d)
    Vendor:   NVIDIA
    VRAM:     8033 MB
    Driver:   31.0.15.4633
Initialize mono
Mono path[0] = 'C:/Program Files/Unity/Hub/Editor/2023.1.12f1/Editor/Data/Managed'
Mono path[1] = 'C:/Program Files/Unity/Hub/Editor/2023.1.12f1/Editor/Data/MonoBleedingEdge/lib/mono/unityjit-win32'
Mono config path = 'C:/Program Files/Unity/Hub/Editor/2023.1.12f1/Editor/Data/MonoBleedingEdge/etc'
Using monoOptions --debugger-agent=transport=dt_socket,embedding=1,server=y,suspend=n,address=127.0.0.1:56712
Begin MonoManager ReloadAssembly
C:\build\output\Unity-Technologies\mono\mono\metadata\icall.c:1842:
C:\build\output\Unity-Technologies\mono\mono\metadata\icall.c:1842:
C:\build\output\Unity-Technologies\mono\mono\metadata\icall.c:1842:
C:\build\output\Unity-Technologies\mono\mono\metadata\icall.c:1842:
C:\build\output\Unity-Technologies\mono\mono\metadata\icall.c:1842:
C:\build\output\Unity-Technologies\mono\mono\metadata\icall.c:1842:
C:\build\output\Unity-Technologies\mono\mono\metadata\icall.c:1842:
C:\build\output\Unity-Technologies\mono\mono\metadata\icall.c:1842:
C:\build\output\Unity-Technologies\mono\mono\metadata\icall.c:1842:
C:\build\output\Unity-Technologies\mono\mono\metadata\icall.c:1842:
Registering precompiled unity dll's ...
Register platform support module: C:/Program Files/Unity/Hub/Editor/2023.1.12f1/Editor/Data/PlaybackEngines/WindowsStandaloneSupport/UnityEditor.WindowsStandalone.Extensions.dll
Register platform support module: C:/Program Files/Unity/Hub/Editor/2023.1.12f1/Editor/Data/PlaybackEngines/AndroidPlayer/UnityEditor.Android.Extensions.dll
Registered in 0.006023 seconds.
- Loaded All Assemblies, in  1.115 seconds
Native extension for Android target not found
Android Extension - Scanning For ADB Devices 376 ms
Native extension for WindowsStandalone target not found
Mono: successfully reloaded assembly
C:\build\output\Unity-Technologies\mono\mono\metadata\icall.c:1842:
C:\build\output\Unity-Technologies\mono\mono\metadata\icall.c:1842:
- Finished resetting the current domain, in  0.793 seconds
Domain Reload Profiling: 1905ms
	BeginReloadAssembly (159ms)
		ExecutionOrderSort (0ms)
		DisableScriptedObjects (0ms)
		BackupInstance (0ms)
		ReleaseScriptingObjects (0ms)
		CreateAndSetChildDomain (1ms)
	RebuildCommonClasses (210ms)
	RebuildNativeTypeToScriptingClass (13ms)
	initialDomainReloadingComplete (64ms)
	LoadAllAssembliesAndSetupDomain (664ms)
		LoadAssemblies (156ms)
		RebuildTransferFunctionScriptingTraits (0ms)
		AnalyzeDomain (657ms)
			TypeCache.Refresh (655ms)
				TypeCache.ScanAssembly (362ms)
			ScanForSourceGeneratedMonoScriptInfo (1ms)
			ResolveRequiredComponents (0ms)
	FinalizeReload (794ms)
		ReleaseScriptCaches (0ms)
		RebuildScriptCaches (0ms)
		SetupLoadedEditorAssemblies (742ms)
			LogAssemblyErrors (0ms)
			InitializePlatformSupportModulesInManaged (523ms)
			SetLoadedEditorAssemblies (3ms)
			BeforeProcessingInitializeOnLoad (8ms)
			ProcessInitializeOnLoadAttributes (142ms)
			ProcessInitializeOnLoadMethodAttributes (66ms)
			AfterProcessingInitializeOnLoad (0ms)
			EditorAssembliesLoaded (0ms)
		ExecutionOrderSort2 (0ms)
		AwakeInstancesAfterBackupRestoration (0ms)
========================================================================
Worker process is ready to serve import requests
Import Worker Mode flag is 0x00
Begin MonoManager ReloadAssembly
C:\build\output\Unity-Technologies\mono\mono\metadata\icall.c:1842:
C:\build\output\Unity-Technologies\mono\mono\metadata\icall.c:1842:
C:\build\output\Unity-Technologies\mono\mono\metadata\icall.c:1842:
C:\build\output\Unity-Technologies\mono\mono\metadata\icall.c:1842:
C:\build\output\Unity-Technologies\mono\mono\metadata\icall.c:1842:
C:\build\output\Unity-Technologies\mono\mono\metadata\icall.c:1842:
C:\build\output\Unity-Technologies\mono\mono\metadata\icall.c:1842:
C:\build\output\Unity-Technologies\mono\mono\metadata\icall.c:1842:
C:\build\output\Unity-Technologies\mono\mono\metadata\icall.c:1842:
C:\build\output\Unity-Technologies\mono\mono\metadata\icall.c:1842:
C:\build\output\Unity-Technologies\mono\mono\metadata\icall.c:1842:
C:\build\output\Unity-Technologies\mono\mono\metadata\icall.c:1842:
- Loaded All Assemblies, in  0.781 seconds
Refreshing native plugins compatible for Editor in 0.55 ms, found 0 plugins.
Native extension for Android target not found
Native extension for WindowsStandalone target not found
Mono: successfully reloaded assembly
- Finished resetting the current domain, in  0.489 seconds
Domain Reload Profiling: 1266ms
	BeginReloadAssembly (337ms)
		ExecutionOrderSort (0ms)
		DisableScriptedObjects (6ms)
		BackupInstance (0ms)
		ReleaseScriptingObjects (0ms)
		CreateAndSetChildDomain (36ms)
	RebuildCommonClasses (40ms)
	RebuildNativeTypeToScriptingClass (13ms)
	initialDomainReloadingComplete (45ms)
	LoadAllAssembliesAndSetupDomain (342ms)
		LoadAssemblies (259ms)
		RebuildTransferFunctionScriptingTraits (0ms)
		AnalyzeDomain (198ms)
			TypeCache.Refresh (190ms)
				TypeCache.ScanAssembly (174ms)
			ScanForSourceGeneratedMonoScriptInfo (4ms)
			ResolveRequiredComponents (3ms)
	FinalizeReload (489ms)
		ReleaseScriptCaches (0ms)
		RebuildScriptCaches (0ms)
		SetupLoadedEditorAssemblies (259ms)
			LogAssemblyErrors (0ms)
			InitializePlatformSupportModulesInManaged (28ms)
			SetLoadedEditorAssemblies (3ms)
			BeforeProcessingInitializeOnLoad (56ms)
			ProcessInitializeOnLoadAttributes (144ms)
			ProcessInitializeOnLoadMethodAttributes (21ms)
			AfterProcessingInitializeOnLoad (9ms)
			EditorAssembliesLoaded (0ms)
		ExecutionOrderSort2 (0ms)
		AwakeInstancesAfterBackupRestoration (6ms)
Launched and connected shader compiler UnityShaderCompiler.exe after 0.04 seconds
Refreshing native plugins compatible for Editor in 0.51 ms, found 0 plugins.
Preloading 0 native plugins for Editor in 0.00 ms.
Unloading 497 Unused Serialized files (Serialized files now loaded: 0)
Unloading 8 unused Assets / (7.7 MB). Loaded Objects now: 1044.
Memory consumption went from 73.7 MB to 66.0 MB.
Total: 5.814200 ms (FindLiveObjects: 0.076200 ms CreateObjectMapping: 0.016400 ms MarkObjects: 5.486100 ms  DeleteObjects: 0.234400 ms)

AssetImportParameters requested are different than current active one (requested -> active):
  custom:container-demuxer-ogg: 62fdf1f143b41e24485cea50d1cbac27 -> 
  custom:video-decoder-ogg-theora: a1e56fd34408186e4bbccfd4996cb3dc -> 
  custom:framework-win-MediaFoundation: 216162199b28c13a410421893ffa2e32 -> 
  custom:CustomObjectIndexerAttribute: 756ad292c208cfabdd7b50bc23989ffe -> 
  custom:container-demuxer-webm: 4f35f7cbe854078d1ac9338744f61a02 -> 
  custom:container-muxer-webm: aa71ff27fc2769a1b78a27578f13a17b -> 
  custom:video-decoder-webm-vp8: 9c59270c3fd7afecdb556c50c9e8de78 -> 
  custom:SearchIndexIgnoredProperties: e643bd26f0fe6173181afceb89e7c659 -> 
  custom:AudioImporter_EditorPlatform: d09bf68614088b80899f8185d706f6e7 -> 
  custom:video-encoder-webm-vp8: eb34c28f22e8b96e1ab97ce403110664 -> 
  custom:audio-decoder-ogg-vorbis: bf7c407c2cedff20999df2af8eb42d56 -> 
  custom:audio-encoder-webm-vorbis: bf7c407c2cedff20999df2af8eb42d56 -> 
========================================================================
Received Import Request.
  Time since last request: 411889.353832 seconds.
  path: Assets/Packages/Universal Sound FX/RETRO_LOFI/RETRO_Bump_04_mono.wav
  artifactKey: Guid(16305194f8ee2364e93dc9388227f110) Importer(815301076,1909f56bfc062723c751e8b465ee728b)
Start importing Assets/Packages/Universal Sound FX/RETRO_LOFI/RETRO_Bump_04_mono.wav using Guid(16305194f8ee2364e93dc9388227f110) Importer(815301076,1909f56bfc062723c751e8b465ee728b)  -> (artifact id: 'f948a3cef00f931bcd3588294165a05e') in 0.105894 seconds
Number of updated asset objects reloaded before import = 0
Number of asset objects unloaded after import = 2
========================================================================
Received Import Request.
  Time since last request: 0.000029 seconds.
  path: Assets/Packages/Universal Sound FX/RETRO_LOFI/RETRO_Destroy_03_mono.wav
  artifactKey: Guid(f8a3bea4b85b68c4e9bd59cb843ed2f9) Importer(815301076,1909f56bfc062723c751e8b465ee728b)
Start importing Assets/Packages/Universal Sound FX/RETRO_LOFI/RETRO_Destroy_03_mono.wav using Guid(f8a3bea4b85b68c4e9bd59cb843ed2f9) Importer(815301076,1909f56bfc062723c751e8b465ee728b)  -> (artifact id: '2a9b4308adc3438c14b64d927a2ced54') in 0.015116 seconds
Number of updated asset objects reloaded before import = 0
Number of asset objects unloaded after import = 2
========================================================================
Received Import Request.
  Time since last request: 0.029578 seconds.
  path: Assets/Packages/Universal Sound FX/RETRO_LOFI/RETRO_Explode_03_mono.wav
  artifactKey: Guid(0791c1a113bcfa94a9cdfe23b2f9bacb) Importer(815301076,1909f56bfc062723c751e8b465ee728b)
Start importing Assets/Packages/Universal Sound FX/RETRO_LOFI/RETRO_Explode_03_mono.wav using Guid(0791c1a113bcfa94a9cdfe23b2f9bacb) Importer(815301076,1909f56bfc062723c751e8b465ee728b)  -> (artifact id: 'faaf950b9ceb778b11950b877e2afb41') in 0.020036 seconds
Number of updated asset objects reloaded before import = 0
Number of asset objects unloaded after import = 2
========================================================================
Received Import Request.
  Time since last request: 0.007319 seconds.
  path: Assets/Packages/Universal Sound FX/RETRO_LOFI/RETRO_Explode_05_mono.wav
  artifactKey: Guid(bb449f69d6c3eb049899a03190c8094d) Importer(815301076,1909f56bfc062723c751e8b465ee728b)
Start importing Assets/Packages/Universal Sound FX/RETRO_LOFI/RETRO_Explode_05_mono.wav using Guid(bb449f69d6c3eb049899a03190c8094d) Importer(815301076,1909f56bfc062723c751e8b465ee728b)  -> (artifact id: '1e4b40cd2a0c693b9bd044b61680c4e2') in 0.018960 seconds
Number of updated asset objects reloaded before import = 0
Number of asset objects unloaded after import = 2
========================================================================
Received Import Request.
  Time since last request: 0.006025 seconds.
  path: Assets/Packages/Universal Sound FX/RETRO_LOFI/RETRO_Explode_07_mono.wav
  artifactKey: Guid(3b7b389229266c0429778a6a3bb25dbd) Importer(815301076,1909f56bfc062723c751e8b465ee728b)
Start importing Assets/Packages/Universal Sound FX/RETRO_LOFI/RETRO_Explode_07_mono.wav using Guid(3b7b389229266c0429778a6a3bb25dbd) Importer(815301076,1909f56bfc062723c751e8b465ee728b)  -> (artifact id: '67fc97d814ab3a0a588c84080df90d23') in 0.018547 seconds
Number of updated asset objects reloaded before import = 0
Number of asset objects unloaded after import = 2
========================================================================
Received Import Request.
  Time since last request: 0.015699 seconds.
  path: Assets/Packages/Universal Sound FX/RETRO_LOFI/RETRO_Explode_10_mono.wav
  artifactKey: Guid(812e7004760f4e74b854562c4f7e8ee7) Importer(815301076,1909f56bfc062723c751e8b465ee728b)
Start importing Assets/Packages/Universal Sound FX/RETRO_LOFI/RETRO_Explode_10_mono.wav using Guid(812e7004760f4e74b854562c4f7e8ee7) Importer(815301076,1909f56bfc062723c751e8b465ee728b)  -> (artifact id: 'c759217b6c77f4a2b85baeb9a6e920e3') in 0.020504 seconds
Number of updated asset objects reloaded before import = 0
Number of asset objects unloaded after import = 2
========================================================================
Received Import Request.
  Time since last request: 0.008272 seconds.
  path: Assets/Packages/Universal Sound FX/RETRO_LOFI/RETRO_Explode_12_mono.wav
  artifactKey: Guid(5cd01639da2458c4e83d45f04c2fd81a) Importer(815301076,1909f56bfc062723c751e8b465ee728b)
Start importing Assets/Packages/Universal Sound FX/RETRO_LOFI/RETRO_Explode_12_mono.wav using Guid(5cd01639da2458c4e83d45f04c2fd81a) Importer(815301076,1909f56bfc062723c751e8b465ee728b)  -> (artifact id: '460d02376c1496bf7e87949b86eda9d4') in 0.019417 seconds
Number of updated asset objects reloaded before import = 0
Number of asset objects unloaded after import = 2
========================================================================
Received Import Request.
  Time since last request: 0.007553 seconds.
  path: Assets/Packages/Universal Sound FX/RETRO_LOFI/RETRO_Explode_14_mono.wav
  artifactKey: Guid(83fbf5a1432d6784f8974b519ddd4488) Importer(815301076,1909f56bfc062723c751e8b465ee728b)
Start importing Assets/Packages/Universal Sound FX/RETRO_LOFI/RETRO_Explode_14_mono.wav using Guid(83fbf5a1432d6784f8974b519ddd4488) Importer(815301076,1909f56bfc062723c751e8b465ee728b)  -> (artifact id: '12b3e672a9ce7dc2708d47cd9628c934') in 0.019536 seconds
Number of updated asset objects reloaded before import = 0
Number of asset objects unloaded after import = 2
========================================================================
Received Import Request.
  Time since last request: 0.006492 seconds.
  path: Assets/Packages/Universal Sound FX/RETRO_LOFI/RETRO_Impact_02_mono.wav
  artifactKey: Guid(5cb7a5b77fc606c4db7a7482c160665f) Importer(815301076,1909f56bfc062723c751e8b465ee728b)
Start importing Assets/Packages/Universal Sound FX/RETRO_LOFI/RETRO_Impact_02_mono.wav using Guid(5cb7a5b77fc606c4db7a7482c160665f) Importer(815301076,1909f56bfc062723c751e8b465ee728b)  -> (artifact id: '0ffb1b73ad4f381cff495c63b2f5a481') in 0.019005 seconds
Number of updated asset objects reloaded before import = 0
Number of asset objects unloaded after import = 2
========================================================================
Received Import Request.
  Time since last request: 0.006562 seconds.
  path: Assets/Packages/Universal Sound FX/RETRO_LOFI/RETRO_Impact_04_mono.wav
  artifactKey: Guid(a66e38f4e26e05d43823c78b4c099a4a) Importer(815301076,1909f56bfc062723c751e8b465ee728b)
Start importing Assets/Packages/Universal Sound FX/RETRO_LOFI/RETRO_Impact_04_mono.wav using Guid(a66e38f4e26e05d43823c78b4c099a4a) Importer(815301076,1909f56bfc062723c751e8b465ee728b)  -> (artifact id: '5e578eae29f016d6f24631cc98b9a8de') in 0.019092 seconds
Number of updated asset objects reloaded before import = 0
Number of asset objects unloaded after import = 2
========================================================================
Received Import Request.
  Time since last request: 0.006707 seconds.
  path: Assets/Packages/Universal Sound FX/RETRO_LOFI/RETRO_Impact_06_mono.wav
  artifactKey: Guid(8cb2e6ff058e04c4bb0f1b696c79f2c1) Importer(815301076,1909f56bfc062723c751e8b465ee728b)
Start importing Assets/Packages/Universal Sound FX/RETRO_LOFI/RETRO_Impact_06_mono.wav using Guid(8cb2e6ff058e04c4bb0f1b696c79f2c1) Importer(815301076,1909f56bfc062723c751e8b465ee728b)  -> (artifact id: '2f7ecb50b2bbd977768b9cba4792d533') in 0.018767 seconds
Number of updated asset objects reloaded before import = 0
Number of asset objects unloaded after import = 2
========================================================================
Received Import Request.
  Time since last request: 0.006396 seconds.
  path: Assets/Packages/Universal Sound FX/RETRO_LOFI/RETRO_Loop_Pulse_02_loop_mono.wav
  artifactKey: Guid(fd04d0ebc4f79ec4ca72bce3469273a1) Importer(815301076,1909f56bfc062723c751e8b465ee728b)
Start importing Assets/Packages/Universal Sound FX/RETRO_LOFI/RETRO_Loop_Pulse_02_loop_mono.wav using Guid(fd04d0ebc4f79ec4ca72bce3469273a1) Importer(815301076,1909f56bfc062723c751e8b465ee728b)  -> (artifact id: 'ea0145aea92137928fd6f427b3b8adac') in 0.019371 seconds
Number of updated asset objects reloaded before import = 0
Number of asset objects unloaded after import = 2
========================================================================
Received Import Request.
  Time since last request: 0.009053 seconds.
  path: Assets/Packages/Universal Sound FX/RETRO_LOFI/RETRO_Sweep_01_mono.wav
  artifactKey: Guid(3b1eb62e567902c4e8b0b42ffac0b7ba) Importer(815301076,1909f56bfc062723c751e8b465ee728b)
Start importing Assets/Packages/Universal Sound FX/RETRO_LOFI/RETRO_Sweep_01_mono.wav using Guid(3b1eb62e567902c4e8b0b42ffac0b7ba) Importer(815301076,1909f56bfc062723c751e8b465ee728b)  -> (artifact id: 'cd5edda24e7ffee6f864661644985993') in 0.019987 seconds
Number of updated asset objects reloaded before import = 0
Number of asset objects unloaded after import = 2
========================================================================
Received Import Request.
  Time since last request: 0.006920 seconds.
  path: Assets/Packages/Universal Sound FX/RETRO_LOFI/RETRO_Sweep_03_mono.wav
  artifactKey: Guid(50c5241f31cd34c4fbb6ab5a9c79862a) Importer(815301076,1909f56bfc062723c751e8b465ee728b)
Start importing Assets/Packages/Universal Sound FX/RETRO_LOFI/RETRO_Sweep_03_mono.wav using Guid(50c5241f31cd34c4fbb6ab5a9c79862a) Importer(815301076,1909f56bfc062723c751e8b465ee728b)  -> (artifact id: '280720a089652fc2ba80764ed968ee0d') in 0.021634 seconds
Number of updated asset objects reloaded before import = 0
Number of asset objects unloaded after import = 2
========================================================================
Received Import Request.
  Time since last request: 15.835940 seconds.
  path: Assets/Packages/Universal Sound FX/RETRO_LOFI/LOFI_Signal_06_mono.wav
  artifactKey: Guid(6eebf01eba0dc7346b22ecfc76804f5e) Importer(815301076,1909f56bfc062723c751e8b465ee728b)
Start importing Assets/Packages/Universal Sound FX/RETRO_LOFI/LOFI_Signal_06_mono.wav using Guid(6eebf01eba0dc7346b22ecfc76804f5e) Importer(815301076,1909f56bfc062723c751e8b465ee728b)  -> (artifact id: '4779cfe838e4d3cfe6f325389d9402d3') in 0.019165 seconds
Number of updated asset objects reloaded before import = 0
Number of asset objects unloaded after import = 2
========================================================================
Received Import Request.
  Time since last request: 0.006508 seconds.
  path: Assets/Packages/Universal Sound FX/RETRO_LOFI/LOFI_Signal_08_mono.wav
  artifactKey: Guid(5f62147e9b89b2d4ab0fc9ace2dc3c6b) Importer(815301076,1909f56bfc062723c751e8b465ee728b)
Start importing Assets/Packages/Universal Sound FX/RETRO_LOFI/LOFI_Signal_08_mono.wav using Guid(5f62147e9b89b2d4ab0fc9ace2dc3c6b) Importer(815301076,1909f56bfc062723c751e8b465ee728b)  -> (artifact id: 'cbc7cbd5640d6306bcf9a7375102c0fe') in 0.018226 seconds
Number of updated asset objects reloaded before import = 0
Number of asset objects unloaded after import = 2
========================================================================
Received Import Request.
  Time since last request: 0.007936 seconds.
  path: Assets/Packages/Universal Sound FX/RETRO_LOFI/LOFI_Tick_01_mono.wav
  artifactKey: Guid(eaa1b37eb457d384ca6516032430e7dd) Importer(815301076,1909f56bfc062723c751e8b465ee728b)
Start importing Assets/Packages/Universal Sound FX/RETRO_LOFI/LOFI_Tick_01_mono.wav using Guid(eaa1b37eb457d384ca6516032430e7dd) Importer(815301076,1909f56bfc062723c751e8b465ee728b)  -> (artifact id: '7e544c6e8b434933171e9b6d7bcc4cb0') in 0.018763 seconds
Number of updated asset objects reloaded before import = 0
Number of asset objects unloaded after import = 2
========================================================================
Received Import Request.
  Time since last request: 0.008477 seconds.
  path: Assets/Packages/Universal Sound FX/RETRO_LOFI/LOFI_Wobble_01_mono.wav
  artifactKey: Guid(d30b1457d3ca61d4385897f8401c89e3) Importer(815301076,1909f56bfc062723c751e8b465ee728b)
Start importing Assets/Packages/Universal Sound FX/RETRO_LOFI/LOFI_Wobble_01_mono.wav using Guid(d30b1457d3ca61d4385897f8401c89e3) Importer(815301076,1909f56bfc062723c751e8b465ee728b)  -> (artifact id: '359ea81e053367562257012229d01d7c') in 0.018943 seconds
Number of updated asset objects reloaded before import = 0
Number of asset objects unloaded after import = 2
========================================================================
Received Import Request.
  Time since last request: 0.006510 seconds.
  path: Assets/Packages/Universal Sound FX/RETRO_LOFI/RETRO_Bump_01_mono.wav
  artifactKey: Guid(63ec626ed5d47054cb27e0bd55544d10) Importer(815301076,1909f56bfc062723c751e8b465ee728b)
Start importing Assets/Packages/Universal Sound FX/RETRO_LOFI/RETRO_Bump_01_mono.wav using Guid(63ec626ed5d47054cb27e0bd55544d10) Importer(815301076,1909f56bfc062723c751e8b465ee728b)  -> (artifact id: '3e389205c1ef491aceb96c98fa3a21d9') in 0.018374 seconds
Number of updated asset objects reloaded before import = 0
Number of asset objects unloaded after import = 2
========================================================================
Received Import Request.
  Time since last request: 0.461202 seconds.
  path: Assets/Packages/Universal Sound FX/RETRO_LOFI/LOFI_Noise_02_mono.wav
  artifactKey: Guid(a7fa1b700d547b64f8554d34321f9274) Importer(815301076,1909f56bfc062723c751e8b465ee728b)
Start importing Assets/Packages/Universal Sound FX/RETRO_LOFI/LOFI_Noise_02_mono.wav using Guid(a7fa1b700d547b64f8554d34321f9274) Importer(815301076,1909f56bfc062723c751e8b465ee728b)  -> (artifact id: '04ec2cee234619b5b3a14fcaf707aeb8') in 0.018720 seconds
Number of updated asset objects reloaded before import = 0
Number of asset objects unloaded after import = 2
========================================================================
Received Import Request.
  Time since last request: 0.006732 seconds.
  path: Assets/Packages/Universal Sound FX/RETRO_LOFI/LOFI_Rumble_01_mono.wav
  artifactKey: Guid(cfb2777420f3cf040a096d486f61db01) Importer(815301076,1909f56bfc062723c751e8b465ee728b)
Start importing Assets/Packages/Universal Sound FX/RETRO_LOFI/LOFI_Rumble_01_mono.wav using Guid(cfb2777420f3cf040a096d486f61db01) Importer(815301076,1909f56bfc062723c751e8b465ee728b)  -> (artifact id: 'c40e8e37479a265dc0b4005a244a4560') in 0.019251 seconds
Number of updated asset objects reloaded before import = 0
Number of asset objects unloaded after import = 2
========================================================================
Received Import Request.
  Time since last request: 0.007661 seconds.
  path: Assets/Packages/Universal Sound FX/RETRO_LOFI/LOFI_Shutter_01_mono.wav
  artifactKey: Guid(55b950c86161daf4d9b4c0aac310f83a) Importer(815301076,1909f56bfc062723c751e8b465ee728b)
Start importing Assets/Packages/Universal Sound FX/RETRO_LOFI/LOFI_Shutter_01_mono.wav using Guid(55b950c86161daf4d9b4c0aac310f83a) Importer(815301076,1909f56bfc062723c751e8b465ee728b)  -> (artifact id: '4b322afce321c7372dcaaae1fea94b9b') in 0.018110 seconds
Number of updated asset objects reloaded before import = 0
Number of asset objects unloaded after import = 2
========================================================================
Received Import Request.
  Time since last request: 0.008244 seconds.
  path: Assets/Packages/Universal Sound FX/RETRO_LOFI/LOFI_Signal_01_mono.wav
  artifactKey: Guid(cba00a33bbce92043b4612666fcc077e) Importer(815301076,1909f56bfc062723c751e8b465ee728b)
Start importing Assets/Packages/Universal Sound FX/RETRO_LOFI/LOFI_Signal_01_mono.wav using Guid(cba00a33bbce92043b4612666fcc077e) Importer(815301076,1909f56bfc062723c751e8b465ee728b)  -> (artifact id: '9504ffbc3b9a694a7900be0cf64f3c84') in 0.018206 seconds
Number of updated asset objects reloaded before import = 0
Number of asset objects unloaded after import = 2
========================================================================
Received Import Request.
  Time since last request: 0.006754 seconds.
  path: Assets/Packages/Universal Sound FX/RETRO_LOFI/LOFI_Signal_03_mono.wav
  artifactKey: Guid(f1f28fab7ebdc3e4fa72f31ac07b4719) Importer(815301076,1909f56bfc062723c751e8b465ee728b)
Start importing Assets/Packages/Universal Sound FX/RETRO_LOFI/LOFI_Signal_03_mono.wav using Guid(f1f28fab7ebdc3e4fa72f31ac07b4719) Importer(815301076,1909f56bfc062723c751e8b465ee728b)  -> (artifact id: 'db031be3d3253e0bc7e969449885a335') in 0.019116 seconds
Number of updated asset objects reloaded before import = 0
Number of asset objects unloaded after import = 2
========================================================================
Received Import Request.
  Time since last request: 0.428652 seconds.
  path: Assets/Packages/Universal Sound FX/RETRO_LOFI/LOFI_Bang_02_mono.wav
  artifactKey: Guid(acab98fabbca071418f015b217bc1d1a) Importer(815301076,1909f56bfc062723c751e8b465ee728b)
Start importing Assets/Packages/Universal Sound FX/RETRO_LOFI/LOFI_Bang_02_mono.wav using Guid(acab98fabbca071418f015b217bc1d1a) Importer(815301076,1909f56bfc062723c751e8b465ee728b)  -> (artifact id: 'd80354adcdcd04326984d191161667c7') in 0.019465 seconds
Number of updated asset objects reloaded before import = 0
Number of asset objects unloaded after import = 2
========================================================================
Received Import Request.
  Time since last request: 0.005863 seconds.
  path: Assets/Packages/Universal Sound FX/RETRO_LOFI/LOFI_Bang_04_mono.wav
  artifactKey: Guid(8dd436c7a1bb09b4ca4838de71bef4bb) Importer(815301076,1909f56bfc062723c751e8b465ee728b)
Start importing Assets/Packages/Universal Sound FX/RETRO_LOFI/LOFI_Bang_04_mono.wav using Guid(8dd436c7a1bb09b4ca4838de71bef4bb) Importer(815301076,1909f56bfc062723c751e8b465ee728b)  -> (artifact id: '0d04720544aa5528ac2334cde14c18c2') in 0.020694 seconds
Number of updated asset objects reloaded before import = 0
Number of asset objects unloaded after import = 2
========================================================================
Received Import Request.
  Time since last request: 0.005328 seconds.
  path: Assets/Packages/Universal Sound FX/RETRO_LOFI/LOFI_Beam_01_mono.wav
  artifactKey: Guid(c8bb213a837069a4c9ff12c03c43b73f) Importer(815301076,1909f56bfc062723c751e8b465ee728b)
Start importing Assets/Packages/Universal Sound FX/RETRO_LOFI/LOFI_Beam_01_mono.wav using Guid(c8bb213a837069a4c9ff12c03c43b73f) Importer(815301076,1909f56bfc062723c751e8b465ee728b)  -> (artifact id: 'd5bc26665f03546fcd16564d0e00b755') in 0.020223 seconds
Number of updated asset objects reloaded before import = 0
Number of asset objects unloaded after import = 2
========================================================================
Received Import Request.
  Time since last request: 0.005159 seconds.
  path: Assets/Packages/Universal Sound FX/RETRO_LOFI/LOFI_Beep_01_mono.wav
  artifactKey: Guid(9050b9ac683ebd84e82c5f6a22db0cd7) Importer(815301076,1909f56bfc062723c751e8b465ee728b)
Start importing Assets/Packages/Universal Sound FX/RETRO_LOFI/LOFI_Beep_01_mono.wav using Guid(9050b9ac683ebd84e82c5f6a22db0cd7) Importer(815301076,1909f56bfc062723c751e8b465ee728b)  -> (artifact id: 'db48616534d75c370566d6469f3f787b') in 0.017892 seconds
Number of updated asset objects reloaded before import = 0
Number of asset objects unloaded after import = 2
========================================================================
Received Import Request.
  Time since last request: 0.006371 seconds.
  path: Assets/Packages/Universal Sound FX/RETRO_LOFI/LOFI_Break_01_mono.wav
  artifactKey: Guid(ea7a2dc3b0c9eb94dbe6b1e307daf1a7) Importer(815301076,1909f56bfc062723c751e8b465ee728b)
Start importing Assets/Packages/Universal Sound FX/RETRO_LOFI/LOFI_Break_01_mono.wav using Guid(ea7a2dc3b0c9eb94dbe6b1e307daf1a7) Importer(815301076,1909f56bfc062723c751e8b465ee728b)  -> (artifact id: '341b3ebb910841db9c0b89cc36ad9046') in 0.018633 seconds
Number of updated asset objects reloaded before import = 0
Number of asset objects unloaded after import = 2
========================================================================
Received Import Request.
  Time since last request: 0.005767 seconds.
  path: Assets/Packages/Universal Sound FX/RETRO_LOFI/LOFI_Cartoon_01_mono.wav
  artifactKey: Guid(63beb3192c9b4774798e5e9851495ff4) Importer(815301076,1909f56bfc062723c751e8b465ee728b)
Start importing Assets/Packages/Universal Sound FX/RETRO_LOFI/LOFI_Cartoon_01_mono.wav using Guid(63beb3192c9b4774798e5e9851495ff4) Importer(815301076,1909f56bfc062723c751e8b465ee728b)  -> (artifact id: 'c549f034dffcc74b20db115e72a2b4dd') in 0.023749 seconds
Number of updated asset objects reloaded before import = 0
Number of asset objects unloaded after import = 2
========================================================================
Received Import Request.
  Time since last request: 0.007147 seconds.
  path: Assets/Packages/Universal Sound FX/RETRO_LOFI/LOFI_Coin_01_mono.wav
  artifactKey: Guid(d5baf448685c2a94c85166d0c37237e1) Importer(815301076,1909f56bfc062723c751e8b465ee728b)
Start importing Assets/Packages/Universal Sound FX/RETRO_LOFI/LOFI_Coin_01_mono.wav using Guid(d5baf448685c2a94c85166d0c37237e1) Importer(815301076,1909f56bfc062723c751e8b465ee728b)  -> (artifact id: '78799c2f2de40815ff5d583842c74f5d') in 0.019193 seconds
Number of updated asset objects reloaded before import = 0
Number of asset objects unloaded after import = 2
========================================================================
Received Import Request.
  Time since last request: 0.007501 seconds.
  path: Assets/Packages/Universal Sound FX/RETRO_LOFI/LOFI_Computer_Loop_02_loop_mono.wav
  artifactKey: Guid(a7a0aceb87518574b927681e66ce1506) Importer(815301076,1909f56bfc062723c751e8b465ee728b)
Start importing Assets/Packages/Universal Sound FX/RETRO_LOFI/LOFI_Computer_Loop_02_loop_mono.wav using Guid(a7a0aceb87518574b927681e66ce1506) Importer(815301076,1909f56bfc062723c751e8b465ee728b)  -> (artifact id: 'f0be13d29d1a3943cf50dc7745ea2e75') in 0.020583 seconds
Number of updated asset objects reloaded before import = 0
Number of asset objects unloaded after import = 2
========================================================================
Received Import Request.
  Time since last request: 0.006962 seconds.
  path: Assets/Packages/Universal Sound FX/RETRO_LOFI/LOFI_Cricket_01_mono.wav
  artifactKey: Guid(a020b2e9ede9e0645a66ae187cf864b7) Importer(815301076,1909f56bfc062723c751e8b465ee728b)
Start importing Assets/Packages/Universal Sound FX/RETRO_LOFI/LOFI_Cricket_01_mono.wav using Guid(a020b2e9ede9e0645a66ae187cf864b7) Importer(815301076,1909f56bfc062723c751e8b465ee728b)  -> (artifact id: '71077597f1107d85ac7a2f380b6de902') in 0.018519 seconds
Number of updated asset objects reloaded before import = 0
Number of asset objects unloaded after import = 2
========================================================================
Received Import Request.
  Time since last request: 0.007185 seconds.
  path: Assets/Packages/Universal Sound FX/RETRO_LOFI/LOFI_Destroy_01_mono.wav
  artifactKey: Guid(a44b43f2bdeb7214080d5b90d3cfff3c) Importer(815301076,1909f56bfc062723c751e8b465ee728b)
Start importing Assets/Packages/Universal Sound FX/RETRO_LOFI/LOFI_Destroy_01_mono.wav using Guid(a44b43f2bdeb7214080d5b90d3cfff3c) Importer(815301076,1909f56bfc062723c751e8b465ee728b)  -> (artifact id: '5f5d77cc4f5a16e87e72a8e29316810e') in 0.020432 seconds
Number of updated asset objects reloaded before import = 0
Number of asset objects unloaded after import = 2
========================================================================
Received Import Request.
  Time since last request: 0.007770 seconds.
  path: Assets/Packages/Universal Sound FX/RETRO_LOFI/LOFI_Duck_01_mono.wav
  artifactKey: Guid(7af56958fc3f82242a2a48b542ed60ec) Importer(815301076,1909f56bfc062723c751e8b465ee728b)
Start importing Assets/Packages/Universal Sound FX/RETRO_LOFI/LOFI_Duck_01_mono.wav using Guid(7af56958fc3f82242a2a48b542ed60ec) Importer(815301076,1909f56bfc062723c751e8b465ee728b)  -> (artifact id: '8f2c3f4f358d94d99c86fb592732f691') in 0.018767 seconds
Number of updated asset objects reloaded before import = 0
Number of asset objects unloaded after import = 2
========================================================================
Received Import Request.
  Time since last request: 0.007533 seconds.
  path: Assets/Packages/Universal Sound FX/RETRO_LOFI/LOFI_Explosion_02_mono.wav
  artifactKey: Guid(8dbc69757e7a9c94b875c50a96e06550) Importer(815301076,1909f56bfc062723c751e8b465ee728b)
Start importing Assets/Packages/Universal Sound FX/RETRO_LOFI/LOFI_Explosion_02_mono.wav using Guid(8dbc69757e7a9c94b875c50a96e06550) Importer(815301076,1909f56bfc062723c751e8b465ee728b)  -> (artifact id: '72c4b2be6096890c22fd8f179499ad45') in 0.021142 seconds
Number of updated asset objects reloaded before import = 0
Number of asset objects unloaded after import = 2
========================================================================
Received Import Request.
  Time since last request: 0.007446 seconds.
  path: Assets/Packages/Universal Sound FX/RETRO_LOFI/LOFI_Explosion_04_mono.wav
  artifactKey: Guid(778a61b5eaa81084c99edb780787e236) Importer(815301076,1909f56bfc062723c751e8b465ee728b)
Start importing Assets/Packages/Universal Sound FX/RETRO_LOFI/LOFI_Explosion_04_mono.wav using Guid(778a61b5eaa81084c99edb780787e236) Importer(815301076,1909f56bfc062723c751e8b465ee728b)  -> (artifact id: 'cbbb98f8ddddbeb32530b6872090fca7') in 0.019652 seconds
Number of updated asset objects reloaded before import = 0
Number of asset objects unloaded after import = 2
========================================================================
Received Import Request.
  Time since last request: 0.008050 seconds.
  path: Assets/Packages/Universal Sound FX/RETRO_LOFI/LOFI_Explosion_06_mono.wav
  artifactKey: Guid(d516a47198da8694aadf22126f0d5324) Importer(815301076,1909f56bfc062723c751e8b465ee728b)
Start importing Assets/Packages/Universal Sound FX/RETRO_LOFI/LOFI_Explosion_06_mono.wav using Guid(d516a47198da8694aadf22126f0d5324) Importer(815301076,1909f56bfc062723c751e8b465ee728b)  -> (artifact id: '1dfd2143b8c92e342e07c4606f10a478') in 0.019651 seconds
Number of updated asset objects reloaded before import = 0
Number of asset objects unloaded after import = 2
========================================================================
Received Import Request.
  Time since last request: 0.008902 seconds.
  path: Assets/Packages/Universal Sound FX/RETRO_LOFI/LOFI_Explosion_08_mono.wav
  artifactKey: Guid(d7ec191991a16834ea8056af21174fa8) Importer(815301076,1909f56bfc062723c751e8b465ee728b)
Start importing Assets/Packages/Universal Sound FX/RETRO_LOFI/LOFI_Explosion_08_mono.wav using Guid(d7ec191991a16834ea8056af21174fa8) Importer(815301076,1909f56bfc062723c751e8b465ee728b)  -> (artifact id: 'b356ac74565034c2ad5bfdde9e28ac3c') in 0.018821 seconds
Number of updated asset objects reloaded before import = 0
Number of asset objects unloaded after import = 2
========================================================================
Received Import Request.
  Time since last request: 0.007575 seconds.
  path: Assets/Packages/Universal Sound FX/RETRO_LOFI/LOFI_Explosion_10_mono.wav
  artifactKey: Guid(45734f18acaf0f34d8a874935eeda681) Importer(815301076,1909f56bfc062723c751e8b465ee728b)
Start importing Assets/Packages/Universal Sound FX/RETRO_LOFI/LOFI_Explosion_10_mono.wav using Guid(45734f18acaf0f34d8a874935eeda681) Importer(815301076,1909f56bfc062723c751e8b465ee728b)  -> (artifact id: 'f7f88c328eab6a22076bc4d40e16f6d6') in 0.020199 seconds
Number of updated asset objects reloaded before import = 0
Number of asset objects unloaded after import = 2
========================================================================
Received Import Request.
  Time since last request: 0.006499 seconds.
  path: Assets/Packages/Universal Sound FX/RETRO_LOFI/LOFI_Explosion_12_mono.wav
  artifactKey: Guid(1ee3570da51a8054ca2836c43afac07e) Importer(815301076,1909f56bfc062723c751e8b465ee728b)
Start importing Assets/Packages/Universal Sound FX/RETRO_LOFI/LOFI_Explosion_12_mono.wav using Guid(1ee3570da51a8054ca2836c43afac07e) Importer(815301076,1909f56bfc062723c751e8b465ee728b)  -> (artifact id: '4c7afd1847ae1c6aeac911fd7627122b') in 0.021171 seconds
Number of updated asset objects reloaded before import = 0
Number of asset objects unloaded after import = 2
========================================================================
Received Import Request.
  Time since last request: 0.006631 seconds.
  path: Assets/Packages/Universal Sound FX/RETRO_LOFI/LOFI_Glass_01_mono.wav
  artifactKey: Guid(e7772bda23f36ae4a90135f346b41ab2) Importer(815301076,1909f56bfc062723c751e8b465ee728b)
Start importing Assets/Packages/Universal Sound FX/RETRO_LOFI/LOFI_Glass_01_mono.wav using Guid(e7772bda23f36ae4a90135f346b41ab2) Importer(815301076,1909f56bfc062723c751e8b465ee728b)  -> (artifact id: '1c905854bc12450492171bc52a266f72') in 0.019634 seconds
Number of updated asset objects reloaded before import = 0
Number of asset objects unloaded after import = 2
========================================================================
Received Import Request.
  Time since last request: 0.007200 seconds.
  path: Assets/Packages/Universal Sound FX/RETRO_LOFI/LOFI_Glass_03_mono.wav
  artifactKey: Guid(2b2cdc32456cd7e49aa666cb546ccd2e) Importer(815301076,1909f56bfc062723c751e8b465ee728b)
Start importing Assets/Packages/Universal Sound FX/RETRO_LOFI/LOFI_Glass_03_mono.wav using Guid(2b2cdc32456cd7e49aa666cb546ccd2e) Importer(815301076,1909f56bfc062723c751e8b465ee728b)  -> (artifact id: '42ac8194ddd8e7d5e9f7fbf06dafae4e') in 0.019356 seconds
Number of updated asset objects reloaded before import = 0
Number of asset objects unloaded after import = 2
========================================================================
Received Import Request.
  Time since last request: 0.006578 seconds.
  path: Assets/Packages/Universal Sound FX/RETRO_LOFI/LOFI_Growl_02_mono.wav
  artifactKey: Guid(84cc2b0047a2fc24cbffc1d6874f6bf2) Importer(815301076,1909f56bfc062723c751e8b465ee728b)
Start importing Assets/Packages/Universal Sound FX/RETRO_LOFI/LOFI_Growl_02_mono.wav using Guid(84cc2b0047a2fc24cbffc1d6874f6bf2) Importer(815301076,1909f56bfc062723c751e8b465ee728b)  -> (artifact id: '13df92a92f799f57741d55c541202d33') in 0.019585 seconds
Number of updated asset objects reloaded before import = 0
Number of asset objects unloaded after import = 2
========================================================================
Received Import Request.
  Time since last request: 0.006779 seconds.
  path: Assets/Packages/Universal Sound FX/RETRO_LOFI/LOFI_Growl_04_mono.wav
  artifactKey: Guid(4467063886a26484eb50138f74c78e8a) Importer(815301076,1909f56bfc062723c751e8b465ee728b)
Start importing Assets/Packages/Universal Sound FX/RETRO_LOFI/LOFI_Growl_04_mono.wav using Guid(4467063886a26484eb50138f74c78e8a) Importer(815301076,1909f56bfc062723c751e8b465ee728b)  -> (artifact id: 'f84c6d892777ae8afd8d5d2d2a14787a') in 0.019375 seconds
Number of updated asset objects reloaded before import = 0
Number of asset objects unloaded after import = 2
========================================================================
Received Import Request.
  Time since last request: 0.006417 seconds.
  path: Assets/Packages/Universal Sound FX/RETRO_LOFI/LOFI_Marching_01_mono.wav
  artifactKey: Guid(a97795f3521b6034891761943578d5fc) Importer(815301076,1909f56bfc062723c751e8b465ee728b)
Start importing Assets/Packages/Universal Sound FX/RETRO_LOFI/LOFI_Marching_01_mono.wav using Guid(a97795f3521b6034891761943578d5fc) Importer(815301076,1909f56bfc062723c751e8b465ee728b)  -> (artifact id: 'edd937e035d1089dcdb1f52feb89826c') in 0.022199 seconds
Number of updated asset objects reloaded before import = 0
Number of asset objects unloaded after import = 2
========================================================================
Received Prepare
Begin MonoManager ReloadAssembly
C:\build\output\Unity-Technologies\mono\mono\metadata\icall.c:1842:
C:\build\output\Unity-Technologies\mono\mono\metadata\icall.c:1842:
C:\build\output\Unity-Technologies\mono\mono\metadata\icall.c:1842:
C:\build\output\Unity-Technologies\mono\mono\metadata\icall.c:1842:
C:\build\output\Unity-Technologies\mono\mono\metadata\icall.c:1842:
C:\build\output\Unity-Technologies\mono\mono\metadata\icall.c:1842:
C:\build\output\Unity-Technologies\mono\mono\metadata\icall.c:1842:
C:\build\output\Unity-Technologies\mono\mono\metadata\icall.c:1842:
C:\build\output\Unity-Technologies\mono\mono\metadata\icall.c:1842:
C:\build\output\Unity-Technologies\mono\mono\metadata\icall.c:1842:
C:\build\output\Unity-Technologies\mono\mono\metadata\icall.c:1842:
C:\build\output\Unity-Technologies\mono\mono\metadata\icall.c:1842:
- Loaded All Assemblies, in  0.585 seconds
Refreshing native plugins compatible for Editor in 0.55 ms, found 0 plugins.
Native extension for Android target not found
Native extension for WindowsStandalone target not found
Mono: successfully reloaded assembly
- Finished resetting the current domain, in  0.492 seconds
Domain Reload Profiling: 1073ms
	BeginReloadAssembly (200ms)
		ExecutionOrderSort (0ms)
		DisableScriptedObjects (9ms)
		BackupInstance (0ms)
		ReleaseScriptingObjects (0ms)
		CreateAndSetChildDomain (39ms)
	RebuildCommonClasses (39ms)
	RebuildNativeTypeToScriptingClass (13ms)
	initialDomainReloadingComplete (30ms)
	LoadAllAssembliesAndSetupDomain (299ms)
		LoadAssemblies (234ms)
		RebuildTransferFunctionScriptingTraits (0ms)
		AnalyzeDomain (173ms)
			TypeCache.Refresh (168ms)
				TypeCache.ScanAssembly (161ms)
			ScanForSourceGeneratedMonoScriptInfo (1ms)
			ResolveRequiredComponents (3ms)
	FinalizeReload (492ms)
		ReleaseScriptCaches (0ms)
		RebuildScriptCaches (0ms)
		SetupLoadedEditorAssemblies (255ms)
			LogAssemblyErrors (0ms)
			InitializePlatformSupportModulesInManaged (26ms)
			SetLoadedEditorAssemblies (2ms)
			BeforeProcessingInitializeOnLoad (55ms)
			ProcessInitializeOnLoadAttributes (141ms)
			ProcessInitializeOnLoadMethodAttributes (22ms)
			AfterProcessingInitializeOnLoad (8ms)
			EditorAssembliesLoaded (0ms)
		ExecutionOrderSort2 (0ms)
		AwakeInstancesAfterBackupRestoration (6ms)
Refreshing native plugins compatible for Editor in 0.51 ms, found 0 plugins.
Preloading 0 native plugins for Editor in 0.00 ms.
Unloading 478 Unused Serialized files (Serialized files now loaded: 0)
Unloading 6 unused Assets / (164.7 KB). Loaded Objects now: 1053.
Memory consumption went from 68.8 MB to 68.6 MB.
Total: 3.902800 ms (FindLiveObjects: 0.071900 ms CreateObjectMapping: 0.018100 ms MarkObjects: 3.674200 ms  DeleteObjects: 0.137700 ms)

Prepare: number of updated asset objects reloaded= 0
AssetImportParameters requested are different than current active one (requested -> active):
  custom:container-demuxer-ogg: 62fdf1f143b41e24485cea50d1cbac27 -> 
  custom:video-decoder-ogg-theora: a1e56fd34408186e4bbccfd4996cb3dc -> 
  custom:framework-win-MediaFoundation: 216162199b28c13a410421893ffa2e32 -> 
  custom:CustomObjectIndexerAttribute: 756ad292c208cfabdd7b50bc23989ffe -> 
  custom:container-demuxer-webm: 4f35f7cbe854078d1ac9338744f61a02 -> 
  custom:container-muxer-webm: aa71ff27fc2769a1b78a27578f13a17b -> 
  custom:video-decoder-webm-vp8: 9c59270c3fd7afecdb556c50c9e8de78 -> 
  custom:SearchIndexIgnoredProperties: e643bd26f0fe6173181afceb89e7c659 -> 
  custom:AudioImporter_EditorPlatform: d09bf68614088b80899f8185d706f6e7 -> 
  custom:video-encoder-webm-vp8: eb34c28f22e8b96e1ab97ce403110664 -> 
  custom:audio-decoder-ogg-vorbis: bf7c407c2cedff20999df2af8eb42d56 -> 
  custom:audio-encoder-webm-vorbis: bf7c407c2cedff20999df2af8eb42d56 -> 
========================================================================
Received Prepare
Begin MonoManager ReloadAssembly
C:\build\output\Unity-Technologies\mono\mono\metadata\icall.c:1842:
C:\build\output\Unity-Technologies\mono\mono\metadata\icall.c:1842:
C:\build\output\Unity-Technologies\mono\mono\metadata\icall.c:1842:
C:\build\output\Unity-Technologies\mono\mono\metadata\icall.c:1842:
C:\build\output\Unity-Technologies\mono\mono\metadata\icall.c:1842:
C:\build\output\Unity-Technologies\mono\mono\metadata\icall.c:1842:
C:\build\output\Unity-Technologies\mono\mono\metadata\icall.c:1842:
C:\build\output\Unity-Technologies\mono\mono\metadata\icall.c:1842:
C:\build\output\Unity-Technologies\mono\mono\metadata\icall.c:1842:
C:\build\output\Unity-Technologies\mono\mono\metadata\icall.c:1842:
C:\build\output\Unity-Technologies\mono\mono\metadata\icall.c:1842:
C:\build\output\Unity-Technologies\mono\mono\metadata\icall.c:1842:
- Loaded All Assemblies, in  0.573 seconds
Refreshing native plugins compatible for Editor in 0.58 ms, found 0 plugins.
Native extension for Android target not found
Native extension for WindowsStandalone target not found
Mono: successfully reloaded assembly
- Finished resetting the current domain, in  0.491 seconds
Domain Reload Profiling: 1060ms
	BeginReloadAssembly (191ms)
		ExecutionOrderSort (0ms)
		DisableScriptedObjects (7ms)
		BackupInstance (0ms)
		ReleaseScriptingObjects (0ms)
		CreateAndSetChildDomain (38ms)
	RebuildCommonClasses (42ms)
	RebuildNativeTypeToScriptingClass (13ms)
	initialDomainReloadingComplete (30ms)
	LoadAllAssembliesAndSetupDomain (293ms)
		LoadAssemblies (230ms)
		RebuildTransferFunctionScriptingTraits (0ms)
		AnalyzeDomain (170ms)
			TypeCache.Refresh (167ms)
				TypeCache.ScanAssembly (160ms)
			ScanForSourceGeneratedMonoScriptInfo (0ms)
			ResolveRequiredComponents (3ms)
	FinalizeReload (491ms)
		ReleaseScriptCaches (0ms)
		RebuildScriptCaches (0ms)
		SetupLoadedEditorAssemblies (255ms)
			LogAssemblyErrors (0ms)
			InitializePlatformSupportModulesInManaged (27ms)
			SetLoadedEditorAssemblies (2ms)
			BeforeProcessingInitializeOnLoad (56ms)
			ProcessInitializeOnLoadAttributes (140ms)
			ProcessInitializeOnLoadMethodAttributes (21ms)
			AfterProcessingInitializeOnLoad (8ms)
			EditorAssembliesLoaded (0ms)
		ExecutionOrderSort2 (0ms)
		AwakeInstancesAfterBackupRestoration (6ms)
Refreshing native plugins compatible for Editor in 0.49 ms, found 0 plugins.
Preloading 0 native plugins for Editor in 0.00 ms.
Unloading 479 Unused Serialized files (Serialized files now loaded: 0)
Unloading 6 unused Assets / (164.5 KB). Loaded Objects now: 1053.
Memory consumption went from 69.1 MB to 68.9 MB.
Total: 3.649100 ms (FindLiveObjects: 0.072200 ms CreateObjectMapping: 0.020900 ms MarkObjects: 3.421600 ms  DeleteObjects: 0.133200 ms)

Prepare: number of updated asset objects reloaded= 0
AssetImportParameters requested are different than current active one (requested -> active):
  custom:container-demuxer-ogg: 62fdf1f143b41e24485cea50d1cbac27 -> 
  custom:video-decoder-ogg-theora: a1e56fd34408186e4bbccfd4996cb3dc -> 
  custom:framework-win-MediaFoundation: 216162199b28c13a410421893ffa2e32 -> 
  custom:CustomObjectIndexerAttribute: 756ad292c208cfabdd7b50bc23989ffe -> 
  custom:container-demuxer-webm: 4f35f7cbe854078d1ac9338744f61a02 -> 
  custom:container-muxer-webm: aa71ff27fc2769a1b78a27578f13a17b -> 
  custom:video-decoder-webm-vp8: 9c59270c3fd7afecdb556c50c9e8de78 -> 
  custom:SearchIndexIgnoredProperties: e643bd26f0fe6173181afceb89e7c659 -> 
  custom:AudioImporter_EditorPlatform: d09bf68614088b80899f8185d706f6e7 -> 
  custom:video-encoder-webm-vp8: eb34c28f22e8b96e1ab97ce403110664 -> 
  custom:audio-decoder-ogg-vorbis: bf7c407c2cedff20999df2af8eb42d56 -> 
  custom:audio-encoder-webm-vorbis: bf7c407c2cedff20999df2af8eb42d56 -> 
========================================================================
Received Prepare
Begin MonoManager ReloadAssembly
C:\build\output\Unity-Technologies\mono\mono\metadata\icall.c:1842:
C:\build\output\Unity-Technologies\mono\mono\metadata\icall.c:1842:
C:\build\output\Unity-Technologies\mono\mono\metadata\icall.c:1842:
C:\build\output\Unity-Technologies\mono\mono\metadata\icall.c:1842:
C:\build\output\Unity-Technologies\mono\mono\metadata\icall.c:1842:
C:\build\output\Unity-Technologies\mono\mono\metadata\icall.c:1842:
C:\build\output\Unity-Technologies\mono\mono\metadata\icall.c:1842:
C:\build\output\Unity-Technologies\mono\mono\metadata\icall.c:1842:
C:\build\output\Unity-Technologies\mono\mono\metadata\icall.c:1842:
C:\build\output\Unity-Technologies\mono\mono\metadata\icall.c:1842:
C:\build\output\Unity-Technologies\mono\mono\metadata\icall.c:1842:
C:\build\output\Unity-Technologies\mono\mono\metadata\icall.c:1842:
- Loaded All Assemblies, in  0.575 seconds
Refreshing native plugins compatible for Editor in 0.52 ms, found 0 plugins.
Native extension for Android target not found
Native extension for WindowsStandalone target not found
Mono: successfully reloaded assembly
- Finished resetting the current domain, in  0.487 seconds
Domain Reload Profiling: 1059ms
	BeginReloadAssembly (194ms)
		ExecutionOrderSort (0ms)
		DisableScriptedObjects (7ms)
		BackupInstance (0ms)
		ReleaseScriptingObjects (0ms)
		CreateAndSetChildDomain (38ms)
	RebuildCommonClasses (38ms)
	RebuildNativeTypeToScriptingClass (13ms)
	initialDomainReloadingComplete (30ms)
	LoadAllAssembliesAndSetupDomain (296ms)
		LoadAssemblies (235ms)
		RebuildTransferFunctionScriptingTraits (0ms)
		AnalyzeDomain (172ms)
			TypeCache.Refresh (168ms)
				TypeCache.ScanAssembly (161ms)
			ScanForSourceGeneratedMonoScriptInfo (0ms)
			ResolveRequiredComponents (3ms)
	FinalizeReload (488ms)
		ReleaseScriptCaches (0ms)
		RebuildScriptCaches (0ms)
		SetupLoadedEditorAssemblies (253ms)
			LogAssemblyErrors (0ms)
			InitializePlatformSupportModulesInManaged (26ms)
			SetLoadedEditorAssemblies (2ms)
			BeforeProcessingInitializeOnLoad (55ms)
			ProcessInitializeOnLoadAttributes (141ms)
			ProcessInitializeOnLoadMethodAttributes (21ms)
			AfterProcessingInitializeOnLoad (8ms)
			EditorAssembliesLoaded (0ms)
		ExecutionOrderSort2 (0ms)
		AwakeInstancesAfterBackupRestoration (6ms)
Refreshing native plugins compatible for Editor in 0.56 ms, found 0 plugins.
Preloading 0 native plugins for Editor in 0.00 ms.
Unloading 479 Unused Serialized files (Serialized files now loaded: 0)
Unloading 6 unused Assets / (164.7 KB). Loaded Objects now: 1053.
Memory consumption went from 69.0 MB to 68.9 MB.
Total: 5.619500 ms (FindLiveObjects: 0.069700 ms CreateObjectMapping: 0.015800 ms MarkObjects: 5.336400 ms  DeleteObjects: 0.196500 ms)

Prepare: number of updated asset objects reloaded= 0
AssetImportParameters requested are different than current active one (requested -> active):
  custom:container-demuxer-ogg: 62fdf1f143b41e24485cea50d1cbac27 -> 
  custom:video-decoder-ogg-theora: a1e56fd34408186e4bbccfd4996cb3dc -> 
  custom:framework-win-MediaFoundation: 216162199b28c13a410421893ffa2e32 -> 
  custom:CustomObjectIndexerAttribute: 756ad292c208cfabdd7b50bc23989ffe -> 
  custom:container-demuxer-webm: 4f35f7cbe854078d1ac9338744f61a02 -> 
  custom:container-muxer-webm: aa71ff27fc2769a1b78a27578f13a17b -> 
  custom:video-decoder-webm-vp8: 9c59270c3fd7afecdb556c50c9e8de78 -> 
  custom:SearchIndexIgnoredProperties: e643bd26f0fe6173181afceb89e7c659 -> 
  custom:AudioImporter_EditorPlatform: d09bf68614088b80899f8185d706f6e7 -> 
  custom:video-encoder-webm-vp8: eb34c28f22e8b96e1ab97ce403110664 -> 
  custom:audio-decoder-ogg-vorbis: bf7c407c2cedff20999df2af8eb42d56 -> 
  custom:audio-encoder-webm-vorbis: bf7c407c2cedff20999df2af8eb42d56 -> 
========================================================================
Received Prepare
Begin MonoManager ReloadAssembly
C:\build\output\Unity-Technologies\mono\mono\metadata\icall.c:1842:
C:\build\output\Unity-Technologies\mono\mono\metadata\icall.c:1842:
C:\build\output\Unity-Technologies\mono\mono\metadata\icall.c:1842:
C:\build\output\Unity-Technologies\mono\mono\metadata\icall.c:1842:
C:\build\output\Unity-Technologies\mono\mono\metadata\icall.c:1842:
C:\build\output\Unity-Technologies\mono\mono\metadata\icall.c:1842:
C:\build\output\Unity-Technologies\mono\mono\metadata\icall.c:1842:
C:\build\output\Unity-Technologies\mono\mono\metadata\icall.c:1842:
C:\build\output\Unity-Technologies\mono\mono\metadata\icall.c:1842:
C:\build\output\Unity-Technologies\mono\mono\metadata\icall.c:1842:
C:\build\output\Unity-Technologies\mono\mono\metadata\icall.c:1842:
C:\build\output\Unity-Technologies\mono\mono\metadata\icall.c:1842:
- Loaded All Assemblies, in  0.580 seconds
Refreshing native plugins compatible for Editor in 0.49 ms, found 0 plugins.
Native extension for Android target not found
Native extension for WindowsStandalone target not found
Mono: successfully reloaded assembly
- Finished resetting the current domain, in  0.491 seconds
Domain Reload Profiling: 1067ms
	BeginReloadAssembly (192ms)
		ExecutionOrderSort (0ms)
		DisableScriptedObjects (7ms)
		BackupInstance (0ms)
		ReleaseScriptingObjects (0ms)
		CreateAndSetChildDomain (36ms)
	RebuildCommonClasses (39ms)
	RebuildNativeTypeToScriptingClass (13ms)
	initialDomainReloadingComplete (31ms)
	LoadAllAssembliesAndSetupDomain (301ms)
		LoadAssemblies (238ms)
		RebuildTransferFunctionScriptingTraits (0ms)
		AnalyzeDomain (172ms)
			TypeCache.Refresh (168ms)
				TypeCache.ScanAssembly (162ms)
			ScanForSourceGeneratedMonoScriptInfo (1ms)
			ResolveRequiredComponents (3ms)
	FinalizeReload (491ms)
		ReleaseScriptCaches (0ms)
		RebuildScriptCaches (0ms)
		SetupLoadedEditorAssemblies (254ms)
			LogAssemblyErrors (0ms)
			InitializePlatformSupportModulesInManaged (27ms)
			SetLoadedEditorAssemblies (2ms)
			BeforeProcessingInitializeOnLoad (54ms)
			ProcessInitializeOnLoadAttributes (141ms)
			ProcessInitializeOnLoadMethodAttributes (21ms)
			AfterProcessingInitializeOnLoad (8ms)
			EditorAssembliesLoaded (0ms)
		ExecutionOrderSort2 (0ms)
		AwakeInstancesAfterBackupRestoration (6ms)
Refreshing native plugins compatible for Editor in 0.52 ms, found 0 plugins.
Preloading 0 native plugins for Editor in 0.00 ms.
Unloading 479 Unused Serialized files (Serialized files now loaded: 0)
Unloading 6 unused Assets / (164.6 KB). Loaded Objects now: 1053.
Memory consumption went from 69.0 MB to 68.9 MB.
Total: 3.955800 ms (FindLiveObjects: 0.079200 ms CreateObjectMapping: 0.022200 ms MarkObjects: 3.714500 ms  DeleteObjects: 0.138900 ms)

Prepare: number of updated asset objects reloaded= 0
AssetImportParameters requested are different than current active one (requested -> active):
  custom:container-demuxer-ogg: 62fdf1f143b41e24485cea50d1cbac27 -> 
  custom:video-decoder-ogg-theora: a1e56fd34408186e4bbccfd4996cb3dc -> 
  custom:framework-win-MediaFoundation: 216162199b28c13a410421893ffa2e32 -> 
  custom:CustomObjectIndexerAttribute: 756ad292c208cfabdd7b50bc23989ffe -> 
  custom:container-demuxer-webm: 4f35f7cbe854078d1ac9338744f61a02 -> 
  custom:container-muxer-webm: aa71ff27fc2769a1b78a27578f13a17b -> 
  custom:video-decoder-webm-vp8: 9c59270c3fd7afecdb556c50c9e8de78 -> 
  custom:SearchIndexIgnoredProperties: e643bd26f0fe6173181afceb89e7c659 -> 
  custom:AudioImporter_EditorPlatform: d09bf68614088b80899f8185d706f6e7 -> 
  custom:video-encoder-webm-vp8: eb34c28f22e8b96e1ab97ce403110664 -> 
  custom:audio-decoder-ogg-vorbis: bf7c407c2cedff20999df2af8eb42d56 -> 
  custom:audio-encoder-webm-vorbis: bf7c407c2cedff20999df2af8eb42d56 -> 
========================================================================
Received Import Request.
  Time since last request: 595.217915 seconds.
  path: Assets/Audio/Profiles/ConventionalFirearm.asset
  artifactKey: Guid(ac62427209487304a8381cbe6228e48d) Importer(815301076,1909f56bfc062723c751e8b465ee728b)
Start importing Assets/Audio/Profiles/ConventionalFirearm.asset using Guid(ac62427209487304a8381cbe6228e48d) Importer(815301076,1909f56bfc062723c751e8b465ee728b)  -> (artifact id: '8b4cc213d6a6035c11868b05401667d8') in 0.040268 seconds
Number of updated asset objects reloaded before import = 0
Number of asset objects unloaded after import = 10
========================================================================
Received Prepare
Begin MonoManager ReloadAssembly
C:\build\output\Unity-Technologies\mono\mono\metadata\icall.c:1842:
C:\build\output\Unity-Technologies\mono\mono\metadata\icall.c:1842:
C:\build\output\Unity-Technologies\mono\mono\metadata\icall.c:1842:
C:\build\output\Unity-Technologies\mono\mono\metadata\icall.c:1842:
C:\build\output\Unity-Technologies\mono\mono\metadata\icall.c:1842:
C:\build\output\Unity-Technologies\mono\mono\metadata\icall.c:1842:
C:\build\output\Unity-Technologies\mono\mono\metadata\icall.c:1842:
C:\build\output\Unity-Technologies\mono\mono\metadata\icall.c:1842:
C:\build\output\Unity-Technologies\mono\mono\metadata\icall.c:1842:
C:\build\output\Unity-Technologies\mono\mono\metadata\icall.c:1842:
C:\build\output\Unity-Technologies\mono\mono\metadata\icall.c:1842:
C:\build\output\Unity-Technologies\mono\mono\metadata\icall.c:1842:
- Loaded All Assemblies, in  0.579 seconds
Refreshing native plugins compatible for Editor in 0.49 ms, found 0 plugins.
Native extension for Android target not found
Native extension for WindowsStandalone target not found
Mono: successfully reloaded assembly
- Finished resetting the current domain, in  0.505 seconds
Domain Reload Profiling: 1080ms
	BeginReloadAssembly (192ms)
		ExecutionOrderSort (0ms)
		DisableScriptedObjects (6ms)
		BackupInstance (0ms)
		ReleaseScriptingObjects (0ms)
		CreateAndSetChildDomain (37ms)
	RebuildCommonClasses (38ms)
	RebuildNativeTypeToScriptingClass (13ms)
	initialDomainReloadingComplete (30ms)
	LoadAllAssembliesAndSetupDomain (303ms)
		LoadAssemblies (236ms)
		RebuildTransferFunctionScriptingTraits (0ms)
		AnalyzeDomain (176ms)
			TypeCache.Refresh (173ms)
				TypeCache.ScanAssembly (166ms)
			ScanForSourceGeneratedMonoScriptInfo (0ms)
			ResolveRequiredComponents (3ms)
	FinalizeReload (505ms)
		ReleaseScriptCaches (0ms)
		RebuildScriptCaches (0ms)
		SetupLoadedEditorAssemblies (260ms)
			LogAssemblyErrors (0ms)
			InitializePlatformSupportModulesInManaged (35ms)
			SetLoadedEditorAssemblies (2ms)
			BeforeProcessingInitializeOnLoad (54ms)
			ProcessInitializeOnLoadAttributes (140ms)
			ProcessInitializeOnLoadMethodAttributes (21ms)
			AfterProcessingInitializeOnLoad (8ms)
			EditorAssembliesLoaded (0ms)
		ExecutionOrderSort2 (0ms)
		AwakeInstancesAfterBackupRestoration (6ms)
Refreshing native plugins compatible for Editor in 0.51 ms, found 0 plugins.
Preloading 0 native plugins for Editor in 0.00 ms.
Unloading 478 Unused Serialized files (Serialized files now loaded: 0)
Unloading 6 unused Assets / (164.5 KB). Loaded Objects now: 1053.
Memory consumption went from 68.8 MB to 68.6 MB.
Total: 3.660900 ms (FindLiveObjects: 0.075700 ms CreateObjectMapping: 0.020200 ms MarkObjects: 3.436500 ms  DeleteObjects: 0.126900 ms)

Prepare: number of updated asset objects reloaded= 0
AssetImportParameters requested are different than current active one (requested -> active):
  custom:container-demuxer-ogg: 62fdf1f143b41e24485cea50d1cbac27 -> 
  custom:video-decoder-ogg-theora: a1e56fd34408186e4bbccfd4996cb3dc -> 
  custom:framework-win-MediaFoundation: 216162199b28c13a410421893ffa2e32 -> 
  custom:CustomObjectIndexerAttribute: 756ad292c208cfabdd7b50bc23989ffe -> 
  custom:container-demuxer-webm: 4f35f7cbe854078d1ac9338744f61a02 -> 
  custom:container-muxer-webm: aa71ff27fc2769a1b78a27578f13a17b -> 
  custom:video-decoder-webm-vp8: 9c59270c3fd7afecdb556c50c9e8de78 -> 
  custom:SearchIndexIgnoredProperties: e643bd26f0fe6173181afceb89e7c659 -> 
  custom:AudioImporter_EditorPlatform: d09bf68614088b80899f8185d706f6e7 -> 
  custom:video-encoder-webm-vp8: eb34c28f22e8b96e1ab97ce403110664 -> 
  custom:audio-decoder-ogg-vorbis: bf7c407c2cedff20999df2af8eb42d56 -> 
  custom:audio-encoder-webm-vorbis: bf7c407c2cedff20999df2af8eb42d56 -> 
========================================================================
Received Prepare
Begin MonoManager ReloadAssembly
C:\build\output\Unity-Technologies\mono\mono\metadata\icall.c:1842:
C:\build\output\Unity-Technologies\mono\mono\metadata\icall.c:1842:
C:\build\output\Unity-Technologies\mono\mono\metadata\icall.c:1842:
C:\build\output\Unity-Technologies\mono\mono\metadata\icall.c:1842:
C:\build\output\Unity-Technologies\mono\mono\metadata\icall.c:1842:
C:\build\output\Unity-Technologies\mono\mono\metadata\icall.c:1842:
C:\build\output\Unity-Technologies\mono\mono\metadata\icall.c:1842:
C:\build\output\Unity-Technologies\mono\mono\metadata\icall.c:1842:
C:\build\output\Unity-Technologies\mono\mono\metadata\icall.c:1842:
C:\build\output\Unity-Technologies\mono\mono\metadata\icall.c:1842:
C:\build\output\Unity-Technologies\mono\mono\metadata\icall.c:1842:
C:\build\output\Unity-Technologies\mono\mono\metadata\icall.c:1842:
- Loaded All Assemblies, in  0.619 seconds
Refreshing native plugins compatible for Editor in 0.52 ms, found 0 plugins.
Native extension for Android target not found
Native extension for WindowsStandalone target not found
Mono: successfully reloaded assembly
- Finished resetting the current domain, in  0.569 seconds
Domain Reload Profiling: 1185ms
	BeginReloadAssembly (194ms)
		ExecutionOrderSort (0ms)
		DisableScriptedObjects (7ms)
		BackupInstance (0ms)
		ReleaseScriptingObjects (0ms)
		CreateAndSetChildDomain (42ms)
	RebuildCommonClasses (40ms)
	RebuildNativeTypeToScriptingClass (15ms)
	initialDomainReloadingComplete (34ms)
	LoadAllAssembliesAndSetupDomain (332ms)
		LoadAssemblies (263ms)
		RebuildTransferFunctionScriptingTraits (0ms)
		AnalyzeDomain (176ms)
			TypeCache.Refresh (171ms)
				TypeCache.ScanAssembly (164ms)
			ScanForSourceGeneratedMonoScriptInfo (1ms)
			ResolveRequiredComponents (3ms)
	FinalizeReload (569ms)
		ReleaseScriptCaches (0ms)
		RebuildScriptCaches (0ms)
		SetupLoadedEditorAssemblies (278ms)
			LogAssemblyErrors (0ms)
			InitializePlatformSupportModulesInManaged (26ms)
			SetLoadedEditorAssemblies (3ms)
			BeforeProcessingInitializeOnLoad (55ms)
			ProcessInitializeOnLoadAttributes (146ms)
			ProcessInitializeOnLoadMethodAttributes (33ms)
			AfterProcessingInitializeOnLoad (15ms)
			EditorAssembliesLoaded (0ms)
		ExecutionOrderSort2 (0ms)
		AwakeInstancesAfterBackupRestoration (8ms)
Refreshing native plugins compatible for Editor in 0.60 ms, found 0 plugins.
Preloading 0 native plugins for Editor in 0.00 ms.
Unloading 480 Unused Serialized files (Serialized files now loaded: 0)
Unloading 6 unused Assets / (164.5 KB). Loaded Objects now: 1054.
Memory consumption went from 69.1 MB to 68.9 MB.
Total: 5.623800 ms (FindLiveObjects: 0.184100 ms CreateObjectMapping: 0.019800 ms MarkObjects: 5.250800 ms  DeleteObjects: 0.166500 ms)

Prepare: number of updated asset objects reloaded= 0
AssetImportParameters requested are different than current active one (requested -> active):
  custom:container-demuxer-ogg: 62fdf1f143b41e24485cea50d1cbac27 -> 
  custom:video-decoder-ogg-theora: a1e56fd34408186e4bbccfd4996cb3dc -> 
  custom:framework-win-MediaFoundation: 216162199b28c13a410421893ffa2e32 -> 
  custom:CustomObjectIndexerAttribute: 756ad292c208cfabdd7b50bc23989ffe -> 
  custom:container-demuxer-webm: 4f35f7cbe854078d1ac9338744f61a02 -> 
  custom:container-muxer-webm: aa71ff27fc2769a1b78a27578f13a17b -> 
  custom:video-decoder-webm-vp8: 9c59270c3fd7afecdb556c50c9e8de78 -> 
  custom:SearchIndexIgnoredProperties: e643bd26f0fe6173181afceb89e7c659 -> 
  custom:AudioImporter_EditorPlatform: d09bf68614088b80899f8185d706f6e7 -> 
  custom:video-encoder-webm-vp8: eb34c28f22e8b96e1ab97ce403110664 -> 
  custom:audio-decoder-ogg-vorbis: bf7c407c2cedff20999df2af8eb42d56 -> 
  custom:audio-encoder-webm-vorbis: bf7c407c2cedff20999df2af8eb42d56 -> 
========================================================================
Received Prepare
Begin MonoManager ReloadAssembly
C:\build\output\Unity-Technologies\mono\mono\metadata\icall.c:1842:
C:\build\output\Unity-Technologies\mono\mono\metadata\icall.c:1842:
C:\build\output\Unity-Technologies\mono\mono\metadata\icall.c:1842:
C:\build\output\Unity-Technologies\mono\mono\metadata\icall.c:1842:
C:\build\output\Unity-Technologies\mono\mono\metadata\icall.c:1842:
C:\build\output\Unity-Technologies\mono\mono\metadata\icall.c:1842:
C:\build\output\Unity-Technologies\mono\mono\metadata\icall.c:1842:
C:\build\output\Unity-Technologies\mono\mono\metadata\icall.c:1842:
C:\build\output\Unity-Technologies\mono\mono\metadata\icall.c:1842:
C:\build\output\Unity-Technologies\mono\mono\metadata\icall.c:1842:
C:\build\output\Unity-Technologies\mono\mono\metadata\icall.c:1842:
C:\build\output\Unity-Technologies\mono\mono\metadata\icall.c:1842:
- Loaded All Assemblies, in  0.639 seconds
Refreshing native plugins compatible for Editor in 0.54 ms, found 0 plugins.
Native extension for Android target not found
Native extension for WindowsStandalone target not found
Mono: successfully reloaded assembly
- Finished resetting the current domain, in  0.534 seconds
Domain Reload Profiling: 1170ms
	BeginReloadAssembly (201ms)
		ExecutionOrderSort (0ms)
		DisableScriptedObjects (10ms)
		BackupInstance (0ms)
		ReleaseScriptingObjects (0ms)
		CreateAndSetChildDomain (39ms)
	RebuildCommonClasses (40ms)
	RebuildNativeTypeToScriptingClass (13ms)
	initialDomainReloadingComplete (30ms)
	LoadAllAssembliesAndSetupDomain (352ms)
		LoadAssemblies (239ms)
		RebuildTransferFunctionScriptingTraits (0ms)
		AnalyzeDomain (222ms)
			TypeCache.Refresh (217ms)
				TypeCache.ScanAssembly (210ms)
			ScanForSourceGeneratedMonoScriptInfo (1ms)
			ResolveRequiredComponents (3ms)
	FinalizeReload (535ms)
		ReleaseScriptCaches (0ms)
		RebuildScriptCaches (0ms)
		SetupLoadedEditorAssemblies (270ms)
			LogAssemblyErrors (0ms)
			InitializePlatformSupportModulesInManaged (26ms)
			SetLoadedEditorAssemblies (3ms)
			BeforeProcessingInitializeOnLoad (56ms)
			ProcessInitializeOnLoadAttributes (154ms)
			ProcessInitializeOnLoadMethodAttributes (22ms)
			AfterProcessingInitializeOnLoad (8ms)
			EditorAssembliesLoaded (0ms)
		ExecutionOrderSort2 (0ms)
		AwakeInstancesAfterBackupRestoration (7ms)
Refreshing native plugins compatible for Editor in 0.48 ms, found 0 plugins.
Preloading 0 native plugins for Editor in 0.00 ms.
Unloading 480 Unused Serialized files (Serialized files now loaded: 0)
Unloading 6 unused Assets / (164.4 KB). Loaded Objects now: 1054.
Memory consumption went from 69.1 MB to 68.9 MB.
Total: 4.029400 ms (FindLiveObjects: 0.071200 ms CreateObjectMapping: 0.018200 ms MarkObjects: 3.815900 ms  DeleteObjects: 0.123300 ms)

Prepare: number of updated asset objects reloaded= 0
AssetImportParameters requested are different than current active one (requested -> active):
  custom:container-demuxer-ogg: 62fdf1f143b41e24485cea50d1cbac27 -> 
  custom:video-decoder-ogg-theora: a1e56fd34408186e4bbccfd4996cb3dc -> 
  custom:framework-win-MediaFoundation: 216162199b28c13a410421893ffa2e32 -> 
  custom:CustomObjectIndexerAttribute: 756ad292c208cfabdd7b50bc23989ffe -> 
  custom:container-demuxer-webm: 4f35f7cbe854078d1ac9338744f61a02 -> 
  custom:container-muxer-webm: aa71ff27fc2769a1b78a27578f13a17b -> 
  custom:video-decoder-webm-vp8: 9c59270c3fd7afecdb556c50c9e8de78 -> 
  custom:SearchIndexIgnoredProperties: e643bd26f0fe6173181afceb89e7c659 -> 
  custom:AudioImporter_EditorPlatform: d09bf68614088b80899f8185d706f6e7 -> 
  custom:video-encoder-webm-vp8: eb34c28f22e8b96e1ab97ce403110664 -> 
  custom:audio-decoder-ogg-vorbis: bf7c407c2cedff20999df2af8eb42d56 -> 
  custom:audio-encoder-webm-vorbis: bf7c407c2cedff20999df2af8eb42d56 -> 
========================================================================
Received Import Request.
  Time since last request: 2683.847227 seconds.
  path: Assets/Packages/ComboPack/SciFiSkin/Textures/ButtonLong2.psd
  artifactKey: Guid(59eb8b83abe06405b9f5be52ef76a72c) Importer(815301076,1909f56bfc062723c751e8b465ee728b)
Start importing Assets/Packages/ComboPack/SciFiSkin/Textures/ButtonLong2.psd using Guid(59eb8b83abe06405b9f5be52ef76a72c) Importer(815301076,1909f56bfc062723c751e8b465ee728b)  -> (artifact id: 'e958a713f4d348b3593bfb01b15b1780') in 0.095913 seconds
Number of updated asset objects reloaded before import = 0
Number of asset objects unloaded after import = 3
========================================================================
Received Import Request.
  Time since last request: 0.000019 seconds.
  path: Assets/Packages/ComboPack/SciFiSkin/Textures/Checkmark.psd
  artifactKey: Guid(9319ff00438fb49918acc080d9480d3f) Importer(815301076,1909f56bfc062723c751e8b465ee728b)
Start importing Assets/Packages/ComboPack/SciFiSkin/Textures/Checkmark.psd using Guid(9319ff00438fb49918acc080d9480d3f) Importer(815301076,1909f56bfc062723c751e8b465ee728b)  -> (artifact id: '0627d35cd70709945831a70663fa4058') in 0.018608 seconds
Number of updated asset objects reloaded before import = 0
Number of asset objects unloaded after import = 3
========================================================================
Received Import Request.
  Time since last request: 0.000641 seconds.
  path: Assets/Packages/ComboPack/SciFiSkin/Textures/VirtualButton1Top.psd
  artifactKey: Guid(f5bd5c0752f494748a1ba6fdeed8427f) Importer(815301076,1909f56bfc062723c751e8b465ee728b)
Start importing Assets/Packages/ComboPack/SciFiSkin/Textures/VirtualButton1Top.psd using Guid(f5bd5c0752f494748a1ba6fdeed8427f) Importer(815301076,1909f56bfc062723c751e8b465ee728b)  -> (artifact id: '6b89cd2c5693cf628c1deac165255435') in 0.024786 seconds
Number of updated asset objects reloaded before import = 0
Number of asset objects unloaded after import = 3
========================================================================
Received Import Request.
  Time since last request: 0.000020 seconds.
  path: Assets/Packages/ComboPack/SciFiSkin/Textures/VirtualButtonDPad1Top.psd
  artifactKey: Guid(623ac83c7e8f449e1afd11a0facfaa27) Importer(815301076,1909f56bfc062723c751e8b465ee728b)
Start importing Assets/Packages/ComboPack/SciFiSkin/Textures/VirtualButtonDPad1Top.psd using Guid(623ac83c7e8f449e1afd11a0facfaa27) Importer(815301076,1909f56bfc062723c751e8b465ee728b)  -> (artifact id: 'f210c99db0cdddb2f5b83c6dde1eac65') in 0.023002 seconds
Number of updated asset objects reloaded before import = 0
Number of asset objects unloaded after import = 3
========================================================================
Received Import Request.
  Time since last request: 0.000019 seconds.
  path: Assets/Packages/ComboPack/SciFiSkin/Textures/ButtonRed.psd
  artifactKey: Guid(6e04e9e15e75f409b8288d763e9a7a79) Importer(815301076,1909f56bfc062723c751e8b465ee728b)
Start importing Assets/Packages/ComboPack/SciFiSkin/Textures/ButtonRed.psd using Guid(6e04e9e15e75f409b8288d763e9a7a79) Importer(815301076,1909f56bfc062723c751e8b465ee728b)  -> (artifact id: 'be30503aae1f4ec4e2f7ece7c694351a') in 0.021864 seconds
Number of updated asset objects reloaded before import = 0
Number of asset objects unloaded after import = 3
========================================================================
Received Import Request.
  Time since last request: 0.000022 seconds.
  path: Assets/Packages/ComboPack/SciFiSkin/Textures/VirtualButton2Top.psd
  artifactKey: Guid(c70641b7e88f542d297b2e77b10e8392) Importer(815301076,1909f56bfc062723c751e8b465ee728b)
Start importing Assets/Packages/ComboPack/SciFiSkin/Textures/VirtualButton2Top.psd using Guid(c70641b7e88f542d297b2e77b10e8392) Importer(815301076,1909f56bfc062723c751e8b465ee728b)  -> (artifact id: '6c7bdc2975e6197574c405f120d617f4') in 0.025021 seconds
Number of updated asset objects reloaded before import = 0
Number of asset objects unloaded after import = 3
========================================================================
Received Import Request.
  Time since last request: 0.000029 seconds.
  path: Assets/Packages/ComboPack/SciFiSkin/Textures/VirtualButtonDPad1Bottom.psd
  artifactKey: Guid(ae80159dcc5b44b53a6d1bc74d54579e) Importer(815301076,1909f56bfc062723c751e8b465ee728b)
Start importing Assets/Packages/ComboPack/SciFiSkin/Textures/VirtualButtonDPad1Bottom.psd using Guid(ae80159dcc5b44b53a6d1bc74d54579e) Importer(815301076,1909f56bfc062723c751e8b465ee728b)  -> (artifact id: '45729d7d90dcc5db1f486f413a6047a8') in 0.022688 seconds
Number of updated asset objects reloaded before import = 0
Number of asset objects unloaded after import = 3
========================================================================
Received Import Request.
  Time since last request: 0.000019 seconds.
  path: Assets/Packages/ComboPack/SciFiSkin/Textures/TitleBackground2.psd
  artifactKey: Guid(1ee213b41cf2e4e2bb8a1401d4b10c33) Importer(815301076,1909f56bfc062723c751e8b465ee728b)
Start importing Assets/Packages/ComboPack/SciFiSkin/Textures/TitleBackground2.psd using Guid(1ee213b41cf2e4e2bb8a1401d4b10c33) Importer(815301076,1909f56bfc062723c751e8b465ee728b)  -> (artifact id: '97340bf1886f6d73fc54a9d514958956') in 0.016664 seconds
Number of updated asset objects reloaded before import = 0
Number of asset objects unloaded after import = 3
Editor requested this worker to shutdown with reason: Scaling down because of idle timeout
AssetImportWorker is now disconnected from the server
Process exiting
Exiting without the bug reporter. Application will terminate with return code 0