Using pre-set license
Built from '2023.1/staging' branch; Version is '2023.1.12f1 (38370f5b2257) revision 3684111'; Using compiler version '192829333'; Build Type 'Release'
OS: 'Windows 10  (10.0.19045) 64bit Core' Language: 'en' Physical Memory: 15774 MB
BatchMode: 1, IsHumanControllingUs: 0, StartBugReporterOnCrash: 0, Is64bit: 1, IsPro: 1

COMMAND LINE ARGUMENTS:
C:\Program Files\Unity\Hub\Editor\2023.1.12f1\Editor\Unity.exe
-adb2
-batchMode
-noUpm
-name
AssetImportWorker6
-projectPath
C:/Users/lewis/code/space_men
-logFile
Logs/AssetImportWorker6.log
-srvPort
57842
Successfully changed project path to: C:/Users/lewis/code/space_men
C:/Users/lewis/code/space_men
[UnityMemory] Configuration Parameters - Can be set up in boot.config
    "memorysetup-bucket-allocator-granularity=16"
    "memorysetup-bucket-allocator-bucket-count=8"
    "memorysetup-bucket-allocator-block-size=33554432"
    "memorysetup-bucket-allocator-block-count=8"
    "memorysetup-main-allocator-block-size=16777216"
    "memorysetup-thread-allocator-block-size=16777216"
    "memorysetup-gfx-main-allocator-block-size=16777216"
    "memorysetup-gfx-thread-allocator-block-size=16777216"
    "memorysetup-cache-allocator-block-size=4194304"
    "memorysetup-typetree-allocator-block-size=2097152"
    "memorysetup-profiler-bucket-allocator-granularity=16"
    "memorysetup-profiler-bucket-allocator-bucket-count=8"
    "memorysetup-profiler-bucket-allocator-block-size=33554432"
    "memorysetup-profiler-bucket-allocator-block-count=8"
    "memorysetup-profiler-allocator-block-size=16777216"
    "memorysetup-profiler-editor-allocator-block-size=1048576"
    "memorysetup-temp-allocator-size-main=16777216"
    "memorysetup-job-temp-allocator-block-size=2097152"
    "memorysetup-job-temp-allocator-block-size-background=1048576"
    "memorysetup-job-temp-allocator-reduction-small-platforms=262144"
    "memorysetup-allocator-temp-initial-block-size-main=262144"
    "memorysetup-allocator-temp-initial-block-size-worker=262144"
    "memorysetup-temp-allocator-size-background-worker=32768"
    "memorysetup-temp-allocator-size-job-worker=262144"
    "memorysetup-temp-allocator-size-preload-manager=33554432"
    "memorysetup-temp-allocator-size-nav-mesh-worker=65536"
    "memorysetup-temp-allocator-size-audio-worker=65536"
    "memorysetup-temp-allocator-size-cloud-worker=32768"
    "memorysetup-temp-allocator-size-gi-baking-worker=262144"
    "memorysetup-temp-allocator-size-gfx=262144"
Player connection [22016] Host "[IP] 192.168.1.119 [Port] 0 [Flags] 2 [Guid] 887127243 [EditorId] 887127243 [Version] 1048832 [Id] WindowsEditor(7,BATMAN) [Debug] 1 [PackageName] WindowsEditor [ProjectName] Editor" joined multi-casting on [225.0.0.222:54997]...

Player connection [22016] Host "[IP] 192.168.1.119 [Port] 0 [Flags] 2 [Guid] 887127243 [EditorId] 887127243 [Version] 1048832 [Id] WindowsEditor(7,BATMAN) [Debug] 1 [PackageName] WindowsEditor [ProjectName] Editor" joined alternative multi-casting on [225.0.0.222:34997]...

[Physics::Module] Initialized MultithreadedJobDispatcher with 15 workers.
Library Redirect Path: Library/Refreshing native plugins compatible for Editor in 10.06 ms, found 2 plugins.
Preloading 0 native plugins for Editor in 0.00 ms.
Initialize engine version: 2023.1.12f1 (38370f5b2257)
[Subsystems] Discovering subsystems at path C:/Program Files/Unity/Hub/Editor/2023.1.12f1/Editor/Data/Resources/UnitySubsystems
[Subsystems] Discovering subsystems at path C:/Users/lewis/code/space_men/Assets
GfxDevice: creating device client; threaded=0; jobified=0
Direct3D:
    Version:  Direct3D 11.0 [level 11.1]
    Renderer: NVIDIA GeForce RTX 3070 Laptop GPU (ID=0x249d)
    Vendor:   NVIDIA
    VRAM:     8033 MB
    Driver:   31.0.15.3667
Initialize mono
Mono path[0] = 'C:/Program Files/Unity/Hub/Editor/2023.1.12f1/Editor/Data/Managed'
Mono path[1] = 'C:/Program Files/Unity/Hub/Editor/2023.1.12f1/Editor/Data/MonoBleedingEdge/lib/mono/unityjit-win32'
Mono config path = 'C:/Program Files/Unity/Hub/Editor/2023.1.12f1/Editor/Data/MonoBleedingEdge/etc'
Using monoOptions --debugger-agent=transport=dt_socket,embedding=1,server=y,suspend=n,address=127.0.0.1:56300
Begin MonoManager ReloadAssembly
C:\build\output\Unity-Technologies\mono\mono\metadata\icall.c:1842:
C:\build\output\Unity-Technologies\mono\mono\metadata\icall.c:1842:
C:\build\output\Unity-Technologies\mono\mono\metadata\icall.c:1842:
C:\build\output\Unity-Technologies\mono\mono\metadata\icall.c:1842:
C:\build\output\Unity-Technologies\mono\mono\metadata\icall.c:1842:
C:\build\output\Unity-Technologies\mono\mono\metadata\icall.c:1842:
C:\build\output\Unity-Technologies\mono\mono\metadata\icall.c:1842:
C:\build\output\Unity-Technologies\mono\mono\metadata\icall.c:1842:
C:\build\output\Unity-Technologies\mono\mono\metadata\icall.c:1842:
C:\build\output\Unity-Technologies\mono\mono\metadata\icall.c:1842:
Registering precompiled unity dll's ...
Register platform support module: C:/Program Files/Unity/Hub/Editor/2023.1.12f1/Editor/Data/PlaybackEngines/WindowsStandaloneSupport/UnityEditor.WindowsStandalone.Extensions.dll
Register platform support module: C:/Program Files/Unity/Hub/Editor/2023.1.12f1/Editor/Data/PlaybackEngines/AndroidPlayer/UnityEditor.Android.Extensions.dll
Registered in 0.004358 seconds.
- Loaded All Assemblies, in  0.301 seconds
Native extension for Android target not found
Multiple ADB server instances found, the following ADB server instance have been terminated due to being run from another SDK. Process paths: 
C:\Program Files\Unity\Hub\Editor\2021.3.16f1\Editor\Data\PlaybackEngines\AndroidPlayer\SDK\platform-tools\adb.exe
UnityEngine.StackTraceUtility:ExtractStackTrace ()
UnityEngine.DebugLogHandler:Internal_Log (UnityEngine.LogType,UnityEngine.LogOption,string,UnityEngine.Object)
UnityEngine.DebugLogHandler:LogFormat (UnityEngine.LogType,UnityEngine.Object,string,object[])
UnityEngine.Logger:Log (UnityEngine.LogType,object)
UnityEngine.Debug:Log (object)
UnityEditor.Android.AndroidDeploymentTargetsExtension:GetKnownTargets (UnityEditor.DeploymentTargets.IDeploymentTargetsMainThreadContext,UnityEditor.ProgressHandler)
UnityEditor.Android.TargetScanWorker:ScanSync ()
UnityEditor.Android.TargetExtension:OnUsbDevicesChanged (UnityEditor.Hardware.UsbDevice[])
UnityEditor.Android.TargetExtension:OnLoad ()
UnityEditor.Modules.ModuleManager:InitializePlatformSupportModules ()

Android Extension - Scanning For ADB Devices 2274 ms
Native extension for WindowsStandalone target not found
Mono: successfully reloaded assembly
C:\build\output\Unity-Technologies\mono\mono\metadata\icall.c:1842:
C:\build\output\Unity-Technologies\mono\mono\metadata\icall.c:1842:
- Finished resetting the current domain, in  2.533 seconds
Domain Reload Profiling: 2833ms
	BeginReloadAssembly (98ms)
		ExecutionOrderSort (0ms)
		DisableScriptedObjects (0ms)
		BackupInstance (0ms)
		ReleaseScriptingObjects (0ms)
		CreateAndSetChildDomain (1ms)
	RebuildCommonClasses (27ms)
	RebuildNativeTypeToScriptingClass (8ms)
	initialDomainReloadingComplete (43ms)
	LoadAllAssembliesAndSetupDomain (123ms)
		LoadAssemblies (95ms)
		RebuildTransferFunctionScriptingTraits (0ms)
		AnalyzeDomain (119ms)
			TypeCache.Refresh (118ms)
				TypeCache.ScanAssembly (108ms)
			ScanForSourceGeneratedMonoScriptInfo (0ms)
			ResolveRequiredComponents (0ms)
	FinalizeReload (2534ms)
		ReleaseScriptCaches (0ms)
		RebuildScriptCaches (0ms)
		SetupLoadedEditorAssemblies (2499ms)
			LogAssemblyErrors (0ms)
			InitializePlatformSupportModulesInManaged (2362ms)
			SetLoadedEditorAssemblies (2ms)
			BeforeProcessingInitializeOnLoad (5ms)
			ProcessInitializeOnLoadAttributes (87ms)
			ProcessInitializeOnLoadMethodAttributes (42ms)
			AfterProcessingInitializeOnLoad (0ms)
			EditorAssembliesLoaded (0ms)
		ExecutionOrderSort2 (0ms)
		AwakeInstancesAfterBackupRestoration (0ms)
========================================================================
Worker process is ready to serve import requests
Import Worker Mode flag is 0x00
Begin MonoManager ReloadAssembly
C:\build\output\Unity-Technologies\mono\mono\metadata\icall.c:1842:
C:\build\output\Unity-Technologies\mono\mono\metadata\icall.c:1842:
C:\build\output\Unity-Technologies\mono\mono\metadata\icall.c:1842:
C:\build\output\Unity-Technologies\mono\mono\metadata\icall.c:1842:
C:\build\output\Unity-Technologies\mono\mono\metadata\icall.c:1842:
C:\build\output\Unity-Technologies\mono\mono\metadata\icall.c:1842:
C:\build\output\Unity-Technologies\mono\mono\metadata\icall.c:1842:
C:\build\output\Unity-Technologies\mono\mono\metadata\icall.c:1842:
C:\build\output\Unity-Technologies\mono\mono\metadata\icall.c:1842:
C:\build\output\Unity-Technologies\mono\mono\metadata\icall.c:1842:
C:\build\output\Unity-Technologies\mono\mono\metadata\icall.c:1842:
C:\build\output\Unity-Technologies\mono\mono\metadata\icall.c:1842:
Assembly 'Library/ScriptAssemblies/Unity.Services.Analytics.Editor.dll' will not be loaded due to errors:
Reference has errors 'Unity.Services.Core.Editor'.
Assembly 'Library/ScriptAssemblies/Unity.Services.Core.Configuration.Editor.dll' will not be loaded due to errors:
Unable to resolve reference 'System.Security.Permissions'. Is the assembly missing or incompatible with the current platform?
Reference validation can be disabled in the Plugin Inspector.
Assembly 'Library/ScriptAssemblies/Unity.Services.Core.Editor.dll' will not be loaded due to errors:
Reference has errors 'Unity.Services.Core.Configuration.Editor'.
Assembly 'Library/ScriptAssemblies/Unity.Services.Core.Environments.Editor.dll' will not be loaded due to errors:
Reference has errors 'Unity.Services.Core.Editor'.
Assembly 'Library/ScriptAssemblies/UnityEditor.Purchasing.dll' will not be loaded due to errors:
Reference has errors 'Unity.Services.Core.Editor'.
Assembly 'Library/ScriptAssemblies/UnityEngine.Advertisements.DevX.Editor.dll' will not be loaded due to errors:
Reference has errors 'Unity.Services.Core.Editor'.
Symbol file LoadedFromMemory is not a mono symbol file
- Loaded All Assemblies, in  0.664 seconds
Refreshing native plugins compatible for Editor in 5.76 ms, found 2 plugins.
Native extension for Android target not found
Native extension for WindowsStandalone target not found
Mono: successfully reloaded assembly
- Finished resetting the current domain, in  0.479 seconds
Domain Reload Profiling: 1140ms
	BeginReloadAssembly (208ms)
		ExecutionOrderSort (0ms)
		DisableScriptedObjects (4ms)
		BackupInstance (0ms)
		ReleaseScriptingObjects (0ms)
		CreateAndSetChildDomain (28ms)
	RebuildCommonClasses (26ms)
	RebuildNativeTypeToScriptingClass (8ms)
	initialDomainReloadingComplete (32ms)
	LoadAllAssembliesAndSetupDomain (386ms)
		LoadAssemblies (254ms)
		RebuildTransferFunctionScriptingTraits (0ms)
		AnalyzeDomain (203ms)
			TypeCache.Refresh (187ms)
				TypeCache.ScanAssembly (173ms)
			ScanForSourceGeneratedMonoScriptInfo (12ms)
			ResolveRequiredComponents (3ms)
	FinalizeReload (479ms)
		ReleaseScriptCaches (0ms)
		RebuildScriptCaches (0ms)
		SetupLoadedEditorAssemblies (297ms)
			LogAssemblyErrors (0ms)
			InitializePlatformSupportModulesInManaged (18ms)
			SetLoadedEditorAssemblies (2ms)
			BeforeProcessingInitializeOnLoad (60ms)
			ProcessInitializeOnLoadAttributes (188ms)
			ProcessInitializeOnLoadMethodAttributes (23ms)
			AfterProcessingInitializeOnLoad (6ms)
			EditorAssembliesLoaded (0ms)
		ExecutionOrderSort2 (0ms)
		AwakeInstancesAfterBackupRestoration (5ms)
Launched and connected shader compiler UnityShaderCompiler.exe after 0.02 seconds
Refreshing native plugins compatible for Editor in 5.53 ms, found 2 plugins.
Preloading 0 native plugins for Editor in 0.00 ms.
Unloading 2994 Unused Serialized files (Serialized files now loaded: 0)
Unloading 60 unused Assets / (64.8 KB). Loaded Objects now: 3517.
Memory consumption went from 123.0 MB to 123.0 MB.
Total: 3.490000 ms (FindLiveObjects: 0.257000 ms CreateObjectMapping: 0.084700 ms MarkObjects: 3.037500 ms  DeleteObjects: 0.109000 ms)

AssetImportParameters requested are different than current active one (requested -> active):
  custom:scripting/monoscript/fileName/Factories.Gen.cs: c9550e2a227c017a16a3e473be870754 -> 
  custom:container-demuxer-ogg: 62fdf1f143b41e24485cea50d1cbac27 -> 
  custom:scripting/monoscript/fileName/EditorGameServiceRegistry.cs: 0265fd85a62bd33c32f256257ebc576f -> 
  custom:scripting/monoscript/fileName/ProgressBar.Gen.cs: 09dcf9975c3de3bc94763c35db49d364 -> 
  custom:scripting/monoscript/fileName/BuildPreprocessor.cs: f39f088a536b85d0407d8f34843a9005 -> 
  custom:scripting/monoscript/fileName/IEditorAnalyticsEventRegistrant.cs: c4a0f7089b5b21ceafb7834c915d762f -> 
  custom:scripting/monoscript/fileName/SettingsCommonHeaderUiHelper.cs: 394582b395d6aebbb1e6e49abf6a1645 -> 
  custom:scripting/monoscript/fileName/WinRTPatcher.cs: 54fcd52feeaf5a4d942eec16eb2b0dd2 -> 
  custom:scripting/monoscript/fileName/AsyncOpRetry.cs: 7d4b426ab21943de744ee7f413070273 -> 
  custom:scripting/monoscript/fileName/AppleConfigurationSettingsBlock.cs: 95276e7fc3789b14b620be55b26bc2dc -> 
  custom:scripting/monoscript/fileName/EventComponents.cs: 5de67af9bfd0049f6e44652589815b56 -> 
  custom:scripting/monoscript/fileName/Notifications.Gen.cs: 0b77852ac67d3ab84f489a2ddbdf8168 -> 
  custom:scripting/monoscript/fileName/EventActions.cs: 11d27e640f5151c3cb44dc92f08064c2 -> 
  custom:scripting/monoscript/fileName/ProjectStateRequest.cs: 6ba5b48af1466d2a4dbb6e908352d7c6 -> 
  custom:scripting/monoscript/fileName/IPurchasingSettingsUIBlock.cs: e821574d17989de5b2494de8531e7bd3 -> 
  custom:scripting/monoscript/fileName/ProjectStateHelper.cs: a377430869822a008fcaab13302eb7b2 -> 
  custom:scripting/monoscript/fileName/GoogleObfuscatorSection.cs: ae7077e724a9261630448ebeacf772d0 -> 
  custom:framework-win-MediaFoundation: 216162199b28c13a410421893ffa2e32 -> 
  custom:scripting/monoscript/fileName/EnvironmentInfo.cs: 78a754ae7b45de5c0f5a2d3aef9c92f6 -> 
  custom:scripting/monoscript/fileName/AnalyticsSettingsProvider.cs: 143ac3658fc53c5d5435c3b4bddb358a -> 
  custom:scripting/monoscript/fileName/GenericEditorDropdownSelectEventSenderHelpers.cs: 403ed8b62965796df5e9af0cd937b91b -> 
  custom:scripting/monoscript/fileName/GooglePlayConfigurationSettingsBlock.cs: af3d02affc151981bf807b7deaceea1f -> 
  custom:scripting/monoscript/fileName/AppStoreExtensionMethods.cs: 54b72c6741666ff5034f82652a3e4772 -> 
  custom:scripting/monoscript/fileName/StagingTokenExchangeUrls.cs: 7ddebca8557e1d6e23849e5e07df2296 -> 
  custom:scripting/monoscript/fileName/DeserializationSettings.cs: 1061b12039666d7d981cfe68ebb1982d -> 
  custom:scripting/monoscript/fileName/UdpSynchronizationApi.cs: 7fc4b780aad7ef8eb24dbbb4fe6a5c4e -> 
  custom:scripting/monoscript/fileName/XmlLinkedMember.cs: 83ebbc44b07d4de0b62121c7811a18b1 -> 
  custom:scripting/monoscript/fileName/ItemCreationUtility.cs: c57af52aa6b9ad17ab941b71b6b436c7 -> d1c4ddba747ed633116f555c0d69ace7
  custom:scripting/monoscript/fileName/FileSystem.cs: ab92d4d8629b2af54c3a35102bd12cc4 -> 
  custom:scripting/monoscript/fileName/ObfuscationMigration.cs: 0a0ae70d02cc3f2e0a8e73f50092d69f -> 
  custom:scripting/monoscript/fileName/JsonWebToken.cs: 576840f242d675d41e4a3e0094ff62a5 -> 
  custom:scripting/monoscript/fileName/IEditorGameServiceIdentifier.cs: a0ceaf826ce6fd5a1bb279e1579a965f -> 
  custom:scripting/monoscript/fileName/GenericEditorClickButtonEvent.cs: e302ea7b8979cc8926b394af5a60e274 -> 
  custom:scripting/monoscript/fileName/ActionSchedulerCleaner.cs: 1750f9737ba65c8b5f441e824f90784f -> 
  custom:scripting/monoscript/fileName/EventUINames.cs: 64fd302c3525bfd2e68dc02732187563 -> 
  custom:scripting/monoscript/fileName/UiConstants.cs: d033ded79bf016572865d25f033a7fc7 -> 
  custom:scripting/precompiled-assembly-types:Unity.Services.Analytics.Editor: ceb02baa99ac115bdc82d472d2b0d601 -> 
  custom:scripting/monoscript/fileName/AdminApiHeaders.Gen.cs: 90647cc400823b41df847a6cbfc29026 -> 
  custom:scripting/monoscript/fileName/PurchasingServiceAnalyticsRegistrar.cs: e816b7edf4d6dd9304d258b55d59c708 -> 
  custom:scripting/monoscript/fileName/VSCodeDiscovery.cs: d83b4aff57b85f583bfc60cfbb7e527e -> 
  custom:scripting/monoscript/fileName/UnityPatchProjectV1Request.cs: c6a39576d362d5719b8c0057b54f465b -> 
  custom:scripting/monoscript/fileName/IEnvironmentFetcher.cs: 4324c744baa655843f8a2db18e322b79 -> 
  custom:video-decoder-webm-vp8: 9c59270c3fd7afecdb556c50c9e8de78 -> 
  custom:scripting/monoscript/fileName/UnityUpdateOrganizationRequest.cs: c81a99780bba7daac8cc2c5dac469fe1 -> 
  custom:scripting/monoscript/fileName/GoogleConfigurationData.cs: 294c664c7d5abd3c1d0f5fcf45b58c58 -> 
  custom:scripting/monoscript/fileName/ProjectConfigurationBuilder.cs: 3a77bc00f860533701242ca98886ca86 -> 
  custom:scripting/monoscript/fileName/PurchasingServiceEnabler.cs: c0d2ea10b16074bff60638e7e6433dc4 -> 
  custom:SearchIndexIgnoredProperties: e643bd26f0fe6173181afceb89e7c659 -> 
  custom:scripting/monoscript/fileName/SystemEnvironmentPathUtils.Gen.cs: 9f60a7d4b8edfd5e67c66c89eee984df -> 
  custom:scripting/monoscript/fileName/EnvironmentsApiInternal.cs: ddda38a23193b92419a4176f3ffd04a7 -> 
  custom:scripting/monoscript/fileName/EnvironmentServiceRegistry.cs: 87c6dee4ea55850e884c48687d120061 -> 
  custom:scripting/monoscript/fileName/IoUtils.cs: 407719a7637f4a4931cf4ba6f0c431e9 -> 
  custom:scripting/monoscript/fileName/XmlLinkedMethod.cs: 0832a872e8f410f9dbd4e4797775d14c -> 
  custom:scripting/monoscript/fileName/ConstructorNotFoundException.Gen.cs: d5eeea08ebee99ae8f097d0f6c2b88b0 -> 
  custom:scripting/monoscript/fileName/AbstractObfuscatorSection.cs: 9e462b361593bcba1f1c42235d92b6a5 -> 
  custom:scripting/monoscript/fileName/Responses.cs: cf8e91b141cc85b29c745e415fc1f688 -> 
  custom:scripting/monoscript/fileName/CoreStatsIntegration.cs: 49f1f08c08ead216067307077161707e -> 
  custom:scripting/monoscript/fileName/GooglePlayProductCatalogExporter.cs: 0de9052135352e603d8c2f51af82bc72 -> 
  custom:scripting/monoscript/fileName/DefaultApiRequests.cs: 0c40f474d191c79755786a315c4d3837 -> 
  custom:scripting/monoscript/fileName/PlatformSupportUiHelper.cs: c2fb091feeb92fc6d04201e72415cd6f -> 
  custom:scripting/monoscript/fileName/PurchasingSettingsProvider.cs: d717bed9e4ed814d58b6259f7f991f59 -> 
  custom:scripting/monoscript/fileName/IConfigurationProvider.cs: af9003c2ff2e581cf6d2023a9420f4ca -> 
  custom:scripting/monoscript/fileName/ProjectBindRedirectUiConstants.cs: 1d3bd9a52471c7a484b82396440177cc -> 
  custom:scripting/monoscript/fileName/EditorGameServiceFlagEnabler.cs: ed4b01161596daf6c007c5cb985797df -> 
  custom:scripting/monoscript/fileName/UnityListProjects200Response.cs: 428e859b4396ae3112aa4ecacae32fbf -> 
  custom:scripting/monoscript/fileName/EnvironmentNotFoundException.cs: 8f8ecf9219a7a93736afa67d923d561a -> 
  custom:scripting/monoscript/fileName/AppleObfuscatorSection.cs: 015cd7e0fe0037bcbc2b77ab630d05e2 -> 
  custom:scripting/monoscript/fileName/CloudEnvironmentConfigProvider.Gen.cs: 5a0c9bc3528e508605862cace6052ab9 -> 
  custom:scripting/monoscript/fileName/IProjectStateRequest.cs: 27b27df4e3b68078a5908d7df6fce95f -> 
  custom:scripting/monoscript/fileName/GoogleConfigurationWebRequests.cs: d8be2f968bdceb845dbf49efe2db2931 -> 
  custom:scripting/monoscript/fileName/EditorAnalyticsDataSignature.cs: b8257e66c10f14e4e81bd82ec5e76c22 -> 
  custom:scripting/monoscript/fileName/PurchasingServiceAnalyticsSender.cs: 6f24159ff38adc56d0d2e3996605b113 -> 
  custom:scripting/monoscript/fileName/AnalyticsWarningServiveSettingsBlock.cs: 7d6a6da61a94f17e479cd0755e0c06a4 -> 
  custom:scripting/monoscript/fileName/EditorGameServiceDashboardHelper.cs: ea8538090dcae2327f4c15e2ca056258 -> 
  custom:scripting/monoscript/fileName/BuildTargetGroupExtensions.cs: c338739496d4f359d04e44c3beae4306 -> 
  custom:scripting/monoscript/fileName/ApplyRevertChangeTracker.Gen.cs: 90647cc400823b41df847a6cbfc29026 -> 
  custom:scripting/monoscript/fileName/DefaultApi.cs: 1d4ada5f7be42c3459105e8a4ff7befa -> 
  custom:scripting/monoscript/fileName/EditorTimer.cs: 481d241555bb2caea52276bc80c44dd0 -> 
  custom:scripting/monoscript/fileName/XmlLinkerModel.cs: d4c2817476b9b278a7b7808d61032596 -> 
  custom:audio-encoder-webm-vorbis: bf7c407c2cedff20999df2af8eb42d56 -> 
  custom:scripting/monoscript/fileName/AdsServiceTopMenu.cs: 4259d1e69413eee1dc15f63471a1123f -> 
  custom:scripting/monoscript/fileName/GameServicesAnalyticsPackageKeyHolder.cs: b614e00aebf48aecafdabfe91c842c44 -> 
  custom:scripting/monoscript/fileName/JsonHelpers.cs: 8837ad713480b6b5528a3b03a0d76fa1 -> 
  custom:scripting/monoscript/fileName/DefaultCdnConfiguredEndpoint.cs: 624837102d8bef2a2323b0b82727af95 -> 
  custom:scripting/monoscript/fileName/Scope.Gen.cs: 409412ebac5387d01283cada94af8d59 -> 
  custom:scripting/monoscript/fileName/Map.cs: 5d37794e840bf987c79fcaa835c2318b -> 39867eba16de7ffb5ccb3c3305be51c9
  custom:scripting/monoscript/fileName/SliderToggleUiHelper.cs: 297bb968c6a98e033483e5885bc5e941 -> 
  custom:scripting/monoscript/fileName/IFileSystem.cs: d0a5668d9c43d0a16eec8fa2a37aa20c -> 
  custom:scripting/monoscript/fileName/UnityCreateAddressRequest.cs: 231eb736f0a651a8ee21e6aa579173ae -> 
  custom:scripting/monoscript/fileName/NetworkingUtils.cs: 91d5abbde19000edd1eff4879df8a43a -> 
  custom:scripting/monoscript/fileName/EnvironmentsClient.cs: 9c80a43488077f46562fa053df484911 -> 
  custom:scripting/monoscript/fileName/Soldier.cs: 425894b8f52afea1bbf21cf22137070d -> 932ebbaeac616fd05097e260485bc303
  custom:scripting/monoscript/fileName/PathUtils.Gen.cs: 5ddc0068a1cf521fafc42781cf03a3a9 -> 
  custom:scripting/monoscript/fileName/XmlLinkedModelsExtensions.cs: 9e8a2b9216079ba87ebfd084960b4ac0 -> 
  custom:video-decoder-ogg-theora: a1e56fd34408186e4bbccfd4996cb3dc -> 
  custom:scripting/monoscript/fileName/ProjectUnlinkBuildWarning.cs: c52465de41a758f7a3babb293254b52b -> 
  custom:scripting/monoscript/fileName/GameIdsUi.cs: 7f9de94899f7caa856844cd5dd6bebbb -> 
  custom:scripting/monoscript/fileName/IEnvironmentService.cs: d28a6fb640eb356196b9c1017c7a0d37 -> 
  custom:scripting/monoscript/fileName/SignatureDefinitions.cs: db2ef2a12a430266c877392c3742935f -> 
  custom:scripting/monoscript/fileName/GameServicesEventActions.cs: 3fb0b095a7ae9818ef746b8cd79a7fa9 -> 
  custom:scripting/monoscript/fileName/EnvironmentChangedParameters.cs: 0ad6f60cc0b0e0ea02aed10221f7c8a8 -> 
  custom:scripting/monoscript/fileName/RichEditorWindow.cs: 2d6dc43345787ee3ccbed38b233bec6e -> 
  custom:scripting/monoscript/fileName/GenericEditorClickCheckboxEventSenderHelpers.cs: 58a308e792fcf4f449e3296f828e789a -> 
  custom:scripting/monoscript/fileName/ProjectBindRedirectContentUI.cs: ea393b5b63051e326686665efb7ed1d2 -> 
  custom:scripting/monoscript/fileName/XmlLinkedProperty.cs: 29784440eed3b7889f0bfe76633cc000 -> 
  custom:scripting/monoscript/fileName/Singleton.Gen.cs: 66c389d1e92bc70efd18b5d3b46f6bca -> 
  custom:scripting/monoscript/fileName/ConfigurationBuilder.cs: 66d199ae60d28cb6554d3c4ee75fd74b -> b93c0a48ae48667b57c85ae10041add4
  custom:scripting/monoscript/fileName/EnvironmentView.cs: eacb7d766ee45d9a07ea107dc0c80ac6 -> 
  custom:scripting/monoscript/fileName/AccessTokens.cs: 7f3bd47a4ee3b608248d36969879b607 -> 
  custom:scripting/monoscript/fileName/GenericEditorClickMenuItemEvent.cs: 2a997550bf0ed42bd152a66bd81a91ce -> 
  custom:scripting/monoscript/fileName/GUIDGenerator.cs: 6dd6e35608006bcfade7642e5de04c6b -> 
  custom:scripting/monoscript/fileName/UnityOrganizationWithAddressV1.cs: 0255bc6178742cff2a423de9eb51e6a2 -> 
  custom:scripting/monoscript/fileName/UIResourceUtils.cs: 103100b8fbe92e863142414ae78e3e0e -> 
  custom:scripting/monoscript/fileName/ThreadHelper.cs: 1d011737e8133fca1a700a78b9269e43 -> 
  custom:scripting/precompiled-assembly-types:Unity.Services.Core.Configuration.Editor: 9ec415489f81483910eef61e419cb1d9 -> 
  custom:scripting/monoscript/fileName/JsonObjectConverter.cs: 38bbb4aa4e7eb125ad2bec69e448a02f -> 
  custom:scripting/monoscript/fileName/IServiceFactory.Gen.cs: 5696ff4e8140aef57b36c4052f3bfc23 -> 
  custom:scripting/monoscript/fileName/IUserRoleHandler.cs: 33c258d1966d18e84a25c5d4701ea0a4 -> 
  custom:scripting/monoscript/fileName/IDeserializable.cs: 16d3138d206e866a34233b134f1222b0 -> 
  custom:scripting/monoscript/fileName/MergedObservableCollection.Gen.cs: 90647cc400823b41df847a6cbfc29026 -> 
  custom:scripting/monoscript/fileName/IapListenerMenu.cs: b6a9eec9cfc40ccd4474af463ac23cec -> 
  custom:scripting/monoscript/fileName/UnityUserGuestProjectV1.cs: 58ac7a8966d050da82ebd9946d7ad9a7 -> 
  custom:scripting/monoscript/fileName/IsolatedJsonConvert.cs: d399be4ef15efaacaf7758f4b29d410e -> 
  custom:scripting/monoscript/fileName/MappedObservableCollection.Gen.cs: 90647cc400823b41df847a6cbfc29026 -> 
  custom:scripting/monoscript/fileName/UnityGetOrganizationMembers200Response.cs: 2a3745ba3cf60a91cc07f675b5cfe7f0 -> 
  custom:scripting/monoscript/fileName/CloudEnvironmentConfigProvider.cs: 0d9357504beb82cf1f27ae6c7b6ddec2 -> 
  custom:scripting/monoscript/fileName/PlatformsAndStoresEnabledServiceSettingsBlock.cs: 49f54cabdee8715678a8895d38afc07f -> 
  custom:scripting/monoscript/fileName/ProjectInfo.cs: d289d5cd3d7bbcf9a82d73b4aa756d36 -> 
  custom:scripting/monoscript/fileName/ServiceCollection.Gen.cs: ee70a277f1bc1e6641d018ca44380804 -> 
  custom:scripting/monoscript/fileName/GoogleConfigService.cs: e513da03dcb8fa62d11262aade26106f -> 
  custom:scripting/monoscript/fileName/MetaSoldier.cs: 0bc067564659d9d486eca19f548d4b73 -> 2885d39400bd9670476c2552bb88f57d
  custom:scripting/monoscript/fileName/IapCatalogServiceSettingsBlock.cs: d55a7df5f084f1c0bd50f0c2d38889ca -> 
  custom:scripting/monoscript/fileName/AssetUtils.cs: f2faf7ad4b4b5b06d49e576afa8ccb42 -> 
  custom:scripting/monoscript/fileName/GenericEditorSelectDropdownEvent.cs: 0ce9632db9420922f68289388eda5a48 -> 
  custom:scripting/monoscript/fileName/SettingsUIUtils.cs: 611d71542e9444fbdc354f8ce91e9aeb -> 
  custom:scripting/monoscript/fileName/GameServicesEventSenderHelpers.cs: ddffc98ffd93911cd9d197417c8f8bc7 -> 
  custom:scripting/monoscript/fileName/PlatformsAndStoresServiceSettingsBlock.cs: c93db53bf17edd2d4bee93e9e85980ea -> 
  custom:scripting/monoscript/fileName/ServiceFlagRequest.cs: 81cbfe44ade2ec4f46d5579d02db90c8 -> 
  custom:scripting/monoscript/fileName/UnityProjectV1.cs: 33ee54c3546ae8cbce557ab2aca1756e -> 
  custom:scripting/monoscript/fileName/ProjectState.cs: 5da9c4bc1768108d8af5cc6cbfdc9de1 -> 
  custom:scripting/monoscript/fileName/UnityGetEnvironments200Response.cs: 337f99d16b0b96efb2206d69acad4db0 -> 
  custom:scripting/monoscript/fileName/BasePurchasingState.cs: 26720e90b9fa45646ccc227a0156d1f6 -> 
  custom:scripting/precompiled-assembly-types:Unity.Services.Core.Environments.Editor: c513537303a9971e6d5ba0095e07a40f -> 
  custom:scripting/precompiled-assembly-types:UnityEngine.Advertisements.DevX.Editor: 449bc6495704356372c9c402e7625b84 -> 
  custom:scripting/monoscript/fileName/UserRoleRequest.cs: ec15cd6950c1f795ee59736c71998788 -> 
  custom:scripting/monoscript/fileName/SwitchStoreEditorWindow.cs: 7a1562e416cfde43be7b398178d711f6 -> 
  custom:scripting/monoscript/fileName/TokenExchange.cs: bbd1ed03e8e3970b0887123f043469e1 -> 
  custom:scripting/monoscript/fileName/EnvironmentIdentifier.cs: 39ee00a0ac13884055f18f6371bacd6d -> 
  custom:scripting/monoscript/fileName/EnvironmentsConstants.cs: 24e9760363ef695978ba684e5d610a82 -> 
  custom:scripting/monoscript/fileName/ProjectBindRedirectPopupUI.cs: e3fb92bd3ee82c9407053c4d3860bb4f -> 
  custom:scripting/monoscript/fileName/LinkFileGenerator.cs: 51b5323d52299fec9236d04721b91f22 -> 
  custom:scripting/monoscript/fileName/MapHighlighter.cs: c7443e770079875337d70f6e6ac97376 -> 51535e4100b1e2e3fae253b95048cf01
  custom:scripting/monoscript/fileName/EnvironmentAnalytics.cs: df86ce352df40dfa102b41458fb9f770 -> 
  custom:scripting/monoscript/fileName/AssemblyNameProvider.cs: 7145090b977b4a4af2c7ee452bb803ed -> 5210529ddc67cdb852122f447527c528
  custom:scripting/monoscript/fileName/EnvironmentService.cs: 22bbc46856bf7062678eb8e6e54cf9a2 -> 
  custom:scripting/monoscript/fileName/DeserializationException.cs: 76d207fdb77fb9b4f630a482f86ccf1d -> 
  custom:scripting/monoscript/fileName/JsonObject.cs: 9ceeaef7b0ccbe23e282545eff3ff92a -> 
  custom:scripting/monoscript/fileName/HttpException.cs: f6827940c1f3397a3e9f5ed27d96f36c -> 
  custom:scripting/monoscript/fileName/ServiceProvider.Gen.cs: fb28411e62c1911933783faa92ae27e4 -> 
  custom:scripting/monoscript/fileName/GenericEditorButtonClickEventSenderHelpers.cs: f7b7637b21d23c46de7361496ba6cf2d -> 
  custom:scripting/monoscript/fileName/EnvironmentServiceExtensions.cs: ac6a6c148393eb9a5f8fb75c98af0cdb -> 
  custom:scripting/monoscript/fileName/MapInputController.cs: 9b3bed9a1707ab84ce6fc17e6b40b8a6 -> 31b7e3eaee95ee12620813c62b9c0c1e
  custom:scripting/monoscript/fileName/ApplePriceTiers.cs: b989fff8978aaf02f779fffa77bf224a -> 
  custom:scripting/monoscript/fileName/AnalyticsEditorGameService.cs: abf31bf0cff9d357c8a82164f2aa3a5a -> 
  custom:scripting/monoscript/fileName/GenericEditorGameServiceEvent.cs: a057ea7152d7c01c2d84a208351bcd34 -> 
  custom:scripting/monoscript/fileName/EditorGameServiceAnalyticsSender.cs: dbf819a7f3bf8b7979066160aed489ba -> 
  custom:scripting/monoscript/fileName/VisualElementHelper.cs: 0b84949c228ae121ca9bc47ce2ce3ccc -> 
  custom:scripting/precompiled-assembly-types:UnityEditor.Purchasing: c52cc6fee500268db74a823566fb790c -> 
  custom:scripting/monoscript/fileName/Spawner.cs: 9efe634af024a91c48e4938ac319cf23 -> 7de732fab2c49f3068a483eb669d8d17
  custom:scripting/monoscript/fileName/Alien.cs: 07fb7fe977b27c2a7759dc8b01069801 -> 889e465c5ac9f83e1e170b62d2cdb043
  custom:scripting/monoscript/fileName/UdpInstaller.cs: df07aea60e5d7fa5302343a4e1591930 -> 
  custom:scripting/monoscript/fileName/ResponseHandler.cs: d3309722a6b35e47fbfcd01d3512a138 -> 
  custom:scripting/monoscript/fileName/HttpClientResponse.cs: 9313baa475ddca44cec07c4995e4adab -> 
  custom:scripting/monoscript/fileName/IUserRoleRequest.cs: ccc5b229323b6e9c080254df6d4b51cb -> 
  custom:scripting/monoscript/fileName/XmlLinkedEvent.cs: efe4e7e159b94963c650fb293df0f9ff -> 
  custom:scripting/monoscript/fileName/GenericEditorEditFieldEvent.cs: f28e1405c57930036a57e5b3c327c540 -> 
  custom:scripting/monoscript/fileName/IAnalyticsPackageKeyHolder.cs: b3d1beff1d783762dd3011820716ed4c -> 
  custom:scripting/monoscript/fileName/EnvironmentsApi.cs: d5d1f45bf03abd7dd2f469acfd3b5bcb -> 
  custom:scripting/monoscript/fileName/ProjectBindRedirectPopupWindow.cs: 03988f1b5263bdfb55c00f001c224465 -> 
  custom:scripting/monoscript/fileName/IEnvironmentSaveSystem.cs: 8319bf770542e6764e5512ea06d2b015 -> 
  custom:scripting/monoscript/fileName/OrganizationProvider.cs: f2089b4351294d4815b134a51aba3d17 -> 
  custom:scripting/monoscript/fileName/BaseApiClient.cs: 8db05afd887e7e24cdb4782d155e924b -> 
  custom:scripting/monoscript/fileName/UnityGetUserGuestProjects200Response.cs: 101aa8e271472b02f3ae37c6ca9da3cb -> 
  custom:scripting/monoscript/fileName/TypeAlreadyRegisteredException.Gen.cs: f78f490406edcce398401642789c4f0d -> 
  custom:scripting/monoscript/fileName/AbstractRuntimeServices.Gen.cs: 90647cc400823b41df847a6cbfc29026 -> 
  custom:scripting/monoscript/fileName/VSCodeScriptEditor.cs: 976f19e81f1a1748ecd5ce0eeab6e373 -> 
  custom:scripting/monoscript/fileName/GenericEditorClickCheckboxEvent.cs: 939fcec4112c094c4c1f9cc29bf9dd55 -> 
  custom:scripting/monoscript/fileName/AdsSettingsProvider.cs: a37b7e055955eb28e22d58c92545d483 -> 
  custom:scripting/monoscript/fileName/Importer.cs: 182cc6562b8a77841c61b47ea0324273 -> 
  custom:scripting/monoscript/fileName/IapButtonMenu.cs: 29e7fa69c4f0c53833553c9393f895c3 -> 
  custom:scripting/monoscript/fileName/IServiceFlagRequest.cs: b3a0a6e65e5600f2006d43595e9e07b1 -> 
  custom:scripting/monoscript/fileName/AuthSignatureWebRequests.cs: 255cebe0d0c1b04bbec6d78a5250eaf9 -> 
  custom:scripting/monoscript/fileName/OfflineUiHelper.cs: 74f5179e6468b11d72cd60998e0c725b -> 
  custom:scripting/monoscript/fileName/PlatformsAndStoresDisabledServiceSettingsBlock.cs: 35b98eccef434a55cd89c8889d27e04c -> 
  custom:scripting/monoscript/fileName/RequestGameIds.cs: 1770056b730c30e9eb20371967cc7d54 -> 
  custom:scripting/monoscript/fileName/Sync.Gen.cs: ac834b133bcd24c6292144f8ec2fc479 -> 
  custom:scripting/monoscript/fileName/EnvironmentConfigProvider.cs: cadac2235852654a9596b0eac1628eac -> 
  custom:scripting/monoscript/fileName/AccessTokenErrorUiHelper.cs: 398831acfad9119e6105671c7f2d98b3 -> 
  custom:scripting/monoscript/fileName/ProjectConfigurationBuildInjectorWithPlayerProcessor.cs: bfe4c2bc0cd0ee036e60e1bfa30dda8a -> 
  custom:scripting/monoscript/fileName/IEnvironmentAnalytics.cs: c2ab3518cf2897a2ac4cf87258f13731 -> 
  custom:scripting/monoscript/fileName/ModelBinding.Gen.cs: 90647cc400823b41df847a6cbfc29026 -> 
  custom:scripting/monoscript/fileName/DependencyNotFoundException.Gen.cs: b85b8fa51199029c7dffa67f92fbcb8c -> 
  custom:scripting/monoscript/fileName/HttpClient.cs: 6f589aa53e23fc30613c9de6ca38fe21 -> 
  custom:scripting/monoscript/fileName/PurchasingGameService.cs: f0bc60f5b12285b24bac53906a0dda70 -> 
  custom:scripting/monoscript/fileName/ITokenExchangeUrls.cs: f529e59149e9ccc31fc5b827b34c33db -> 
  custom:scripting/monoscript/fileName/IapMenuConsts.cs: ff6082743aeb851b32f88f8385561e34 -> 
  custom:scripting/monoscript/fileName/ProductCatalogEditor.cs: cb6b1d956d54ae614f36e6ed073e1124 -> 
  custom:container-muxer-webm: aa71ff27fc2769a1b78a27578f13a17b -> 
  custom:scripting/monoscript/fileName/EnvironmentSettingsProvider.cs: 237263cbc2f115c0b90b2c3fc83a1110 -> 
  custom:scripting/monoscript/fileName/RetryPolicyConfig.cs: 533d36c1df5475ce177f07fcbfd5c545 -> 
  custom:scripting/monoscript/fileName/EnvironmentValidator.cs: 08b5a9dc48dd22c719e1975ef1db1683 -> 
  custom:scripting/monoscript/fileName/IAccessTokens.cs: 3e3094814f4dba04dfbc3053655e6598 -> 
  custom:scripting/monoscript/fileName/UserRoleRequestUiHelper.cs: a99a899edbebc06ce30ec51f79ff566a -> 
  custom:scripting/precompiled-assembly-types:Unity.Services.Core.Editor: 8981ac297f9ddc02fc2fcfd00c93bb8d -> 
  custom:AudioImporter_EditorPlatform: d09bf68614088b80899f8185d706f6e7 -> 
  custom:scripting/monoscript/fileName/CodelessIAPButtonEditor.cs: 451cedb132ff8048cd31d768bc77ff67 -> 
  custom:scripting/monoscript/fileName/PurchasingUrls.cs: dab2f03814a5047f8c9dbe249b084234 -> 
  custom:scripting/monoscript/fileName/Transient.Gen.cs: fb508b42c100a2c07b866a44f9ab3ed0 -> 
  custom:scripting/monoscript/fileName/PurchasingEnabledState.cs: 9b01670d32979414a57bae274160bf4b -> 
  custom:scripting/monoscript/fileName/ResponseDeserializationException.cs: ee4bcd8feef77e51dd56d7612403078e -> 
  custom:scripting/monoscript/fileName/SimpleStateMachine.cs: 849ed7f5b11c9db237ef61b01c5a5104 -> 
  custom:scripting/monoscript/fileName/PurchasingIdentifierKey.cs: 8f1dbe306ccc167f7dd8e9b34f86da82 -> 
  custom:scripting/monoscript/fileName/EventSources.cs: 85d1e7e5f9730544777d448768edb51b -> 
  custom:scripting/monoscript/fileName/UnityPurchasingEditor.cs: 712e91311ba89aaa6ca17dbe69835196 -> 
  custom:scripting/monoscript/fileName/SettingsUIConstants.cs: c4ed6af194097ceef03cb028d506634d -> 
  custom:scripting/monoscript/fileName/EditorValueTracker.Gen.cs: 90647cc400823b41df847a6cbfc29026 -> 
  custom:scripting/monoscript/fileName/ProjectConfigurationBuilderHelper.cs: f79e2dec68c2a8a55186a3fd4274546b -> 
  custom:scripting/monoscript/fileName/IEditorAnalyticsEvent.cs: 4b7eee2b443523af8f180068f1738c53 -> 
  custom:scripting/monoscript/fileName/AppleXMLProductCatalogExporter.cs: 220dece0c62737d3bc575663136e012d -> 
  custom:scripting/monoscript/fileName/EventSourceMenuItems.cs: f90ea15ca4ba5c45e6f4ff8dc016e1b3 -> 
  custom:scripting/monoscript/fileName/UnityGetUserPermissions200Response.cs: 7fdf29503cc5301312d984f2af06eb45 -> 
  custom:audio-decoder-ogg-vorbis: bf7c407c2cedff20999df2af8eb42d56 -> 
  custom:scripting/monoscript/fileName/GameServicesEventComponents.cs: ee3c151485cee2ea4609f79ec9492855 -> 
  custom:scripting/monoscript/fileName/GenericEditorFieldEditEventSenderHelpers.cs: 91cb4dff41e7feda97f0b63925ddaa86 -> 
  custom:scripting/monoscript/fileName/EnvironmentAnalyticsSender.cs: 8bcdd72c4f4f7ba6fed9617ecb7e992f -> 
  custom:scripting/monoscript/fileName/IWebRequest.cs: f8077547cc413a0c74af55ed1e0bc217 -> 
  custom:scripting/monoscript/fileName/Configuration.cs: a9750f7528aacdc11d7888c0eaff44a2 -> cc24c747281f83544d6532b3b619e82e
  custom:scripting/monoscript/fileName/TangleFileConsts.cs: e3dc62561a446e76a4e08b83a3d486d3 -> 
  custom:scripting/monoscript/fileName/XmlLinkedType.cs: 879123e42892f87010bef78e341312d0 -> 
  custom:scripting/monoscript/fileName/IAPButtonEditor.cs: 5deb59a3a69c2539aee2155d93361b13 -> 
  custom:scripting/monoscript/fileName/CollectionExtensions.Gen.cs: aff9dee80b4292d09c09f3acd69a3289 -> 
  custom:scripting/monoscript/fileName/IEditorGameService.cs: faa7656610bf6f8463e95c403d6c6e6c -> 
  custom:scripting/monoscript/fileName/EnvironmentSettings.cs: e2b98ee836b42374bfa16506e47055ce -> 
  custom:scripting/monoscript/fileName/InvalidJwtException.cs: 44c6d327479bc7179514ecd464e65b5b -> 
  custom:scripting/monoscript/fileName/UnityAddressV1.cs: 4d4ba30b341c7e72810f3c36b5914fa5 -> 
  custom:scripting/monoscript/fileName/IGatewayTokens.cs: af8d58613a9fd459a444ee8b327072b0 -> 
  custom:scripting/monoscript/fileName/EventTools.cs: 4a0eb83fb1da5881fedb4248638a4f5c -> 
  custom:scripting/monoscript/fileName/EnvironmentSelector.cs: c98b9a09bbd4b5a80fea1f579cd65362 -> 
  custom:scripting/monoscript/fileName/UnityListOrganizationFavoriteProjects200Response.cs: 2acfbc626d621e368ef9190462157b7a -> 
  custom:scripting/monoscript/fileName/Main.cs: bb30985c3b3d679b97600e53f9a96eb8 -> 94f67246a949cff22961c703e5bb4dcd
  custom:scripting/monoscript/fileName/EngineStateHelper.cs: ebfe492ca39645883d66825c2e77f1d0 -> 
  custom:scripting/monoscript/fileName/EnvironmentProvider.cs: e6441984086d3ec4f02dd82b6dec6df1 -> 
  custom:scripting/monoscript/fileName/JsonHelper.cs: 0b5759f67f92e2eb09febb2082aca955 -> 
  custom:scripting/monoscript/fileName/ReadOnlyObservableCollection.Gen.cs: 90647cc400823b41df847a6cbfc29026 -> 
  custom:scripting/monoscript/fileName/UnityUserOrganizationsV1OrganizationsInner.cs: 440e6e939c241944b318429e561d5df2 -> 
  custom:scripting/monoscript/fileName/IEditorGameServiceRegistry.cs: 4894c70fd515017ae46efb4f44f8b3e2 -> 
  custom:scripting/monoscript/fileName/EditorGameServiceRemoteConfiguration.cs: 0cdf409b5aa8d4c25876d72b5c6a3b60 -> 
  custom:scripting/monoscript/fileName/UnityUploadIconV1201Response.cs: a7cab146027c2f1549f57a603ca22560 -> 
  custom:scripting/monoscript/fileName/EnvironmentSaveSystem.cs: 931610e413c03621f898c65e36f44fc6 -> 
  custom:scripting/monoscript/fileName/EnvironmentsClientFactory.cs: 325dec75592389c16ac743f438f24960 -> 
  custom:scripting/monoscript/fileName/IProjectStateHelper.cs: 3adea7eb7ff850864d22d07f530e0111 -> 
  custom:scripting/monoscript/fileName/IHttpClient.cs: 88481d25a1f892f1dc32d0efcddba205 -> de22db9dc76ba43fdb9cdad03e8f385e
  custom:scripting/monoscript/fileName/ICopyable.Gen.cs: 90647cc400823b41df847a6cbfc29026 -> 
  custom:scripting/monoscript/fileName/PluginUtils.cs: 622cad900c32a75eb031e24b63abb3d9 -> 
  custom:scripting/monoscript/fileName/ObfuscatorWindow.cs: 0c6fb80775e75554405faa680d14088f -> 
  custom:scripting/monoscript/fileName/UnityUserOrganizationsV1.cs: 73dafadd41de13ace6058db610522dcd -> 
  custom:scripting/monoscript/fileName/GettingStartedUi.cs: df3891749d02f246e39cc01e02e45428 -> 
  custom:scripting/monoscript/fileName/OrganizationHandler.cs: 8e4686813d139f7c9962131a6d917980 -> 
  custom:scripting/monoscript/fileName/UnityTransferProjectRequest.cs: 160aa9e78d67107dbad79b2602ea5baf -> 
  custom:scripting/monoscript/fileName/FileIO.cs: e12d7b1846fe00e4e229609939e0062b -> 
  custom:scripting/monoscript/fileName/AdsService.cs: a80fe44f6bb90ae25095abab21494c0c -> 
  custom:scripting/monoscript/fileName/ProjectGeneration.cs: 7c3150a04cd2de8ef9bdd48a0f99701a -> 9a60ae906ea060222f7967033c27f7ed
  custom:scripting/monoscript/fileName/UnityWebRequestExtensions.cs: 358a1820106838470b1cb4cd7e3908ac -> 
  custom:CustomObjectIndexerAttribute: 756ad292c208cfabdd7b50bc23989ffe -> 
  custom:scripting/monoscript/fileName/UnityCreateOrganizationRequest.cs: 4cf5c8730ffaa3c5888d236ebc6475fc -> 
  custom:scripting/monoscript/fileName/EditorGameServiceSettingsProvider.cs: 2cb6ae4d961883e67f3e282b18d40d94 -> 
  custom:container-demuxer-webm: 4f35f7cbe854078d1ac9338744f61a02 -> 
  custom:scripting/monoscript/fileName/IdentityIOneOf.cs: 29de1876e6381d1376e3875f63eb04e7 -> 
  custom:scripting/monoscript/fileName/IEnvironmentProvider.cs: 3109b26c8523241ba567e094603484cc -> 
  custom:scripting/monoscript/fileName/UnityWebRequestHelpers.cs: 0394add6a9f301a01222078b29ac0b18 -> 
  custom:scripting/monoscript/fileName/PurchasingDisabledState.cs: 860bb89923c27ff5ce820f6bc67f43a9 -> 
  custom:scripting/monoscript/fileName/LoggedOutUiHelper.cs: ded703f4d077a86b901d24f648f694ca -> 
  custom:scripting/monoscript/fileName/Actor.cs: 3d826204c92fd10dd94a2f334e1177d3 -> 0abb70612a82cab169f5137966377581
  custom:scripting/monoscript/fileName/CollectionBinding.Gen.cs: 90647cc400823b41df847a6cbfc29026 -> 
  custom:scripting/monoscript/fileName/ExceptionHelper.cs: 074ec3a4464566a6e9a1f4db3dfb905f -> 
  custom:scripting/monoscript/fileName/StatusCodePolicyConfig.cs: a90864f22acd00607534d01b8dae197f -> 
  custom:scripting/monoscript/fileName/ProjectBindRedirectProjectSettingsUi.cs: 07a51e74c57a4053931e01d14a91288e -> 
  custom:scripting/monoscript/fileName/IProjectInfo.cs: 2c81b6190195adf1450efd9b8f54de95 -> 
  custom:scripting/monoscript/fileName/PackageInfoNameComparer.cs: ea0f38f3a3ddb0faa351ccba3098624f -> 
  custom:scripting/monoscript/fileName/UnityWebRequestHelper.cs: 2e5cbc5c38937ccdc5de3700aaa6f529 -> 
  custom:scripting/monoscript/fileName/RetryPolicy.cs: e04bb42ac963f6250bc780a051aeca72 -> 
  custom:scripting/monoscript/fileName/AbstractIAPButtonEditor.cs: bd135a187836d14562af16e8a1ff7bdd -> 
  custom:scripting/monoscript/fileName/GameplayOrchestrator.cs: 1bf870a1ff2512a3d0900883a1d5f6fd -> 
  custom:scripting/monoscript/fileName/IAnalyticsSender.cs: 27ac0f3c61390701fdd3b82b17bedf22 -> 
  custom:scripting/monoscript/fileName/UserRoleHandler.cs: a42f5e4f9979e28831240d76ea709864 -> 
  custom:scripting/monoscript/fileName/IEnvironmentValidator.cs: bdc1089a446560e3518f7ac97786d874 -> 
  custom:scripting/monoscript/fileName/TangleObfuscator.cs: e1c3bc3b415aa447f9783445ef0f4ba6 -> 
  custom:scripting/monoscript/fileName/PurchasingServiceIdentifier.cs: b6abd54527e8ee2bb83cf0df16c2a6d6 -> 
  custom:scripting/monoscript/fileName/UnityCreateProjectRequest.cs: 553b660d315929e3419e6a209f9bb6ab -> 
  custom:scripting/monoscript/fileName/UnityEnvironmentV1.cs: 1eea8ffdfb5010d89d3ba557b2d50eab -> 
  custom:scripting/monoscript/fileName/UiUtils.cs: 92a38366a2a31d6040f0b68e2f09cfff -> 
  custom:scripting/monoscript/fileName/GatewayTokens.cs: 53270745929a7034c3268a07c13af48c -> 
  custom:scripting/monoscript/fileName/MethodNotFoundException.Gen.cs: 0dccde8d1181b58956dff819eeec312c -> 
  custom:scripting/monoscript/fileName/StartLocation.cs: 733e60a5fdcc4baa25d2c975787b3f2e -> 7b7857f2e8490fb77b132baa49a3eb90
  custom:scripting/monoscript/fileName/IProjectEditorDrawerFactory.cs: 18c5020e4a357b0471f706a6144cefa8 -> 
  custom:scripting/monoscript/fileName/UnityOrganizationV1.cs: 202fa32fa70a6d9b0b74b5c00b1b741c -> 
  custom:scripting/monoscript/fileName/IEditorGameServiceAnalyticsSender.cs: 16523e3d16356ae30addab5eaf4685a1 -> 
  custom:scripting/monoscript/fileName/ImageHelper.cs: 725cdaa027b7fb6fdd77c26dce14244f -> 
  custom:scripting/monoscript/fileName/IScopedServiceProvider.Gen.cs: a3e3117c2208173e411da686f8072dfc -> 
  custom:scripting/monoscript/fileName/XmlLinkedAssembly.cs: 997f803bab31374df714b0d6f004c82e -> 
  custom:scripting/monoscript/fileName/CloudProjectWebRequest.cs: 4ef3b8c22d659f89f70f2975e01f075e -> 
  custom:scripting/monoscript/fileName/ValidationResult.cs: 12d4a9b1790e80408d1518f479a1a01f -> 
  custom:scripting/monoscript/fileName/AdsServiceEnabler.cs: 302965511998f922cc7771b61e27c203 -> 
  custom:scripting/monoscript/fileName/PurchasingSettingsKeywords.cs: bb5d46055db409bfc8897e0caa69fcc9 -> 
  custom:scripting/monoscript/fileName/OperatePackageVersionConfigProvider.cs: 67b4bf8d5d449d0353b963ad0e103a72 -> 
  custom:scripting/monoscript/fileName/IEnvironmentsApi.cs: 10309d62b29707db950e5d0457e82d84 -> 
  custom:video-encoder-webm-vp8: eb34c28f22e8b96e1ab97ce403110664 -> 
  custom:scripting/monoscript/fileName/AdsServiceIdentifier.cs: a0c2b0ec1b0e22d4822c4f9daff3c51d -> 
  custom:scripting/monoscript/fileName/IWebRequestInternal.cs: 5da3cc2ba749e6939c5925866fd37935 -> 
  custom:scripting/monoscript/fileName/IReadOnlyObservable.Gen.cs: 90647cc400823b41df847a6cbfc29026 -> 
  custom:scripting/monoscript/fileName/BaseObfuscatorSection.cs: f1b4d72e485c722fd71df41ce44dfe6a -> 
  custom:scripting/monoscript/fileName/AdsDashboardUrls.cs: 639222f61a8da5d8eabec0179d12155f -> 
  custom:scripting/monoscript/fileName/ProductionTokenExchangeUrls.cs: d51f7b5f35d9e0171f3c69e63ce67736 -> 
  custom:scripting/monoscript/fileName/ObfuscationGenerator.cs: 5cd85b4dccf7de616d4a58ce243ecba1 -> 
  custom:scripting/monoscript/fileName/IEditorGameServiceEnabler.cs: 9ba91e68464ed1031653bae083d9cbd8 -> 
  custom:scripting/monoscript/fileName/GenericEditorMenuItemClickEventSenderHelpers.cs: 38cfd2981796d0ea4d387aa35dd94c3a -> 
  custom:scripting/monoscript/fileName/IMGUIContainerPopupAdapter.cs: 78f7579efaac4d7bae44326ad899e4a1 -> 
  custom:scripting/monoscript/fileName/IOrganizationHandler.cs: f8b346f72bb06934d5f47a4eb5bf2f52 -> 
  custom:scripting/monoscript/fileName/XmlLinkedField.cs: 58331cd1e1b9bc9099ae07f125c40794 -> 
  custom:scripting/monoscript/fileName/IRetryPolicy.cs: c9ba57383c0678b5a8b1282e1f01a71e -> f230d1dc12e13c8165afdd97c9fa09c5
  custom:scripting/monoscript/fileName/Tile.cs: e6480a408e34695897b31a69fad2b871 -> a94101d916c115d73aff3567a86e16d8
  custom:scripting/monoscript/fileName/ServiceInstallationListener.cs: 4f550d886426ad05d9cb021f02f3b5c8 -> 
  custom:scripting/monoscript/fileName/PackageConfig.cs: 6c65665380cc70d71f22e981e56d92cf -> 
  custom:scripting/monoscript/fileName/UnityOrganizationMemberV1.cs: 29203c4e087d3ba2203081bd2717405e -> 
  custom:scripting/monoscript/fileName/UnityCreateEnvironmentRequest.cs: a9b0f13e8545f9920554463818374956 -> 
  custom:scripting/monoscript/fileName/ServiceFlagEndpoint.cs: 95ebbb4e72d70a377056cbf3d7a7020c -> 
  custom:scripting/monoscript/fileName/EventBinding.Gen.cs: 90647cc400823b41df847a6cbfc29026 -> 
========================================================================
Received Prepare
Begin MonoManager ReloadAssembly
C:\build\output\Unity-Technologies\mono\mono\metadata\icall.c:1842:
C:\build\output\Unity-Technologies\mono\mono\metadata\icall.c:1842:
C:\build\output\Unity-Technologies\mono\mono\metadata\icall.c:1842:
C:\build\output\Unity-Technologies\mono\mono\metadata\icall.c:1842:
C:\build\output\Unity-Technologies\mono\mono\metadata\icall.c:1842:
C:\build\output\Unity-Technologies\mono\mono\metadata\icall.c:1842:
C:\build\output\Unity-Technologies\mono\mono\metadata\icall.c:1842:
C:\build\output\Unity-Technologies\mono\mono\metadata\icall.c:1842:
C:\build\output\Unity-Technologies\mono\mono\metadata\icall.c:1842:
C:\build\output\Unity-Technologies\mono\mono\metadata\icall.c:1842:
C:\build\output\Unity-Technologies\mono\mono\metadata\icall.c:1842:
C:\build\output\Unity-Technologies\mono\mono\metadata\icall.c:1842:
Assembly 'Library/ScriptAssemblies/Unity.Services.Analytics.Editor.dll' will not be loaded due to errors:
Reference has errors 'Unity.Services.Core.Editor'.
Assembly 'Library/ScriptAssemblies/Unity.Services.Core.Configuration.Editor.dll' will not be loaded due to errors:
Unable to resolve reference 'System.Security.Permissions'. Is the assembly missing or incompatible with the current platform?
Reference validation can be disabled in the Plugin Inspector.
Assembly 'Library/ScriptAssemblies/Unity.Services.Core.Editor.dll' will not be loaded due to errors:
Reference has errors 'Unity.Services.Core.Configuration.Editor'.
Assembly 'Library/ScriptAssemblies/Unity.Services.Core.Environments.Editor.dll' will not be loaded due to errors:
Reference has errors 'Unity.Services.Core.Editor'.
Assembly 'Library/ScriptAssemblies/UnityEditor.Purchasing.dll' will not be loaded due to errors:
Reference has errors 'Unity.Services.Core.Editor'.
Assembly 'Library/ScriptAssemblies/UnityEngine.Advertisements.DevX.Editor.dll' will not be loaded due to errors:
Reference has errors 'Unity.Services.Core.Editor'.
Symbol file LoadedFromMemory is not a mono symbol file
- Loaded All Assemblies, in  0.690 seconds
Refreshing native plugins compatible for Editor in 7.00 ms, found 2 plugins.
Native extension for Android target not found
Native extension for WindowsStandalone target not found
Mono: successfully reloaded assembly
- Finished resetting the current domain, in  0.760 seconds
Domain Reload Profiling: 1444ms
	BeginReloadAssembly (182ms)
		ExecutionOrderSort (0ms)
		DisableScriptedObjects (6ms)
		BackupInstance (0ms)
		ReleaseScriptingObjects (0ms)
		CreateAndSetChildDomain (46ms)
	RebuildCommonClasses (30ms)
	RebuildNativeTypeToScriptingClass (9ms)
	initialDomainReloadingComplete (33ms)
	LoadAllAssembliesAndSetupDomain (430ms)
		LoadAssemblies (313ms)
		RebuildTransferFunctionScriptingTraits (0ms)
		AnalyzeDomain (210ms)
			TypeCache.Refresh (203ms)
				TypeCache.ScanAssembly (189ms)
			ScanForSourceGeneratedMonoScriptInfo (3ms)
			ResolveRequiredComponents (4ms)
	FinalizeReload (760ms)
		ReleaseScriptCaches (0ms)
		RebuildScriptCaches (0ms)
		SetupLoadedEditorAssemblies (363ms)
			LogAssemblyErrors (0ms)
			InitializePlatformSupportModulesInManaged (24ms)
			SetLoadedEditorAssemblies (3ms)
			BeforeProcessingInitializeOnLoad (87ms)
			ProcessInitializeOnLoadAttributes (215ms)
			ProcessInitializeOnLoadMethodAttributes (26ms)
			AfterProcessingInitializeOnLoad (8ms)
			EditorAssembliesLoaded (0ms)
		ExecutionOrderSort2 (0ms)
		AwakeInstancesAfterBackupRestoration (6ms)
Refreshing native plugins compatible for Editor in 6.65 ms, found 2 plugins.
Preloading 0 native plugins for Editor in 0.00 ms.
Unloading 2976 Unused Serialized files (Serialized files now loaded: 0)
Unloading 48 unused Assets / (42.3 KB). Loaded Objects now: 3518.
Memory consumption went from 119.0 MB to 118.9 MB.
Total: 5.929200 ms (FindLiveObjects: 0.558300 ms CreateObjectMapping: 0.256100 ms MarkObjects: 4.972100 ms  DeleteObjects: 0.139600 ms)

Prepare: number of updated asset objects reloaded= 0
AssetImportParameters requested are different than current active one (requested -> active):
  custom:scripting/monoscript/fileName/Factories.Gen.cs: c9550e2a227c017a16a3e473be870754 -> 
  custom:container-demuxer-ogg: 62fdf1f143b41e24485cea50d1cbac27 -> 
  custom:scripting/monoscript/fileName/EditorGameServiceRegistry.cs: 0265fd85a62bd33c32f256257ebc576f -> 
  custom:scripting/monoscript/fileName/ProgressBar.Gen.cs: 09dcf9975c3de3bc94763c35db49d364 -> 
  custom:scripting/monoscript/fileName/BuildPreprocessor.cs: f39f088a536b85d0407d8f34843a9005 -> 
  custom:scripting/monoscript/fileName/IEditorAnalyticsEventRegistrant.cs: c4a0f7089b5b21ceafb7834c915d762f -> 
  custom:scripting/monoscript/fileName/SettingsCommonHeaderUiHelper.cs: 394582b395d6aebbb1e6e49abf6a1645 -> 
  custom:scripting/monoscript/fileName/WinRTPatcher.cs: 54fcd52feeaf5a4d942eec16eb2b0dd2 -> 
  custom:scripting/monoscript/fileName/AsyncOpRetry.cs: 7d4b426ab21943de744ee7f413070273 -> 
  custom:scripting/monoscript/fileName/AppleConfigurationSettingsBlock.cs: 95276e7fc3789b14b620be55b26bc2dc -> 
  custom:scripting/monoscript/fileName/EventComponents.cs: 5de67af9bfd0049f6e44652589815b56 -> 
  custom:scripting/monoscript/fileName/Notifications.Gen.cs: 0b77852ac67d3ab84f489a2ddbdf8168 -> 
  custom:scripting/monoscript/fileName/EventActions.cs: 11d27e640f5151c3cb44dc92f08064c2 -> 
  custom:scripting/monoscript/fileName/ProjectStateRequest.cs: 6ba5b48af1466d2a4dbb6e908352d7c6 -> 
  custom:scripting/monoscript/fileName/IPurchasingSettingsUIBlock.cs: e821574d17989de5b2494de8531e7bd3 -> 
  custom:scripting/monoscript/fileName/ProjectStateHelper.cs: a377430869822a008fcaab13302eb7b2 -> 
  custom:scripting/monoscript/fileName/GoogleObfuscatorSection.cs: ae7077e724a9261630448ebeacf772d0 -> 
  custom:framework-win-MediaFoundation: 216162199b28c13a410421893ffa2e32 -> 
  custom:scripting/monoscript/fileName/EnvironmentInfo.cs: 78a754ae7b45de5c0f5a2d3aef9c92f6 -> 
  custom:scripting/monoscript/fileName/AnalyticsSettingsProvider.cs: 143ac3658fc53c5d5435c3b4bddb358a -> 
  custom:scripting/monoscript/fileName/GenericEditorDropdownSelectEventSenderHelpers.cs: 403ed8b62965796df5e9af0cd937b91b -> 
  custom:scripting/monoscript/fileName/GooglePlayConfigurationSettingsBlock.cs: af3d02affc151981bf807b7deaceea1f -> 
  custom:scripting/monoscript/fileName/AppStoreExtensionMethods.cs: 54b72c6741666ff5034f82652a3e4772 -> 
  custom:scripting/monoscript/fileName/StagingTokenExchangeUrls.cs: 7ddebca8557e1d6e23849e5e07df2296 -> 
  custom:scripting/monoscript/fileName/DeserializationSettings.cs: 1061b12039666d7d981cfe68ebb1982d -> 
  custom:scripting/monoscript/fileName/UdpSynchronizationApi.cs: 7fc4b780aad7ef8eb24dbbb4fe6a5c4e -> 
  custom:scripting/monoscript/fileName/XmlLinkedMember.cs: 83ebbc44b07d4de0b62121c7811a18b1 -> 
  custom:scripting/monoscript/fileName/ItemCreationUtility.cs: c57af52aa6b9ad17ab941b71b6b436c7 -> d1c4ddba747ed633116f555c0d69ace7
  custom:scripting/monoscript/fileName/FileSystem.cs: ab92d4d8629b2af54c3a35102bd12cc4 -> 
  custom:scripting/monoscript/fileName/ObfuscationMigration.cs: 0a0ae70d02cc3f2e0a8e73f50092d69f -> 
  custom:scripting/monoscript/fileName/JsonWebToken.cs: 576840f242d675d41e4a3e0094ff62a5 -> 
  custom:scripting/monoscript/fileName/IEditorGameServiceIdentifier.cs: a0ceaf826ce6fd5a1bb279e1579a965f -> 
  custom:scripting/monoscript/fileName/GenericEditorClickButtonEvent.cs: e302ea7b8979cc8926b394af5a60e274 -> 
  custom:scripting/monoscript/fileName/ActionSchedulerCleaner.cs: 1750f9737ba65c8b5f441e824f90784f -> 
  custom:scripting/monoscript/fileName/EventUINames.cs: 64fd302c3525bfd2e68dc02732187563 -> 
  custom:scripting/monoscript/fileName/UiConstants.cs: d033ded79bf016572865d25f033a7fc7 -> 
  custom:scripting/precompiled-assembly-types:Unity.Services.Analytics.Editor: ceb02baa99ac115bdc82d472d2b0d601 -> 
  custom:scripting/monoscript/fileName/AdminApiHeaders.Gen.cs: 90647cc400823b41df847a6cbfc29026 -> 
  custom:scripting/monoscript/fileName/PurchasingServiceAnalyticsRegistrar.cs: e816b7edf4d6dd9304d258b55d59c708 -> 
  custom:scripting/monoscript/fileName/VSCodeDiscovery.cs: d83b4aff57b85f583bfc60cfbb7e527e -> 
  custom:scripting/monoscript/fileName/UnityPatchProjectV1Request.cs: c6a39576d362d5719b8c0057b54f465b -> 
  custom:scripting/monoscript/fileName/IEnvironmentFetcher.cs: 4324c744baa655843f8a2db18e322b79 -> 
  custom:video-decoder-webm-vp8: 9c59270c3fd7afecdb556c50c9e8de78 -> 
  custom:scripting/monoscript/fileName/UnityUpdateOrganizationRequest.cs: c81a99780bba7daac8cc2c5dac469fe1 -> 
  custom:scripting/monoscript/fileName/GoogleConfigurationData.cs: 294c664c7d5abd3c1d0f5fcf45b58c58 -> 
  custom:scripting/monoscript/fileName/ProjectConfigurationBuilder.cs: 3a77bc00f860533701242ca98886ca86 -> 
  custom:scripting/monoscript/fileName/PurchasingServiceEnabler.cs: c0d2ea10b16074bff60638e7e6433dc4 -> 
  custom:SearchIndexIgnoredProperties: e643bd26f0fe6173181afceb89e7c659 -> 
  custom:scripting/monoscript/fileName/SystemEnvironmentPathUtils.Gen.cs: 9f60a7d4b8edfd5e67c66c89eee984df -> 
  custom:scripting/monoscript/fileName/EnvironmentsApiInternal.cs: ddda38a23193b92419a4176f3ffd04a7 -> 
  custom:scripting/monoscript/fileName/EnvironmentServiceRegistry.cs: 87c6dee4ea55850e884c48687d120061 -> 
  custom:scripting/monoscript/fileName/IoUtils.cs: 407719a7637f4a4931cf4ba6f0c431e9 -> 
  custom:scripting/monoscript/fileName/XmlLinkedMethod.cs: 0832a872e8f410f9dbd4e4797775d14c -> 
  custom:scripting/monoscript/fileName/ConstructorNotFoundException.Gen.cs: d5eeea08ebee99ae8f097d0f6c2b88b0 -> 
  custom:scripting/monoscript/fileName/AbstractObfuscatorSection.cs: 9e462b361593bcba1f1c42235d92b6a5 -> 
  custom:scripting/monoscript/fileName/Responses.cs: cf8e91b141cc85b29c745e415fc1f688 -> 
  custom:scripting/monoscript/fileName/CoreStatsIntegration.cs: 49f1f08c08ead216067307077161707e -> 
  custom:scripting/monoscript/fileName/GooglePlayProductCatalogExporter.cs: 0de9052135352e603d8c2f51af82bc72 -> 
  custom:scripting/monoscript/fileName/DefaultApiRequests.cs: 0c40f474d191c79755786a315c4d3837 -> 
  custom:scripting/monoscript/fileName/PlatformSupportUiHelper.cs: c2fb091feeb92fc6d04201e72415cd6f -> 
  custom:scripting/monoscript/fileName/PurchasingSettingsProvider.cs: d717bed9e4ed814d58b6259f7f991f59 -> 
  custom:scripting/monoscript/fileName/IConfigurationProvider.cs: af9003c2ff2e581cf6d2023a9420f4ca -> 
  custom:scripting/monoscript/fileName/ProjectBindRedirectUiConstants.cs: 1d3bd9a52471c7a484b82396440177cc -> 
  custom:scripting/monoscript/fileName/EditorGameServiceFlagEnabler.cs: ed4b01161596daf6c007c5cb985797df -> 
  custom:scripting/monoscript/fileName/UnityListProjects200Response.cs: 428e859b4396ae3112aa4ecacae32fbf -> 
  custom:scripting/monoscript/fileName/EnvironmentNotFoundException.cs: 8f8ecf9219a7a93736afa67d923d561a -> 
  custom:scripting/monoscript/fileName/AppleObfuscatorSection.cs: 015cd7e0fe0037bcbc2b77ab630d05e2 -> 
  custom:scripting/monoscript/fileName/CloudEnvironmentConfigProvider.Gen.cs: 5a0c9bc3528e508605862cace6052ab9 -> 
  custom:scripting/monoscript/fileName/IProjectStateRequest.cs: 27b27df4e3b68078a5908d7df6fce95f -> 
  custom:scripting/monoscript/fileName/GoogleConfigurationWebRequests.cs: d8be2f968bdceb845dbf49efe2db2931 -> 
  custom:scripting/monoscript/fileName/EditorAnalyticsDataSignature.cs: b8257e66c10f14e4e81bd82ec5e76c22 -> 
  custom:scripting/monoscript/fileName/PurchasingServiceAnalyticsSender.cs: 6f24159ff38adc56d0d2e3996605b113 -> 
  custom:scripting/monoscript/fileName/AnalyticsWarningServiveSettingsBlock.cs: 7d6a6da61a94f17e479cd0755e0c06a4 -> 
  custom:scripting/monoscript/fileName/EditorGameServiceDashboardHelper.cs: ea8538090dcae2327f4c15e2ca056258 -> 
  custom:scripting/monoscript/fileName/BuildTargetGroupExtensions.cs: c338739496d4f359d04e44c3beae4306 -> 
  custom:scripting/monoscript/fileName/ApplyRevertChangeTracker.Gen.cs: 90647cc400823b41df847a6cbfc29026 -> 
  custom:scripting/monoscript/fileName/DefaultApi.cs: 1d4ada5f7be42c3459105e8a4ff7befa -> 
  custom:scripting/monoscript/fileName/EditorTimer.cs: 481d241555bb2caea52276bc80c44dd0 -> 
  custom:scripting/monoscript/fileName/XmlLinkerModel.cs: d4c2817476b9b278a7b7808d61032596 -> 
  custom:audio-encoder-webm-vorbis: bf7c407c2cedff20999df2af8eb42d56 -> 
  custom:scripting/monoscript/fileName/AdsServiceTopMenu.cs: 4259d1e69413eee1dc15f63471a1123f -> 
  custom:scripting/monoscript/fileName/GameServicesAnalyticsPackageKeyHolder.cs: b614e00aebf48aecafdabfe91c842c44 -> 
  custom:scripting/monoscript/fileName/JsonHelpers.cs: 8837ad713480b6b5528a3b03a0d76fa1 -> 
  custom:scripting/monoscript/fileName/DefaultCdnConfiguredEndpoint.cs: 624837102d8bef2a2323b0b82727af95 -> 
  custom:scripting/monoscript/fileName/Scope.Gen.cs: 409412ebac5387d01283cada94af8d59 -> 
  custom:scripting/monoscript/fileName/Map.cs: 5d37794e840bf987c79fcaa835c2318b -> 39867eba16de7ffb5ccb3c3305be51c9
  custom:scripting/monoscript/fileName/SliderToggleUiHelper.cs: 297bb968c6a98e033483e5885bc5e941 -> 
  custom:scripting/monoscript/fileName/IFileSystem.cs: d0a5668d9c43d0a16eec8fa2a37aa20c -> 
  custom:scripting/monoscript/fileName/UnityCreateAddressRequest.cs: 231eb736f0a651a8ee21e6aa579173ae -> 
  custom:scripting/monoscript/fileName/NetworkingUtils.cs: 91d5abbde19000edd1eff4879df8a43a -> 
  custom:scripting/monoscript/fileName/EnvironmentsClient.cs: 9c80a43488077f46562fa053df484911 -> 
  custom:scripting/monoscript/fileName/Soldier.cs: 425894b8f52afea1bbf21cf22137070d -> 932ebbaeac616fd05097e260485bc303
  custom:scripting/monoscript/fileName/PathUtils.Gen.cs: 5ddc0068a1cf521fafc42781cf03a3a9 -> 
  custom:scripting/monoscript/fileName/XmlLinkedModelsExtensions.cs: 9e8a2b9216079ba87ebfd084960b4ac0 -> 
  custom:video-decoder-ogg-theora: a1e56fd34408186e4bbccfd4996cb3dc -> 
  custom:scripting/monoscript/fileName/ProjectUnlinkBuildWarning.cs: c52465de41a758f7a3babb293254b52b -> 
  custom:scripting/monoscript/fileName/GameIdsUi.cs: 7f9de94899f7caa856844cd5dd6bebbb -> 
  custom:scripting/monoscript/fileName/IEnvironmentService.cs: d28a6fb640eb356196b9c1017c7a0d37 -> 
  custom:scripting/monoscript/fileName/SignatureDefinitions.cs: db2ef2a12a430266c877392c3742935f -> 
  custom:scripting/monoscript/fileName/GameServicesEventActions.cs: 3fb0b095a7ae9818ef746b8cd79a7fa9 -> 
  custom:scripting/monoscript/fileName/EnvironmentChangedParameters.cs: 0ad6f60cc0b0e0ea02aed10221f7c8a8 -> 
  custom:scripting/monoscript/fileName/RichEditorWindow.cs: 2d6dc43345787ee3ccbed38b233bec6e -> 
  custom:scripting/monoscript/fileName/GenericEditorClickCheckboxEventSenderHelpers.cs: 58a308e792fcf4f449e3296f828e789a -> 
  custom:scripting/monoscript/fileName/ProjectBindRedirectContentUI.cs: ea393b5b63051e326686665efb7ed1d2 -> 
  custom:scripting/monoscript/fileName/XmlLinkedProperty.cs: 29784440eed3b7889f0bfe76633cc000 -> 
  custom:scripting/monoscript/fileName/Singleton.Gen.cs: 66c389d1e92bc70efd18b5d3b46f6bca -> 
  custom:scripting/monoscript/fileName/ConfigurationBuilder.cs: 66d199ae60d28cb6554d3c4ee75fd74b -> b93c0a48ae48667b57c85ae10041add4
  custom:scripting/monoscript/fileName/EnvironmentView.cs: eacb7d766ee45d9a07ea107dc0c80ac6 -> 
  custom:scripting/monoscript/fileName/AccessTokens.cs: 7f3bd47a4ee3b608248d36969879b607 -> 
  custom:scripting/monoscript/fileName/GenericEditorClickMenuItemEvent.cs: 2a997550bf0ed42bd152a66bd81a91ce -> 
  custom:scripting/monoscript/fileName/GUIDGenerator.cs: 6dd6e35608006bcfade7642e5de04c6b -> 
  custom:scripting/monoscript/fileName/UnityOrganizationWithAddressV1.cs: 0255bc6178742cff2a423de9eb51e6a2 -> 
  custom:scripting/monoscript/fileName/UIResourceUtils.cs: 103100b8fbe92e863142414ae78e3e0e -> 
  custom:scripting/monoscript/fileName/ThreadHelper.cs: 1d011737e8133fca1a700a78b9269e43 -> 
  custom:scripting/precompiled-assembly-types:Unity.Services.Core.Configuration.Editor: 9ec415489f81483910eef61e419cb1d9 -> 
  custom:scripting/monoscript/fileName/JsonObjectConverter.cs: 38bbb4aa4e7eb125ad2bec69e448a02f -> 
  custom:scripting/monoscript/fileName/IServiceFactory.Gen.cs: 5696ff4e8140aef57b36c4052f3bfc23 -> 
  custom:scripting/monoscript/fileName/IUserRoleHandler.cs: 33c258d1966d18e84a25c5d4701ea0a4 -> 
  custom:scripting/monoscript/fileName/IDeserializable.cs: 16d3138d206e866a34233b134f1222b0 -> 
  custom:scripting/monoscript/fileName/MergedObservableCollection.Gen.cs: 90647cc400823b41df847a6cbfc29026 -> 
  custom:scripting/monoscript/fileName/IapListenerMenu.cs: b6a9eec9cfc40ccd4474af463ac23cec -> 
  custom:scripting/monoscript/fileName/UnityUserGuestProjectV1.cs: 58ac7a8966d050da82ebd9946d7ad9a7 -> 
  custom:scripting/monoscript/fileName/IsolatedJsonConvert.cs: d399be4ef15efaacaf7758f4b29d410e -> 
  custom:scripting/monoscript/fileName/MappedObservableCollection.Gen.cs: 90647cc400823b41df847a6cbfc29026 -> 
  custom:scripting/monoscript/fileName/UnityGetOrganizationMembers200Response.cs: 2a3745ba3cf60a91cc07f675b5cfe7f0 -> 
  custom:scripting/monoscript/fileName/CloudEnvironmentConfigProvider.cs: 0d9357504beb82cf1f27ae6c7b6ddec2 -> 
  custom:scripting/monoscript/fileName/PlatformsAndStoresEnabledServiceSettingsBlock.cs: 49f54cabdee8715678a8895d38afc07f -> 
  custom:scripting/monoscript/fileName/ProjectInfo.cs: d289d5cd3d7bbcf9a82d73b4aa756d36 -> 
  custom:scripting/monoscript/fileName/ServiceCollection.Gen.cs: ee70a277f1bc1e6641d018ca44380804 -> 
  custom:scripting/monoscript/fileName/GoogleConfigService.cs: e513da03dcb8fa62d11262aade26106f -> 
  custom:scripting/monoscript/fileName/MetaSoldier.cs: 0bc067564659d9d486eca19f548d4b73 -> 2885d39400bd9670476c2552bb88f57d
  custom:scripting/monoscript/fileName/IapCatalogServiceSettingsBlock.cs: d55a7df5f084f1c0bd50f0c2d38889ca -> 
  custom:scripting/monoscript/fileName/AssetUtils.cs: f2faf7ad4b4b5b06d49e576afa8ccb42 -> 
  custom:scripting/monoscript/fileName/GenericEditorSelectDropdownEvent.cs: 0ce9632db9420922f68289388eda5a48 -> 
  custom:scripting/monoscript/fileName/SettingsUIUtils.cs: 611d71542e9444fbdc354f8ce91e9aeb -> 
  custom:scripting/monoscript/fileName/GameServicesEventSenderHelpers.cs: ddffc98ffd93911cd9d197417c8f8bc7 -> 
  custom:scripting/monoscript/fileName/PlatformsAndStoresServiceSettingsBlock.cs: c93db53bf17edd2d4bee93e9e85980ea -> 
  custom:scripting/monoscript/fileName/ServiceFlagRequest.cs: 81cbfe44ade2ec4f46d5579d02db90c8 -> 
  custom:scripting/monoscript/fileName/UnityProjectV1.cs: 33ee54c3546ae8cbce557ab2aca1756e -> 
  custom:scripting/monoscript/fileName/ProjectState.cs: 5da9c4bc1768108d8af5cc6cbfdc9de1 -> 
  custom:scripting/monoscript/fileName/UnityGetEnvironments200Response.cs: 337f99d16b0b96efb2206d69acad4db0 -> 
  custom:scripting/monoscript/fileName/BasePurchasingState.cs: 26720e90b9fa45646ccc227a0156d1f6 -> 
  custom:scripting/precompiled-assembly-types:Unity.Services.Core.Environments.Editor: c513537303a9971e6d5ba0095e07a40f -> 
  custom:scripting/precompiled-assembly-types:UnityEngine.Advertisements.DevX.Editor: 449bc6495704356372c9c402e7625b84 -> 
  custom:scripting/monoscript/fileName/UserRoleRequest.cs: ec15cd6950c1f795ee59736c71998788 -> 
  custom:scripting/monoscript/fileName/SwitchStoreEditorWindow.cs: 7a1562e416cfde43be7b398178d711f6 -> 
  custom:scripting/monoscript/fileName/TokenExchange.cs: bbd1ed03e8e3970b0887123f043469e1 -> 
  custom:scripting/monoscript/fileName/EnvironmentIdentifier.cs: 39ee00a0ac13884055f18f6371bacd6d -> 
  custom:scripting/monoscript/fileName/EnvironmentsConstants.cs: 24e9760363ef695978ba684e5d610a82 -> 
  custom:scripting/monoscript/fileName/ProjectBindRedirectPopupUI.cs: e3fb92bd3ee82c9407053c4d3860bb4f -> 
  custom:scripting/monoscript/fileName/LinkFileGenerator.cs: 51b5323d52299fec9236d04721b91f22 -> 
  custom:scripting/monoscript/fileName/MapHighlighter.cs: c7443e770079875337d70f6e6ac97376 -> 51535e4100b1e2e3fae253b95048cf01
  custom:scripting/monoscript/fileName/EnvironmentAnalytics.cs: df86ce352df40dfa102b41458fb9f770 -> 
  custom:scripting/monoscript/fileName/AssemblyNameProvider.cs: 7145090b977b4a4af2c7ee452bb803ed -> 5210529ddc67cdb852122f447527c528
  custom:scripting/monoscript/fileName/EnvironmentService.cs: 22bbc46856bf7062678eb8e6e54cf9a2 -> 
  custom:scripting/monoscript/fileName/DeserializationException.cs: 76d207fdb77fb9b4f630a482f86ccf1d -> 
  custom:scripting/monoscript/fileName/JsonObject.cs: 9ceeaef7b0ccbe23e282545eff3ff92a -> 
  custom:scripting/monoscript/fileName/HttpException.cs: f6827940c1f3397a3e9f5ed27d96f36c -> 
  custom:scripting/monoscript/fileName/ServiceProvider.Gen.cs: fb28411e62c1911933783faa92ae27e4 -> 
  custom:scripting/monoscript/fileName/GenericEditorButtonClickEventSenderHelpers.cs: f7b7637b21d23c46de7361496ba6cf2d -> 
  custom:scripting/monoscript/fileName/EnvironmentServiceExtensions.cs: ac6a6c148393eb9a5f8fb75c98af0cdb -> 
  custom:scripting/monoscript/fileName/MapInputController.cs: 9b3bed9a1707ab84ce6fc17e6b40b8a6 -> 31b7e3eaee95ee12620813c62b9c0c1e
  custom:scripting/monoscript/fileName/ApplePriceTiers.cs: b989fff8978aaf02f779fffa77bf224a -> 
  custom:scripting/monoscript/fileName/AnalyticsEditorGameService.cs: abf31bf0cff9d357c8a82164f2aa3a5a -> 
  custom:scripting/monoscript/fileName/GenericEditorGameServiceEvent.cs: a057ea7152d7c01c2d84a208351bcd34 -> 
  custom:scripting/monoscript/fileName/EditorGameServiceAnalyticsSender.cs: dbf819a7f3bf8b7979066160aed489ba -> 
  custom:scripting/monoscript/fileName/VisualElementHelper.cs: 0b84949c228ae121ca9bc47ce2ce3ccc -> 
  custom:scripting/precompiled-assembly-types:UnityEditor.Purchasing: c52cc6fee500268db74a823566fb790c -> 
  custom:scripting/monoscript/fileName/Spawner.cs: 9efe634af024a91c48e4938ac319cf23 -> 7de732fab2c49f3068a483eb669d8d17
  custom:scripting/monoscript/fileName/Alien.cs: 07fb7fe977b27c2a7759dc8b01069801 -> 889e465c5ac9f83e1e170b62d2cdb043
  custom:scripting/monoscript/fileName/UdpInstaller.cs: df07aea60e5d7fa5302343a4e1591930 -> 
  custom:scripting/monoscript/fileName/ResponseHandler.cs: d3309722a6b35e47fbfcd01d3512a138 -> 
  custom:scripting/monoscript/fileName/HttpClientResponse.cs: 9313baa475ddca44cec07c4995e4adab -> 
  custom:scripting/monoscript/fileName/IUserRoleRequest.cs: ccc5b229323b6e9c080254df6d4b51cb -> 
  custom:scripting/monoscript/fileName/XmlLinkedEvent.cs: efe4e7e159b94963c650fb293df0f9ff -> 
  custom:scripting/monoscript/fileName/GenericEditorEditFieldEvent.cs: f28e1405c57930036a57e5b3c327c540 -> 
  custom:scripting/monoscript/fileName/IAnalyticsPackageKeyHolder.cs: b3d1beff1d783762dd3011820716ed4c -> 
  custom:scripting/monoscript/fileName/EnvironmentsApi.cs: d5d1f45bf03abd7dd2f469acfd3b5bcb -> 
  custom:scripting/monoscript/fileName/ProjectBindRedirectPopupWindow.cs: 03988f1b5263bdfb55c00f001c224465 -> 
  custom:scripting/monoscript/fileName/IEnvironmentSaveSystem.cs: 8319bf770542e6764e5512ea06d2b015 -> 
  custom:scripting/monoscript/fileName/OrganizationProvider.cs: f2089b4351294d4815b134a51aba3d17 -> 
  custom:scripting/monoscript/fileName/BaseApiClient.cs: 8db05afd887e7e24cdb4782d155e924b -> 
  custom:scripting/monoscript/fileName/UnityGetUserGuestProjects200Response.cs: 101aa8e271472b02f3ae37c6ca9da3cb -> 
  custom:scripting/monoscript/fileName/TypeAlreadyRegisteredException.Gen.cs: f78f490406edcce398401642789c4f0d -> 
  custom:scripting/monoscript/fileName/AbstractRuntimeServices.Gen.cs: 90647cc400823b41df847a6cbfc29026 -> 
  custom:scripting/monoscript/fileName/VSCodeScriptEditor.cs: 976f19e81f1a1748ecd5ce0eeab6e373 -> 
  custom:scripting/monoscript/fileName/GenericEditorClickCheckboxEvent.cs: 939fcec4112c094c4c1f9cc29bf9dd55 -> 
  custom:scripting/monoscript/fileName/AdsSettingsProvider.cs: a37b7e055955eb28e22d58c92545d483 -> 
  custom:scripting/monoscript/fileName/Importer.cs: 182cc6562b8a77841c61b47ea0324273 -> 
  custom:scripting/monoscript/fileName/IapButtonMenu.cs: 29e7fa69c4f0c53833553c9393f895c3 -> 
  custom:scripting/monoscript/fileName/IServiceFlagRequest.cs: b3a0a6e65e5600f2006d43595e9e07b1 -> 
  custom:scripting/monoscript/fileName/AuthSignatureWebRequests.cs: 255cebe0d0c1b04bbec6d78a5250eaf9 -> 
  custom:scripting/monoscript/fileName/OfflineUiHelper.cs: 74f5179e6468b11d72cd60998e0c725b -> 
  custom:scripting/monoscript/fileName/PlatformsAndStoresDisabledServiceSettingsBlock.cs: 35b98eccef434a55cd89c8889d27e04c -> 
  custom:scripting/monoscript/fileName/RequestGameIds.cs: 1770056b730c30e9eb20371967cc7d54 -> 
  custom:scripting/monoscript/fileName/Sync.Gen.cs: ac834b133bcd24c6292144f8ec2fc479 -> 
  custom:scripting/monoscript/fileName/EnvironmentConfigProvider.cs: cadac2235852654a9596b0eac1628eac -> 
  custom:scripting/monoscript/fileName/AccessTokenErrorUiHelper.cs: 398831acfad9119e6105671c7f2d98b3 -> 
  custom:scripting/monoscript/fileName/ProjectConfigurationBuildInjectorWithPlayerProcessor.cs: bfe4c2bc0cd0ee036e60e1bfa30dda8a -> 
  custom:scripting/monoscript/fileName/IEnvironmentAnalytics.cs: c2ab3518cf2897a2ac4cf87258f13731 -> 
  custom:scripting/monoscript/fileName/ModelBinding.Gen.cs: 90647cc400823b41df847a6cbfc29026 -> 
  custom:scripting/monoscript/fileName/DependencyNotFoundException.Gen.cs: b85b8fa51199029c7dffa67f92fbcb8c -> 
  custom:scripting/monoscript/fileName/HttpClient.cs: 6f589aa53e23fc30613c9de6ca38fe21 -> 
  custom:scripting/monoscript/fileName/PurchasingGameService.cs: f0bc60f5b12285b24bac53906a0dda70 -> 
  custom:scripting/monoscript/fileName/ITokenExchangeUrls.cs: f529e59149e9ccc31fc5b827b34c33db -> 
  custom:scripting/monoscript/fileName/IapMenuConsts.cs: ff6082743aeb851b32f88f8385561e34 -> 
  custom:scripting/monoscript/fileName/ProductCatalogEditor.cs: cb6b1d956d54ae614f36e6ed073e1124 -> 
  custom:container-muxer-webm: aa71ff27fc2769a1b78a27578f13a17b -> 
  custom:scripting/monoscript/fileName/EnvironmentSettingsProvider.cs: 237263cbc2f115c0b90b2c3fc83a1110 -> 
  custom:scripting/monoscript/fileName/RetryPolicyConfig.cs: 533d36c1df5475ce177f07fcbfd5c545 -> 
  custom:scripting/monoscript/fileName/EnvironmentValidator.cs: 08b5a9dc48dd22c719e1975ef1db1683 -> 
  custom:scripting/monoscript/fileName/IAccessTokens.cs: 3e3094814f4dba04dfbc3053655e6598 -> 
  custom:scripting/monoscript/fileName/UserRoleRequestUiHelper.cs: a99a899edbebc06ce30ec51f79ff566a -> 
  custom:scripting/precompiled-assembly-types:Unity.Services.Core.Editor: 8981ac297f9ddc02fc2fcfd00c93bb8d -> 
  custom:AudioImporter_EditorPlatform: d09bf68614088b80899f8185d706f6e7 -> 
  custom:scripting/monoscript/fileName/CodelessIAPButtonEditor.cs: 451cedb132ff8048cd31d768bc77ff67 -> 
  custom:scripting/monoscript/fileName/PurchasingUrls.cs: dab2f03814a5047f8c9dbe249b084234 -> 
  custom:scripting/monoscript/fileName/Transient.Gen.cs: fb508b42c100a2c07b866a44f9ab3ed0 -> 
  custom:scripting/monoscript/fileName/PurchasingEnabledState.cs: 9b01670d32979414a57bae274160bf4b -> 
  custom:scripting/monoscript/fileName/ResponseDeserializationException.cs: ee4bcd8feef77e51dd56d7612403078e -> 
  custom:scripting/monoscript/fileName/SimpleStateMachine.cs: 849ed7f5b11c9db237ef61b01c5a5104 -> 
  custom:scripting/monoscript/fileName/PurchasingIdentifierKey.cs: 8f1dbe306ccc167f7dd8e9b34f86da82 -> 
  custom:scripting/monoscript/fileName/EventSources.cs: 85d1e7e5f9730544777d448768edb51b -> 
  custom:scripting/monoscript/fileName/UnityPurchasingEditor.cs: 712e91311ba89aaa6ca17dbe69835196 -> 
  custom:scripting/monoscript/fileName/SettingsUIConstants.cs: c4ed6af194097ceef03cb028d506634d -> 
  custom:scripting/monoscript/fileName/EditorValueTracker.Gen.cs: 90647cc400823b41df847a6cbfc29026 -> 
  custom:scripting/monoscript/fileName/ProjectConfigurationBuilderHelper.cs: f79e2dec68c2a8a55186a3fd4274546b -> 
  custom:scripting/monoscript/fileName/IEditorAnalyticsEvent.cs: 4b7eee2b443523af8f180068f1738c53 -> 
  custom:scripting/monoscript/fileName/AppleXMLProductCatalogExporter.cs: 220dece0c62737d3bc575663136e012d -> 
  custom:scripting/monoscript/fileName/EventSourceMenuItems.cs: f90ea15ca4ba5c45e6f4ff8dc016e1b3 -> 
  custom:scripting/monoscript/fileName/UnityGetUserPermissions200Response.cs: 7fdf29503cc5301312d984f2af06eb45 -> 
  custom:audio-decoder-ogg-vorbis: bf7c407c2cedff20999df2af8eb42d56 -> 
  custom:scripting/monoscript/fileName/GameServicesEventComponents.cs: ee3c151485cee2ea4609f79ec9492855 -> 
  custom:scripting/monoscript/fileName/GenericEditorFieldEditEventSenderHelpers.cs: 91cb4dff41e7feda97f0b63925ddaa86 -> 
  custom:scripting/monoscript/fileName/EnvironmentAnalyticsSender.cs: 8bcdd72c4f4f7ba6fed9617ecb7e992f -> 
  custom:scripting/monoscript/fileName/IWebRequest.cs: f8077547cc413a0c74af55ed1e0bc217 -> 
  custom:scripting/monoscript/fileName/Configuration.cs: a9750f7528aacdc11d7888c0eaff44a2 -> cc24c747281f83544d6532b3b619e82e
  custom:scripting/monoscript/fileName/TangleFileConsts.cs: e3dc62561a446e76a4e08b83a3d486d3 -> 
  custom:scripting/monoscript/fileName/XmlLinkedType.cs: 879123e42892f87010bef78e341312d0 -> 
  custom:scripting/monoscript/fileName/IAPButtonEditor.cs: 5deb59a3a69c2539aee2155d93361b13 -> 
  custom:scripting/monoscript/fileName/CollectionExtensions.Gen.cs: aff9dee80b4292d09c09f3acd69a3289 -> 
  custom:scripting/monoscript/fileName/IEditorGameService.cs: faa7656610bf6f8463e95c403d6c6e6c -> 
  custom:scripting/monoscript/fileName/EnvironmentSettings.cs: e2b98ee836b42374bfa16506e47055ce -> 
  custom:scripting/monoscript/fileName/InvalidJwtException.cs: 44c6d327479bc7179514ecd464e65b5b -> 
  custom:scripting/monoscript/fileName/UnityAddressV1.cs: 4d4ba30b341c7e72810f3c36b5914fa5 -> 
  custom:scripting/monoscript/fileName/IGatewayTokens.cs: af8d58613a9fd459a444ee8b327072b0 -> 
  custom:scripting/monoscript/fileName/EventTools.cs: 4a0eb83fb1da5881fedb4248638a4f5c -> 
  custom:scripting/monoscript/fileName/EnvironmentSelector.cs: c98b9a09bbd4b5a80fea1f579cd65362 -> 
  custom:scripting/monoscript/fileName/UnityListOrganizationFavoriteProjects200Response.cs: 2acfbc626d621e368ef9190462157b7a -> 
  custom:scripting/monoscript/fileName/Main.cs: bb30985c3b3d679b97600e53f9a96eb8 -> 94f67246a949cff22961c703e5bb4dcd
  custom:scripting/monoscript/fileName/EngineStateHelper.cs: ebfe492ca39645883d66825c2e77f1d0 -> 
  custom:scripting/monoscript/fileName/EnvironmentProvider.cs: e6441984086d3ec4f02dd82b6dec6df1 -> 
  custom:scripting/monoscript/fileName/JsonHelper.cs: 0b5759f67f92e2eb09febb2082aca955 -> 
  custom:scripting/monoscript/fileName/ReadOnlyObservableCollection.Gen.cs: 90647cc400823b41df847a6cbfc29026 -> 
  custom:scripting/monoscript/fileName/UnityUserOrganizationsV1OrganizationsInner.cs: 440e6e939c241944b318429e561d5df2 -> 
  custom:scripting/monoscript/fileName/IEditorGameServiceRegistry.cs: 4894c70fd515017ae46efb4f44f8b3e2 -> 
  custom:scripting/monoscript/fileName/EditorGameServiceRemoteConfiguration.cs: 0cdf409b5aa8d4c25876d72b5c6a3b60 -> 
  custom:scripting/monoscript/fileName/UnityUploadIconV1201Response.cs: a7cab146027c2f1549f57a603ca22560 -> 
  custom:scripting/monoscript/fileName/EnvironmentSaveSystem.cs: 931610e413c03621f898c65e36f44fc6 -> 
  custom:scripting/monoscript/fileName/EnvironmentsClientFactory.cs: 325dec75592389c16ac743f438f24960 -> 
  custom:scripting/monoscript/fileName/IProjectStateHelper.cs: 3adea7eb7ff850864d22d07f530e0111 -> 
  custom:scripting/monoscript/fileName/IHttpClient.cs: 88481d25a1f892f1dc32d0efcddba205 -> de22db9dc76ba43fdb9cdad03e8f385e
  custom:scripting/monoscript/fileName/ICopyable.Gen.cs: 90647cc400823b41df847a6cbfc29026 -> 
  custom:scripting/monoscript/fileName/PluginUtils.cs: 622cad900c32a75eb031e24b63abb3d9 -> 
  custom:scripting/monoscript/fileName/ObfuscatorWindow.cs: 0c6fb80775e75554405faa680d14088f -> 
  custom:scripting/monoscript/fileName/UnityUserOrganizationsV1.cs: 73dafadd41de13ace6058db610522dcd -> 
  custom:scripting/monoscript/fileName/GettingStartedUi.cs: df3891749d02f246e39cc01e02e45428 -> 
  custom:scripting/monoscript/fileName/OrganizationHandler.cs: 8e4686813d139f7c9962131a6d917980 -> 
  custom:scripting/monoscript/fileName/UnityTransferProjectRequest.cs: 160aa9e78d67107dbad79b2602ea5baf -> 
  custom:scripting/monoscript/fileName/FileIO.cs: e12d7b1846fe00e4e229609939e0062b -> 
  custom:scripting/monoscript/fileName/AdsService.cs: a80fe44f6bb90ae25095abab21494c0c -> 
  custom:scripting/monoscript/fileName/ProjectGeneration.cs: 7c3150a04cd2de8ef9bdd48a0f99701a -> 9a60ae906ea060222f7967033c27f7ed
  custom:scripting/monoscript/fileName/UnityWebRequestExtensions.cs: 358a1820106838470b1cb4cd7e3908ac -> 
  custom:CustomObjectIndexerAttribute: 756ad292c208cfabdd7b50bc23989ffe -> 
  custom:scripting/monoscript/fileName/UnityCreateOrganizationRequest.cs: 4cf5c8730ffaa3c5888d236ebc6475fc -> 
  custom:scripting/monoscript/fileName/EditorGameServiceSettingsProvider.cs: 2cb6ae4d961883e67f3e282b18d40d94 -> 
  custom:container-demuxer-webm: 4f35f7cbe854078d1ac9338744f61a02 -> 
  custom:scripting/monoscript/fileName/IdentityIOneOf.cs: 29de1876e6381d1376e3875f63eb04e7 -> 
  custom:scripting/monoscript/fileName/IEnvironmentProvider.cs: 3109b26c8523241ba567e094603484cc -> 
  custom:scripting/monoscript/fileName/UnityWebRequestHelpers.cs: 0394add6a9f301a01222078b29ac0b18 -> 
  custom:scripting/monoscript/fileName/PurchasingDisabledState.cs: 860bb89923c27ff5ce820f6bc67f43a9 -> 
  custom:scripting/monoscript/fileName/LoggedOutUiHelper.cs: ded703f4d077a86b901d24f648f694ca -> 
  custom:scripting/monoscript/fileName/Actor.cs: 3d826204c92fd10dd94a2f334e1177d3 -> 0abb70612a82cab169f5137966377581
  custom:scripting/monoscript/fileName/CollectionBinding.Gen.cs: 90647cc400823b41df847a6cbfc29026 -> 
  custom:scripting/monoscript/fileName/ExceptionHelper.cs: 074ec3a4464566a6e9a1f4db3dfb905f -> 
  custom:scripting/monoscript/fileName/StatusCodePolicyConfig.cs: a90864f22acd00607534d01b8dae197f -> 
  custom:scripting/monoscript/fileName/ProjectBindRedirectProjectSettingsUi.cs: 07a51e74c57a4053931e01d14a91288e -> 
  custom:scripting/monoscript/fileName/IProjectInfo.cs: 2c81b6190195adf1450efd9b8f54de95 -> 
  custom:scripting/monoscript/fileName/PackageInfoNameComparer.cs: ea0f38f3a3ddb0faa351ccba3098624f -> 
  custom:scripting/monoscript/fileName/UnityWebRequestHelper.cs: 2e5cbc5c38937ccdc5de3700aaa6f529 -> 
  custom:scripting/monoscript/fileName/RetryPolicy.cs: e04bb42ac963f6250bc780a051aeca72 -> 
  custom:scripting/monoscript/fileName/AbstractIAPButtonEditor.cs: bd135a187836d14562af16e8a1ff7bdd -> 
  custom:scripting/monoscript/fileName/GameplayOrchestrator.cs: 1bf870a1ff2512a3d0900883a1d5f6fd -> 
  custom:scripting/monoscript/fileName/IAnalyticsSender.cs: 27ac0f3c61390701fdd3b82b17bedf22 -> 
  custom:scripting/monoscript/fileName/UserRoleHandler.cs: a42f5e4f9979e28831240d76ea709864 -> 
  custom:scripting/monoscript/fileName/IEnvironmentValidator.cs: bdc1089a446560e3518f7ac97786d874 -> 
  custom:scripting/monoscript/fileName/TangleObfuscator.cs: e1c3bc3b415aa447f9783445ef0f4ba6 -> 
  custom:scripting/monoscript/fileName/PurchasingServiceIdentifier.cs: b6abd54527e8ee2bb83cf0df16c2a6d6 -> 
  custom:scripting/monoscript/fileName/UnityCreateProjectRequest.cs: 553b660d315929e3419e6a209f9bb6ab -> 
  custom:scripting/monoscript/fileName/UnityEnvironmentV1.cs: 1eea8ffdfb5010d89d3ba557b2d50eab -> 
  custom:scripting/monoscript/fileName/UiUtils.cs: 92a38366a2a31d6040f0b68e2f09cfff -> 
  custom:scripting/monoscript/fileName/GatewayTokens.cs: 53270745929a7034c3268a07c13af48c -> 
  custom:scripting/monoscript/fileName/MethodNotFoundException.Gen.cs: 0dccde8d1181b58956dff819eeec312c -> 
  custom:scripting/monoscript/fileName/StartLocation.cs: 733e60a5fdcc4baa25d2c975787b3f2e -> 7b7857f2e8490fb77b132baa49a3eb90
  custom:scripting/monoscript/fileName/IProjectEditorDrawerFactory.cs: 18c5020e4a357b0471f706a6144cefa8 -> 
  custom:scripting/monoscript/fileName/UnityOrganizationV1.cs: 202fa32fa70a6d9b0b74b5c00b1b741c -> 
  custom:scripting/monoscript/fileName/IEditorGameServiceAnalyticsSender.cs: 16523e3d16356ae30addab5eaf4685a1 -> 
  custom:scripting/monoscript/fileName/ImageHelper.cs: 725cdaa027b7fb6fdd77c26dce14244f -> 
  custom:scripting/monoscript/fileName/IScopedServiceProvider.Gen.cs: a3e3117c2208173e411da686f8072dfc -> 
  custom:scripting/monoscript/fileName/XmlLinkedAssembly.cs: 997f803bab31374df714b0d6f004c82e -> 
  custom:scripting/monoscript/fileName/CloudProjectWebRequest.cs: 4ef3b8c22d659f89f70f2975e01f075e -> 
  custom:scripting/monoscript/fileName/ValidationResult.cs: 12d4a9b1790e80408d1518f479a1a01f -> 
  custom:scripting/monoscript/fileName/AdsServiceEnabler.cs: 302965511998f922cc7771b61e27c203 -> 
  custom:scripting/monoscript/fileName/PurchasingSettingsKeywords.cs: bb5d46055db409bfc8897e0caa69fcc9 -> 
  custom:scripting/monoscript/fileName/OperatePackageVersionConfigProvider.cs: 67b4bf8d5d449d0353b963ad0e103a72 -> 
  custom:scripting/monoscript/fileName/IEnvironmentsApi.cs: 10309d62b29707db950e5d0457e82d84 -> 
  custom:video-encoder-webm-vp8: eb34c28f22e8b96e1ab97ce403110664 -> 
  custom:scripting/monoscript/fileName/AdsServiceIdentifier.cs: a0c2b0ec1b0e22d4822c4f9daff3c51d -> 
  custom:scripting/monoscript/fileName/IWebRequestInternal.cs: 5da3cc2ba749e6939c5925866fd37935 -> 
  custom:scripting/monoscript/fileName/IReadOnlyObservable.Gen.cs: 90647cc400823b41df847a6cbfc29026 -> 
  custom:scripting/monoscript/fileName/BaseObfuscatorSection.cs: f1b4d72e485c722fd71df41ce44dfe6a -> 
  custom:scripting/monoscript/fileName/AdsDashboardUrls.cs: 639222f61a8da5d8eabec0179d12155f -> 
  custom:scripting/monoscript/fileName/ProductionTokenExchangeUrls.cs: d51f7b5f35d9e0171f3c69e63ce67736 -> 
  custom:scripting/monoscript/fileName/ObfuscationGenerator.cs: 5cd85b4dccf7de616d4a58ce243ecba1 -> 
  custom:scripting/monoscript/fileName/IEditorGameServiceEnabler.cs: 9ba91e68464ed1031653bae083d9cbd8 -> 
  custom:scripting/monoscript/fileName/GenericEditorMenuItemClickEventSenderHelpers.cs: 38cfd2981796d0ea4d387aa35dd94c3a -> 
  custom:scripting/monoscript/fileName/IMGUIContainerPopupAdapter.cs: 78f7579efaac4d7bae44326ad899e4a1 -> 
  custom:scripting/monoscript/fileName/IOrganizationHandler.cs: f8b346f72bb06934d5f47a4eb5bf2f52 -> 
  custom:scripting/monoscript/fileName/XmlLinkedField.cs: 58331cd1e1b9bc9099ae07f125c40794 -> 
  custom:scripting/monoscript/fileName/IRetryPolicy.cs: c9ba57383c0678b5a8b1282e1f01a71e -> f230d1dc12e13c8165afdd97c9fa09c5
  custom:scripting/monoscript/fileName/Tile.cs: e6480a408e34695897b31a69fad2b871 -> a94101d916c115d73aff3567a86e16d8
  custom:scripting/monoscript/fileName/ServiceInstallationListener.cs: 4f550d886426ad05d9cb021f02f3b5c8 -> 
  custom:scripting/monoscript/fileName/PackageConfig.cs: 6c65665380cc70d71f22e981e56d92cf -> 
  custom:scripting/monoscript/fileName/UnityOrganizationMemberV1.cs: 29203c4e087d3ba2203081bd2717405e -> 
  custom:scripting/monoscript/fileName/UnityCreateEnvironmentRequest.cs: a9b0f13e8545f9920554463818374956 -> 
  custom:scripting/monoscript/fileName/ServiceFlagEndpoint.cs: 95ebbb4e72d70a377056cbf3d7a7020c -> 
  custom:scripting/monoscript/fileName/EventBinding.Gen.cs: 90647cc400823b41df847a6cbfc29026 -> 
========================================================================
Received Import Request.
  Time since last request: 587374.778270 seconds.
  path: Assets/Resources/Weapons/Antimatter Projector.asset
  artifactKey: Guid(8d85fc45d127b1842af903476922a16f) Importer(815301076,1909f56bfc062723c751e8b465ee728b)
Start importing Assets/Resources/Weapons/Antimatter Projector.asset using Guid(8d85fc45d127b1842af903476922a16f) Importer(815301076,1909f56bfc062723c751e8b465ee728b)  -> (artifact id: 'ab971b1c23692a2baeb746ed5272f94f') in 0.016314 seconds
Number of updated asset objects reloaded before import = 0
Number of asset objects unloaded after import = 1
========================================================================
Received Import Request.
  Time since last request: 0.001885 seconds.
  path: Assets/Resources/Weapons/Assault Rifle.asset
  artifactKey: Guid(fddd496f13dcd4f0bb0aa42e4df6c3cc) Importer(815301076,1909f56bfc062723c751e8b465ee728b)
Start importing Assets/Resources/Weapons/Assault Rifle.asset using Guid(fddd496f13dcd4f0bb0aa42e4df6c3cc) Importer(815301076,1909f56bfc062723c751e8b465ee728b)  -> (artifact id: 'c7eaa958e9c6a7719764007f75e8bbb7') in 0.004716 seconds
Number of updated asset objects reloaded before import = 0
Number of asset objects unloaded after import = 9
========================================================================
Received Import Request.
  Time since last request: 0.000015 seconds.
  path: Assets/Resources/Weapons/Minigun.asset
  artifactKey: Guid(ea2ee6cac322f4393aa19b2ceff378a4) Importer(815301076,1909f56bfc062723c751e8b465ee728b)
Start importing Assets/Resources/Weapons/Minigun.asset using Guid(ea2ee6cac322f4393aa19b2ceff378a4) Importer(815301076,1909f56bfc062723c751e8b465ee728b)  -> (artifact id: '9d7575a21d763fc154c6fe7408b9df19') in 0.001683 seconds
Number of updated asset objects reloaded before import = 0
Number of asset objects unloaded after import = 9
========================================================================
Received Import Request.
  Time since last request: 0.000013 seconds.
  path: Assets/Resources/Weapons/Grenade Launcher.asset
  artifactKey: Guid(50bcbeda11a7947aab7aee92fb7f6578) Importer(815301076,1909f56bfc062723c751e8b465ee728b)
Start importing Assets/Resources/Weapons/Grenade Launcher.asset using Guid(50bcbeda11a7947aab7aee92fb7f6578) Importer(815301076,1909f56bfc062723c751e8b465ee728b)  -> (artifact id: '430c784be188027e8d7bdd1135e4e7d6') in 0.001412 seconds
Number of updated asset objects reloaded before import = 0
Number of asset objects unloaded after import = 9
========================================================================
Received Import Request.
  Time since last request: 0.000011 seconds.
  path: Assets/Resources/Weapons/Pulse Laser.asset
  artifactKey: Guid(4f80247653351b647aff96cd47a9a3ce) Importer(815301076,1909f56bfc062723c751e8b465ee728b)
Start importing Assets/Resources/Weapons/Pulse Laser.asset using Guid(4f80247653351b647aff96cd47a9a3ce) Importer(815301076,1909f56bfc062723c751e8b465ee728b)  -> (artifact id: '3f8c84b148f81f5e9cedd0e7b1b0e559') in 0.001308 seconds
Number of updated asset objects reloaded before import = 0
Number of asset objects unloaded after import = 9
========================================================================
Received Import Request.
  Time since last request: 0.000009 seconds.
  path: Assets/Resources/Weapons/Shoulder Cannon.asset
  artifactKey: Guid(10132c62d0862aa4ab3635c6056de538) Importer(815301076,1909f56bfc062723c751e8b465ee728b)
Start importing Assets/Resources/Weapons/Shoulder Cannon.asset using Guid(10132c62d0862aa4ab3635c6056de538) Importer(815301076,1909f56bfc062723c751e8b465ee728b)  -> (artifact id: '737dda1957a207a96d04c7156c550e81') in 0.000900 seconds
Number of updated asset objects reloaded before import = 0
Number of asset objects unloaded after import = 1
========================================================================
Received Import Request.
  Time since last request: 0.000035 seconds.
  path: Assets/Resources/Weapons/Slugger.asset
  artifactKey: Guid(c5e9829e44a8a4f87835a9cce85374b3) Importer(815301076,1909f56bfc062723c751e8b465ee728b)
Start importing Assets/Resources/Weapons/Slugger.asset using Guid(c5e9829e44a8a4f87835a9cce85374b3) Importer(815301076,1909f56bfc062723c751e8b465ee728b)  -> (artifact id: '65d53342638b888ad14c99087316419a') in 0.001707 seconds
Number of updated asset objects reloaded before import = 0
Number of asset objects unloaded after import = 9
========================================================================
Received Import Request.
  Time since last request: 0.000011 seconds.
  path: Assets/Resources/Weapons/Plasma Rifle.asset
  artifactKey: Guid(c027fb054f7ad460c80a7dd1e3a2d981) Importer(815301076,1909f56bfc062723c751e8b465ee728b)
Start importing Assets/Resources/Weapons/Plasma Rifle.asset using Guid(c027fb054f7ad460c80a7dd1e3a2d981) Importer(815301076,1909f56bfc062723c751e8b465ee728b)  -> (artifact id: '8db80b30faf682d036f64599dcdebb7b') in 0.001640 seconds
Number of updated asset objects reloaded before import = 0
Number of asset objects unloaded after import = 9
========================================================================
Received Import Request.
  Time since last request: 0.000013 seconds.
  path: Assets/Resources/Weapons/Carbine.asset
  artifactKey: Guid(6af03bde3a41a476f88cae89f7efc5b2) Importer(815301076,1909f56bfc062723c751e8b465ee728b)
Start importing Assets/Resources/Weapons/Carbine.asset using Guid(6af03bde3a41a476f88cae89f7efc5b2) Importer(815301076,1909f56bfc062723c751e8b465ee728b)  -> (artifact id: '9f75839079b00ab61606b50d4cacf011') in 0.001926 seconds
Number of updated asset objects reloaded before import = 0
Number of asset objects unloaded after import = 9
========================================================================
Received Import Request.
  Time since last request: 0.000015 seconds.
  path: Assets/Resources/Weapons/Assault Rifle II.asset
  artifactKey: Guid(859be2f180ef4ea4892784909336e13a) Importer(815301076,1909f56bfc062723c751e8b465ee728b)
Start importing Assets/Resources/Weapons/Assault Rifle II.asset using Guid(859be2f180ef4ea4892784909336e13a) Importer(815301076,1909f56bfc062723c751e8b465ee728b)  -> (artifact id: '56d7dfc3c79079a01c638a735bf6d188') in 0.001716 seconds
Number of updated asset objects reloaded before import = 0
Number of asset objects unloaded after import = 9
Editor requested this worker to shutdown with reason: Scaling down because of idle timeout
AssetImportWorker is now disconnected from the server
Process exiting
Exiting without the bug reporter. Application will terminate with return code 0