Using pre-set license
Built from '2023.1/staging' branch; Version is '2023.1.12f1 (38370f5b2257) revision 3684111'; Using compiler version '192829333'; Build Type 'Release'
OS: 'Windows 10  (10.0.19045) 64bit Core' Language: 'en' Physical Memory: 15774 MB
BatchMode: 1, IsHumanControllingUs: 0, StartBugReporterOnCrash: 0, Is64bit: 1, IsPro: 1

COMMAND LINE ARGUMENTS:
C:\Program Files\Unity\Hub\Editor\2023.1.12f1\Editor\Unity.exe
-adb2
-batchMode
-noUpm
-name
AssetImportWorker1
-projectPath
C:/Users/lewis/code/space_men
-logFile
Logs/AssetImportWorker1.log
-srvPort
60301
Successfully changed project path to: C:/Users/lewis/code/space_men
C:/Users/lewis/code/space_men
[UnityMemory] Configuration Parameters - Can be set up in boot.config
    "memorysetup-bucket-allocator-granularity=16"
    "memorysetup-bucket-allocator-bucket-count=8"
    "memorysetup-bucket-allocator-block-size=33554432"
    "memorysetup-bucket-allocator-block-count=8"
    "memorysetup-main-allocator-block-size=16777216"
    "memorysetup-thread-allocator-block-size=16777216"
    "memorysetup-gfx-main-allocator-block-size=16777216"
    "memorysetup-gfx-thread-allocator-block-size=16777216"
    "memorysetup-cache-allocator-block-size=4194304"
    "memorysetup-typetree-allocator-block-size=2097152"
    "memorysetup-profiler-bucket-allocator-granularity=16"
    "memorysetup-profiler-bucket-allocator-bucket-count=8"
    "memorysetup-profiler-bucket-allocator-block-size=33554432"
    "memorysetup-profiler-bucket-allocator-block-count=8"
    "memorysetup-profiler-allocator-block-size=16777216"
    "memorysetup-profiler-editor-allocator-block-size=1048576"
    "memorysetup-temp-allocator-size-main=16777216"
    "memorysetup-job-temp-allocator-block-size=2097152"
    "memorysetup-job-temp-allocator-block-size-background=1048576"
    "memorysetup-job-temp-allocator-reduction-small-platforms=262144"
    "memorysetup-allocator-temp-initial-block-size-main=262144"
    "memorysetup-allocator-temp-initial-block-size-worker=262144"
    "memorysetup-temp-allocator-size-background-worker=32768"
    "memorysetup-temp-allocator-size-job-worker=262144"
    "memorysetup-temp-allocator-size-preload-manager=33554432"
    "memorysetup-temp-allocator-size-nav-mesh-worker=65536"
    "memorysetup-temp-allocator-size-audio-worker=65536"
    "memorysetup-temp-allocator-size-cloud-worker=32768"
    "memorysetup-temp-allocator-size-gi-baking-worker=262144"
    "memorysetup-temp-allocator-size-gfx=262144"
Player connection [36424] Host "[IP] 192.168.1.119 [Port] 0 [Flags] 2 [Guid] 1951908254 [EditorId] 1951908254 [Version] 1048832 [Id] WindowsEditor(7,BATMAN) [Debug] 1 [PackageName] WindowsEditor [ProjectName] Editor" joined multi-casting on [225.0.0.222:54997]...

Player connection [36424] Host "[IP] 192.168.1.119 [Port] 0 [Flags] 2 [Guid] 1951908254 [EditorId] 1951908254 [Version] 1048832 [Id] WindowsEditor(7,BATMAN) [Debug] 1 [PackageName] WindowsEditor [ProjectName] Editor" joined alternative multi-casting on [225.0.0.222:34997]...

[Physics::Module] Initialized MultithreadedJobDispatcher with 15 workers.
Library Redirect Path: Library/Refreshing native plugins compatible for Editor in 23.81 ms, found 2 plugins.
Preloading 0 native plugins for Editor in 0.00 ms.
Initialize engine version: 2023.1.12f1 (38370f5b2257)
[Subsystems] Discovering subsystems at path C:/Program Files/Unity/Hub/Editor/2023.1.12f1/Editor/Data/Resources/UnitySubsystems
[Subsystems] Discovering subsystems at path C:/Users/lewis/code/space_men/Assets
GfxDevice: creating device client; threaded=0; jobified=0
Direct3D:
    Version:  Direct3D 11.0 [level 11.1]
    Renderer: NVIDIA GeForce RTX 3070 Laptop GPU (ID=0x249d)
    Vendor:   NVIDIA
    VRAM:     8033 MB
    Driver:   31.0.15.3667
Initialize mono
Mono path[0] = 'C:/Program Files/Unity/Hub/Editor/2023.1.12f1/Editor/Data/Managed'
Mono path[1] = 'C:/Program Files/Unity/Hub/Editor/2023.1.12f1/Editor/Data/MonoBleedingEdge/lib/mono/unityjit-win32'
Mono config path = 'C:/Program Files/Unity/Hub/Editor/2023.1.12f1/Editor/Data/MonoBleedingEdge/etc'
Using monoOptions --debugger-agent=transport=dt_socket,embedding=1,server=y,suspend=n,address=127.0.0.1:56440
Begin MonoManager ReloadAssembly
C:\build\output\Unity-Technologies\mono\mono\metadata\icall.c:1842:
C:\build\output\Unity-Technologies\mono\mono\metadata\icall.c:1842:
C:\build\output\Unity-Technologies\mono\mono\metadata\icall.c:1842:
C:\build\output\Unity-Technologies\mono\mono\metadata\icall.c:1842:
C:\build\output\Unity-Technologies\mono\mono\metadata\icall.c:1842:
C:\build\output\Unity-Technologies\mono\mono\metadata\icall.c:1842:
C:\build\output\Unity-Technologies\mono\mono\metadata\icall.c:1842:
C:\build\output\Unity-Technologies\mono\mono\metadata\icall.c:1842:
C:\build\output\Unity-Technologies\mono\mono\metadata\icall.c:1842:
C:\build\output\Unity-Technologies\mono\mono\metadata\icall.c:1842:
Registering precompiled unity dll's ...
Register platform support module: C:/Program Files/Unity/Hub/Editor/2023.1.12f1/Editor/Data/PlaybackEngines/WindowsStandaloneSupport/UnityEditor.WindowsStandalone.Extensions.dll
Register platform support module: C:/Program Files/Unity/Hub/Editor/2023.1.12f1/Editor/Data/PlaybackEngines/AndroidPlayer/UnityEditor.Android.Extensions.dll
Registered in 0.009617 seconds.
- Loaded All Assemblies, in  0.725 seconds
Native extension for Android target not found
Android Extension - Scanning For ADB Devices 526 ms
Native extension for WindowsStandalone target not found
Mono: successfully reloaded assembly
C:\build\output\Unity-Technologies\mono\mono\metadata\icall.c:1842:
C:\build\output\Unity-Technologies\mono\mono\metadata\icall.c:1842:
- Finished resetting the current domain, in  1.222 seconds
Domain Reload Profiling: 1942ms
	BeginReloadAssembly (227ms)
		ExecutionOrderSort (0ms)
		DisableScriptedObjects (0ms)
		BackupInstance (0ms)
		ReleaseScriptingObjects (0ms)
		CreateAndSetChildDomain (1ms)
	RebuildCommonClasses (70ms)
	RebuildNativeTypeToScriptingClass (21ms)
	initialDomainReloadingComplete (104ms)
	LoadAllAssembliesAndSetupDomain (298ms)
		LoadAssemblies (221ms)
		RebuildTransferFunctionScriptingTraits (0ms)
		AnalyzeDomain (286ms)
			TypeCache.Refresh (284ms)
				TypeCache.ScanAssembly (264ms)
			ScanForSourceGeneratedMonoScriptInfo (1ms)
			ResolveRequiredComponents (1ms)
	FinalizeReload (1223ms)
		ReleaseScriptCaches (0ms)
		RebuildScriptCaches (0ms)
		SetupLoadedEditorAssemblies (1135ms)
			LogAssemblyErrors (0ms)
			InitializePlatformSupportModulesInManaged (763ms)
			SetLoadedEditorAssemblies (5ms)
			BeforeProcessingInitializeOnLoad (12ms)
			ProcessInitializeOnLoadAttributes (245ms)
			ProcessInitializeOnLoadMethodAttributes (110ms)
			AfterProcessingInitializeOnLoad (0ms)
			EditorAssembliesLoaded (0ms)
		ExecutionOrderSort2 (0ms)
		AwakeInstancesAfterBackupRestoration (0ms)
========================================================================
Worker process is ready to serve import requests
Import Worker Mode flag is 0x00
Begin MonoManager ReloadAssembly
C:\build\output\Unity-Technologies\mono\mono\metadata\icall.c:1842:
C:\build\output\Unity-Technologies\mono\mono\metadata\icall.c:1842:
C:\build\output\Unity-Technologies\mono\mono\metadata\icall.c:1842:
C:\build\output\Unity-Technologies\mono\mono\metadata\icall.c:1842:
C:\build\output\Unity-Technologies\mono\mono\metadata\icall.c:1842:
C:\build\output\Unity-Technologies\mono\mono\metadata\icall.c:1842:
C:\build\output\Unity-Technologies\mono\mono\metadata\icall.c:1842:
C:\build\output\Unity-Technologies\mono\mono\metadata\icall.c:1842:
C:\build\output\Unity-Technologies\mono\mono\metadata\icall.c:1842:
C:\build\output\Unity-Technologies\mono\mono\metadata\icall.c:1842:
C:\build\output\Unity-Technologies\mono\mono\metadata\icall.c:1842:
C:\build\output\Unity-Technologies\mono\mono\metadata\icall.c:1842:
Assembly 'Library/ScriptAssemblies/Unity.Services.Analytics.Editor.dll' will not be loaded due to errors:
Reference has errors 'Unity.Services.Core.Editor'.
Assembly 'Library/ScriptAssemblies/Unity.Services.Core.Configuration.Editor.dll' will not be loaded due to errors:
Unable to resolve reference 'System.Security.Permissions'. Is the assembly missing or incompatible with the current platform?
Reference validation can be disabled in the Plugin Inspector.
Assembly 'Library/ScriptAssemblies/Unity.Services.Core.Editor.dll' will not be loaded due to errors:
Reference has errors 'Unity.Services.Core.Configuration.Editor'.
Assembly 'Library/ScriptAssemblies/Unity.Services.Core.Environments.Editor.dll' will not be loaded due to errors:
Reference has errors 'Unity.Services.Core.Editor'.
Assembly 'Library/ScriptAssemblies/UnityEditor.Purchasing.dll' will not be loaded due to errors:
Reference has errors 'Unity.Services.Core.Editor'.
Assembly 'Library/ScriptAssemblies/UnityEngine.Advertisements.DevX.Editor.dll' will not be loaded due to errors:
Reference has errors 'Unity.Services.Core.Editor'.
Symbol file LoadedFromMemory is not a mono symbol file
- Loaded All Assemblies, in  1.645 seconds
Refreshing native plugins compatible for Editor in 20.55 ms, found 2 plugins.
Native extension for Android target not found
Native extension for WindowsStandalone target not found
Mono: successfully reloaded assembly
- Finished resetting the current domain, in  1.244 seconds
Domain Reload Profiling: 2878ms
	BeginReloadAssembly (523ms)
		ExecutionOrderSort (0ms)
		DisableScriptedObjects (11ms)
		BackupInstance (0ms)
		ReleaseScriptingObjects (0ms)
		CreateAndSetChildDomain (58ms)
	RebuildCommonClasses (65ms)
	RebuildNativeTypeToScriptingClass (20ms)
	initialDomainReloadingComplete (78ms)
	LoadAllAssembliesAndSetupDomain (947ms)
		LoadAssemblies (617ms)
		RebuildTransferFunctionScriptingTraits (0ms)
		AnalyzeDomain (518ms)
			TypeCache.Refresh (476ms)
				TypeCache.ScanAssembly (446ms)
			ScanForSourceGeneratedMonoScriptInfo (29ms)
			ResolveRequiredComponents (12ms)
	FinalizeReload (1244ms)
		ReleaseScriptCaches (0ms)
		RebuildScriptCaches (0ms)
		SetupLoadedEditorAssemblies (828ms)
			LogAssemblyErrors (0ms)
			InitializePlatformSupportModulesInManaged (41ms)
			SetLoadedEditorAssemblies (5ms)
			BeforeProcessingInitializeOnLoad (159ms)
			ProcessInitializeOnLoadAttributes (531ms)
			ProcessInitializeOnLoadMethodAttributes (78ms)
			AfterProcessingInitializeOnLoad (13ms)
			EditorAssembliesLoaded (0ms)
		ExecutionOrderSort2 (0ms)
		AwakeInstancesAfterBackupRestoration (12ms)
Launched and connected shader compiler UnityShaderCompiler.exe after 0.02 seconds
Refreshing native plugins compatible for Editor in 13.86 ms, found 2 plugins.
Preloading 0 native plugins for Editor in 0.00 ms.
Unloading 3002 Unused Serialized files (Serialized files now loaded: 0)
Unloading 60 unused Assets / (64.5 KB). Loaded Objects now: 3526.
Memory consumption went from 123.0 MB to 122.9 MB.
Total: 8.440500 ms (FindLiveObjects: 0.437200 ms CreateObjectMapping: 0.347700 ms MarkObjects: 7.439100 ms  DeleteObjects: 0.215100 ms)

AssetImportParameters requested are different than current active one (requested -> active):
  custom:container-demuxer-ogg: 62fdf1f143b41e24485cea50d1cbac27 -> 
  custom:framework-win-MediaFoundation: 216162199b28c13a410421893ffa2e32 -> 
  custom:video-decoder-webm-vp8: 9c59270c3fd7afecdb556c50c9e8de78 -> 
  custom:SearchIndexIgnoredProperties: e643bd26f0fe6173181afceb89e7c659 -> 
  custom:audio-encoder-webm-vorbis: bf7c407c2cedff20999df2af8eb42d56 -> 
  custom:video-decoder-ogg-theora: a1e56fd34408186e4bbccfd4996cb3dc -> 
  custom:container-muxer-webm: aa71ff27fc2769a1b78a27578f13a17b -> 
  custom:AudioImporter_EditorPlatform: d09bf68614088b80899f8185d706f6e7 -> 
  custom:audio-decoder-ogg-vorbis: bf7c407c2cedff20999df2af8eb42d56 -> 
  custom:CustomObjectIndexerAttribute: 756ad292c208cfabdd7b50bc23989ffe -> 
  custom:container-demuxer-webm: 4f35f7cbe854078d1ac9338744f61a02 -> 
  custom:video-encoder-webm-vp8: eb34c28f22e8b96e1ab97ce403110664 -> 
========================================================================
Received Import Request.
  Time since last request: 934081.623994 seconds.
  path: Assets/Prefabs/UI/SelectableItemPortrait.prefab
  artifactKey: Guid(a11fbcce2e6a84f24bb4f0970b5b9a87) Importer(815301076,1909f56bfc062723c751e8b465ee728b)
Start importing Assets/Prefabs/UI/SelectableItemPortrait.prefab using Guid(a11fbcce2e6a84f24bb4f0970b5b9a87) Importer(815301076,1909f56bfc062723c751e8b465ee728b)  -> (artifact id: 'cc4b1bc296820f65c02d84023e1fa765') in 0.072042 seconds
Number of updated asset objects reloaded before import = 0
Number of asset objects unloaded after import = 16
========================================================================
Received Import Request.
  Time since last request: 0.000039 seconds.
  path: Assets/Prefabs/UI/BlackFade.prefab
  artifactKey: Guid(d14f6be9efaf7415bab1abc0d08d6016) Importer(815301076,1909f56bfc062723c751e8b465ee728b)
Start importing Assets/Prefabs/UI/BlackFade.prefab using Guid(d14f6be9efaf7415bab1abc0d08d6016) Importer(815301076,1909f56bfc062723c751e8b465ee728b)  -> (artifact id: '3f62c1ed5d80249ec0e088b3cc279f88') in 0.003484 seconds
Number of updated asset objects reloaded before import = 0
Number of asset objects unloaded after import = 8
========================================================================
Received Import Request.
  Time since last request: 0.000019 seconds.
  path: Assets/Prefabs/UI/TutorialPanel.prefab
  artifactKey: Guid(d7dd07520e53a4dbf863a33bf10f1ca2) Importer(815301076,1909f56bfc062723c751e8b465ee728b)
Start importing Assets/Prefabs/UI/TutorialPanel.prefab using Guid(d7dd07520e53a4dbf863a33bf10f1ca2) Importer(815301076,1909f56bfc062723c751e8b465ee728b)  -> (artifact id: '0b1da84a0e3f17f6879986dd122666a2') in 0.059155 seconds
Number of updated asset objects reloaded before import = 0
Number of asset objects unloaded after import = 31
========================================================================
Received Import Request.
  Time since last request: 0.000022 seconds.
  path: Assets/Prefabs/UI/WorkshopItem.prefab
  artifactKey: Guid(20c197d884af740c5afabd9e80c8f846) Importer(815301076,1909f56bfc062723c751e8b465ee728b)
Start importing Assets/Prefabs/UI/WorkshopItem.prefab using Guid(20c197d884af740c5afabd9e80c8f846) Importer(815301076,1909f56bfc062723c751e8b465ee728b)  -> (artifact id: 'd01677b0e14e65ca1af22694fec87fdf') in 0.013765 seconds
Number of updated asset objects reloaded before import = 0
Number of asset objects unloaded after import = 13
========================================================================
Received Import Request.
  Time since last request: 0.000020 seconds.
  path: Assets/Prefabs/Game.prefab
  artifactKey: Guid(001ef4c90adb843a382267516c72979f) Importer(815301076,1909f56bfc062723c751e8b465ee728b)
Start importing Assets/Prefabs/Game.prefab using Guid(001ef4c90adb843a382267516c72979f) Importer(815301076,1909f56bfc062723c751e8b465ee728b)  -> (artifact id: '73cba01c5296588e69652a08bcedcd99') in 0.043494 seconds
Number of updated asset objects reloaded before import = 0
Number of asset objects unloaded after import = 97
========================================================================
Received Import Request.
  Time since last request: 0.000024 seconds.
  path: Assets/Prefabs/UI/Icon.prefab
  artifactKey: Guid(21ea683d920b14b4a96232c9753465a3) Importer(815301076,1909f56bfc062723c751e8b465ee728b)
Start importing Assets/Prefabs/UI/Icon.prefab using Guid(21ea683d920b14b4a96232c9753465a3) Importer(815301076,1909f56bfc062723c751e8b465ee728b)  -> (artifact id: '2bf8e7de3e674df9f6bc4a4ac2da0176') in 0.012173 seconds
Number of updated asset objects reloaded before import = 0
Number of asset objects unloaded after import = 9
========================================================================
Received Import Request.
  Time since last request: 0.000024 seconds.
  path: Assets/Prefabs/UI/WorldButton.prefab
  artifactKey: Guid(c6f4793f1b1544843a0bb2ed33721e15) Importer(815301076,1909f56bfc062723c751e8b465ee728b)
Start importing Assets/Prefabs/UI/WorldButton.prefab using Guid(c6f4793f1b1544843a0bb2ed33721e15) Importer(815301076,1909f56bfc062723c751e8b465ee728b)  -> (artifact id: '6d19b86ffe333a6d24c983152a2df3a9') in 0.022079 seconds
Number of updated asset objects reloaded before import = 0
Number of asset objects unloaded after import = 16
========================================================================
Received Import Request.
  Time since last request: 0.000023 seconds.
  path: Assets/Prefabs/UI/MetaSoldierButton.prefab
  artifactKey: Guid(1a00099e3771e409ba953fefaf7b4bf9) Importer(815301076,1909f56bfc062723c751e8b465ee728b)
Start importing Assets/Prefabs/UI/MetaSoldierButton.prefab using Guid(1a00099e3771e409ba953fefaf7b4bf9) Importer(815301076,1909f56bfc062723c751e8b465ee728b)  -> (artifact id: '3cd48e5c11234281c663a44978a5fb36') in 0.004141 seconds
Number of updated asset objects reloaded before import = 0
Number of asset objects unloaded after import = 14
========================================================================
Received Import Request.
  Time since last request: 254.563320 seconds.
  path: Assets/SciFiFlatSkills/Skills/Tex_skill_34.PNG
  artifactKey: Guid(d8cbf90d94d09574f8e9c567948e1062) Importer(815301076,1909f56bfc062723c751e8b465ee728b)
Start importing Assets/SciFiFlatSkills/Skills/Tex_skill_34.PNG using Guid(d8cbf90d94d09574f8e9c567948e1062) Importer(815301076,1909f56bfc062723c751e8b465ee728b)  -> (artifact id: 'a012c983b07e93b14969d1fe822c9294') in 0.197311 seconds
Number of updated asset objects reloaded before import = 0
Number of asset objects unloaded after import = 3
========================================================================
Received Import Request.
  Time since last request: 0.000046 seconds.
  path: Assets/SciFiFlatSkills/Skills/Tex_skill_40.PNG
  artifactKey: Guid(3a9c31acdaa80644d9044307a01389f5) Importer(815301076,1909f56bfc062723c751e8b465ee728b)
Start importing Assets/SciFiFlatSkills/Skills/Tex_skill_40.PNG using Guid(3a9c31acdaa80644d9044307a01389f5) Importer(815301076,1909f56bfc062723c751e8b465ee728b)  -> (artifact id: '8128180ca7f540e380f81ae1ad8e7ff9') in 0.030252 seconds
Number of updated asset objects reloaded before import = 0
Number of asset objects unloaded after import = 3
========================================================================
Received Import Request.
  Time since last request: 0.000041 seconds.
  path: Assets/SciFiFlatSkills/Skills/Tex_skill_42.PNG
  artifactKey: Guid(0d2fe07a5928f3a43b87ff2e6ac87631) Importer(815301076,1909f56bfc062723c751e8b465ee728b)
Start importing Assets/SciFiFlatSkills/Skills/Tex_skill_42.PNG using Guid(0d2fe07a5928f3a43b87ff2e6ac87631) Importer(815301076,1909f56bfc062723c751e8b465ee728b)  -> (artifact id: '18fcbe39b922c191d15506360795a32e') in 0.028409 seconds
Number of updated asset objects reloaded before import = 0
Number of asset objects unloaded after import = 3
========================================================================
Received Import Request.
  Time since last request: 0.000030 seconds.
  path: Assets/SciFiFlatSkills/Skills/Tex_skill_52.PNG
  artifactKey: Guid(1d20f89856735664cbd4c3dd20858ad2) Importer(815301076,1909f56bfc062723c751e8b465ee728b)
Start importing Assets/SciFiFlatSkills/Skills/Tex_skill_52.PNG using Guid(1d20f89856735664cbd4c3dd20858ad2) Importer(815301076,1909f56bfc062723c751e8b465ee728b)  -> (artifact id: 'fb784d092ab17ba21156766021559c5c') in 0.031295 seconds
Number of updated asset objects reloaded before import = 0
Number of asset objects unloaded after import = 3
========================================================================
Received Import Request.
  Time since last request: 0.000030 seconds.
  path: Assets/SciFiFlatSkills/Skills/Tex_skill_56.PNG
  artifactKey: Guid(3e7bfa90a08e4c6438442be24c3a74fc) Importer(815301076,1909f56bfc062723c751e8b465ee728b)
Start importing Assets/SciFiFlatSkills/Skills/Tex_skill_56.PNG using Guid(3e7bfa90a08e4c6438442be24c3a74fc) Importer(815301076,1909f56bfc062723c751e8b465ee728b)  -> (artifact id: '4db8b2973b5e8ab4fc663a9cedf9aac5') in 0.027526 seconds
Number of updated asset objects reloaded before import = 0
Number of asset objects unloaded after import = 3
========================================================================
Received Import Request.
  Time since last request: 0.000029 seconds.
  path: Assets/SciFiFlatSkills/Skills/Tex_skill_61.PNG
  artifactKey: Guid(cc8dbd391d48d5e46a5b4650470cb557) Importer(815301076,1909f56bfc062723c751e8b465ee728b)
Start importing Assets/SciFiFlatSkills/Skills/Tex_skill_61.PNG using Guid(cc8dbd391d48d5e46a5b4650470cb557) Importer(815301076,1909f56bfc062723c751e8b465ee728b)  -> (artifact id: '00b2e45bb520b0627709ffc73c7a8fd7') in 0.023854 seconds
Number of updated asset objects reloaded before import = 0
Number of asset objects unloaded after import = 3
========================================================================
Received Import Request.
  Time since last request: 0.000026 seconds.
  path: Assets/SciFiFlatSkills/Skills/Tex_skill_59.PNG
  artifactKey: Guid(84eb541c05609c64d87e43bad54e441d) Importer(815301076,1909f56bfc062723c751e8b465ee728b)
Start importing Assets/SciFiFlatSkills/Skills/Tex_skill_59.PNG using Guid(84eb541c05609c64d87e43bad54e441d) Importer(815301076,1909f56bfc062723c751e8b465ee728b)  -> (artifact id: 'da018f404e4234960c0fe43e880eaf30') in 0.025029 seconds
Number of updated asset objects reloaded before import = 0
Number of asset objects unloaded after import = 3
========================================================================
Received Import Request.
  Time since last request: 0.000026 seconds.
  path: Assets/SciFiFlatSkills/Skills/Tex_skill_67.PNG
  artifactKey: Guid(dc42a4b6ac7113347bcf32122ed5f035) Importer(815301076,1909f56bfc062723c751e8b465ee728b)
Start importing Assets/SciFiFlatSkills/Skills/Tex_skill_67.PNG using Guid(dc42a4b6ac7113347bcf32122ed5f035) Importer(815301076,1909f56bfc062723c751e8b465ee728b)  -> (artifact id: '44ac5b5b9af8c9691ba76eddfc5e6b6c') in 0.025072 seconds
Number of updated asset objects reloaded before import = 0
Number of asset objects unloaded after import = 3
========================================================================
Received Import Request.
  Time since last request: 0.000032 seconds.
  path: Assets/SciFiFlatSkills/Skills/Tex_skill_45.PNG
  artifactKey: Guid(fb6e93163cc427545910fcf3f3482e8d) Importer(815301076,1909f56bfc062723c751e8b465ee728b)
Start importing Assets/SciFiFlatSkills/Skills/Tex_skill_45.PNG using Guid(fb6e93163cc427545910fcf3f3482e8d) Importer(815301076,1909f56bfc062723c751e8b465ee728b)  -> (artifact id: '7e37badcedf584ab054a42cb60666119') in 0.025479 seconds
Number of updated asset objects reloaded before import = 0
Number of asset objects unloaded after import = 3
========================================================================
Received Import Request.
  Time since last request: 0.000025 seconds.
  path: Assets/SciFiFlatSkills/Skills/Tex_skill_38.PNG
  artifactKey: Guid(973dacadd7c835b41b991a4b4c64c6f7) Importer(815301076,1909f56bfc062723c751e8b465ee728b)
Start importing Assets/SciFiFlatSkills/Skills/Tex_skill_38.PNG using Guid(973dacadd7c835b41b991a4b4c64c6f7) Importer(815301076,1909f56bfc062723c751e8b465ee728b)  -> (artifact id: 'f39ca12213021e9a112a7fff81f27b31') in 0.025545 seconds
Number of updated asset objects reloaded before import = 0
Number of asset objects unloaded after import = 3
========================================================================
Received Import Request.
  Time since last request: 0.000036 seconds.
  path: Assets/SciFiFlatSkills/Skills/Tex_skill_75.PNG
  artifactKey: Guid(25c820e4f6c4ebf4aa42c46f64f80b99) Importer(815301076,1909f56bfc062723c751e8b465ee728b)
Start importing Assets/SciFiFlatSkills/Skills/Tex_skill_75.PNG using Guid(25c820e4f6c4ebf4aa42c46f64f80b99) Importer(815301076,1909f56bfc062723c751e8b465ee728b)  -> (artifact id: '7a2607c43a79e1257ed235b71c53446b') in 0.024197 seconds
Number of updated asset objects reloaded before import = 0
Number of asset objects unloaded after import = 3
========================================================================
Received Import Request.
  Time since last request: 0.000043 seconds.
  path: Assets/SciFiFlatSkills/Skills/Tex_skill_48.PNG
  artifactKey: Guid(689e4e654554f7b4aba70559e1637e83) Importer(815301076,1909f56bfc062723c751e8b465ee728b)
Start importing Assets/SciFiFlatSkills/Skills/Tex_skill_48.PNG using Guid(689e4e654554f7b4aba70559e1637e83) Importer(815301076,1909f56bfc062723c751e8b465ee728b)  -> (artifact id: '6dd8422bfbe12037b90578b8291143c7') in 0.024768 seconds
Number of updated asset objects reloaded before import = 0
Number of asset objects unloaded after import = 3
========================================================================
Received Import Request.
  Time since last request: 0.000025 seconds.
  path: Assets/SciFiFlatSkills/Skills/Tex_skill_60.PNG
  artifactKey: Guid(da32eed81a7344745b9875884e64679a) Importer(815301076,1909f56bfc062723c751e8b465ee728b)
Start importing Assets/SciFiFlatSkills/Skills/Tex_skill_60.PNG using Guid(da32eed81a7344745b9875884e64679a) Importer(815301076,1909f56bfc062723c751e8b465ee728b)  -> (artifact id: '3221409eb917f82b2bc9807e6777fa31') in 0.025986 seconds
Number of updated asset objects reloaded before import = 0
Number of asset objects unloaded after import = 3
========================================================================
Received Import Request.
  Time since last request: 0.000025 seconds.
  path: Assets/SciFiFlatSkills/Skills/Tex_skill_82.PNG
  artifactKey: Guid(28e84b470632e404cbe976b17377a8c7) Importer(815301076,1909f56bfc062723c751e8b465ee728b)
Start importing Assets/SciFiFlatSkills/Skills/Tex_skill_82.PNG using Guid(28e84b470632e404cbe976b17377a8c7) Importer(815301076,1909f56bfc062723c751e8b465ee728b)  -> (artifact id: '342792bb3f336be75dc594b230b4a9dc') in 0.029565 seconds
Number of updated asset objects reloaded before import = 0
Number of asset objects unloaded after import = 3
========================================================================
Received Import Request.
  Time since last request: 0.000031 seconds.
  path: Assets/SciFiFlatSkills/Skills/Tex_skill_86.PNG
  artifactKey: Guid(750a58b065c297f4eb5529d145f77a66) Importer(815301076,1909f56bfc062723c751e8b465ee728b)
Start importing Assets/SciFiFlatSkills/Skills/Tex_skill_86.PNG using Guid(750a58b065c297f4eb5529d145f77a66) Importer(815301076,1909f56bfc062723c751e8b465ee728b)  -> (artifact id: '1d3365a5cd37ee919eead4e9e76d1e8c') in 0.028471 seconds
Number of updated asset objects reloaded before import = 0
Number of asset objects unloaded after import = 3
========================================================================
Received Import Request.
  Time since last request: 0.000027 seconds.
  path: Assets/SciFiFlatSkills/Skills/Tex_skill_55.PNG
  artifactKey: Guid(ad8cfd155d6fade43a64db94549c7a1e) Importer(815301076,1909f56bfc062723c751e8b465ee728b)
Start importing Assets/SciFiFlatSkills/Skills/Tex_skill_55.PNG using Guid(ad8cfd155d6fade43a64db94549c7a1e) Importer(815301076,1909f56bfc062723c751e8b465ee728b)  -> (artifact id: '4546b8f07d15b3efe0f3056739629031') in 0.029120 seconds
Number of updated asset objects reloaded before import = 0
Number of asset objects unloaded after import = 3
========================================================================
Received Import Request.
  Time since last request: 0.000030 seconds.
  path: Assets/SciFiFlatSkills/Skills/Tex_skill_69.PNG
  artifactKey: Guid(88d20af9ec0538b4e9c83ccd58d6bf6c) Importer(815301076,1909f56bfc062723c751e8b465ee728b)
Start importing Assets/SciFiFlatSkills/Skills/Tex_skill_69.PNG using Guid(88d20af9ec0538b4e9c83ccd58d6bf6c) Importer(815301076,1909f56bfc062723c751e8b465ee728b)  -> (artifact id: '023d6c77da3c0f01e9a5f7d6d0150ece') in 0.023397 seconds
Number of updated asset objects reloaded before import = 0
Number of asset objects unloaded after import = 3
========================================================================
Received Import Request.
  Time since last request: 0.000023 seconds.
  path: Assets/SciFiFlatSkills/Skills/Tex_skill_91.PNG
  artifactKey: Guid(ed126ebbdb6c5894495a96cd82eef7c6) Importer(815301076,1909f56bfc062723c751e8b465ee728b)
Start importing Assets/SciFiFlatSkills/Skills/Tex_skill_91.PNG using Guid(ed126ebbdb6c5894495a96cd82eef7c6) Importer(815301076,1909f56bfc062723c751e8b465ee728b)  -> (artifact id: '11fc46e556e7b4fbb90c446543884e4e') in 0.029803 seconds
Number of updated asset objects reloaded before import = 0
Number of asset objects unloaded after import = 3
========================================================================
Received Import Request.
  Time since last request: 0.000026 seconds.
  path: Assets/SciFiFlatSkills/Skills/Tex_skill_90.PNG
  artifactKey: Guid(71ec254050024cb4eabd67c2b967ff6d) Importer(815301076,1909f56bfc062723c751e8b465ee728b)
Start importing Assets/SciFiFlatSkills/Skills/Tex_skill_90.PNG using Guid(71ec254050024cb4eabd67c2b967ff6d) Importer(815301076,1909f56bfc062723c751e8b465ee728b)  -> (artifact id: '1fe961a4b7e11286d0c95285db69d384') in 0.032954 seconds
Number of updated asset objects reloaded before import = 0
Number of asset objects unloaded after import = 3
========================================================================
Received Import Request.
  Time since last request: 0.000036 seconds.
  path: Assets/SciFiFlatSkills/Skills/Tex_skill_77.PNG
  artifactKey: Guid(76248e5cce76936458b03a928873e9aa) Importer(815301076,1909f56bfc062723c751e8b465ee728b)
Start importing Assets/SciFiFlatSkills/Skills/Tex_skill_77.PNG using Guid(76248e5cce76936458b03a928873e9aa) Importer(815301076,1909f56bfc062723c751e8b465ee728b)  -> (artifact id: 'f0699699aee298345100e7c470e1ab0f') in 0.032306 seconds
Number of updated asset objects reloaded before import = 0
Number of asset objects unloaded after import = 3
========================================================================
Received Import Request.
  Time since last request: 0.000039 seconds.
  path: Assets/SciFiFlatSkills/Skills/Tex_skill_53.PNG
  artifactKey: Guid(f61dc12ee0643d04bb791e6f8b366c4a) Importer(815301076,1909f56bfc062723c751e8b465ee728b)
Start importing Assets/SciFiFlatSkills/Skills/Tex_skill_53.PNG using Guid(f61dc12ee0643d04bb791e6f8b366c4a) Importer(815301076,1909f56bfc062723c751e8b465ee728b)  -> (artifact id: '9ab1de6aa9e8fc93fcdde428b30c6cdf') in 0.029506 seconds
Number of updated asset objects reloaded before import = 0
Number of asset objects unloaded after import = 3
========================================================================
Received Import Request.
  Time since last request: 0.000027 seconds.
  path: Assets/SciFiFlatSkills/Skills/Tex_skill_43.PNG
  artifactKey: Guid(5bd6f9655e4dc9c44a5d6707b3df7940) Importer(815301076,1909f56bfc062723c751e8b465ee728b)
Start importing Assets/SciFiFlatSkills/Skills/Tex_skill_43.PNG using Guid(5bd6f9655e4dc9c44a5d6707b3df7940) Importer(815301076,1909f56bfc062723c751e8b465ee728b)  -> (artifact id: 'f4ee238cd346b5a27b99ef7d0704ad6d') in 0.028140 seconds
Number of updated asset objects reloaded before import = 0
Number of asset objects unloaded after import = 3
========================================================================
Received Import Request.
  Time since last request: 0.000023 seconds.
  path: Assets/SciFiFlatSkills/Skills/Tex_skill_85.PNG
  artifactKey: Guid(ccea91f540feaa241a9b371d0b0dc591) Importer(815301076,1909f56bfc062723c751e8b465ee728b)
Start importing Assets/SciFiFlatSkills/Skills/Tex_skill_85.PNG using Guid(ccea91f540feaa241a9b371d0b0dc591) Importer(815301076,1909f56bfc062723c751e8b465ee728b)  -> (artifact id: '99d2a3558b0528612d400ca85a57457f') in 0.028720 seconds
Number of updated asset objects reloaded before import = 0
Number of asset objects unloaded after import = 3
========================================================================
Received Import Request.
  Time since last request: 0.000208 seconds.
  path: Assets/SciFiFlatSkills/Skills/Tex_skill_80.PNG
  artifactKey: Guid(ed458be64707e27449f65d83a3608a1e) Importer(815301076,1909f56bfc062723c751e8b465ee728b)
Start importing Assets/SciFiFlatSkills/Skills/Tex_skill_80.PNG using Guid(ed458be64707e27449f65d83a3608a1e) Importer(815301076,1909f56bfc062723c751e8b465ee728b)  -> (artifact id: '418e0d6c2ea0a5e2bff836c4db35dc46') in 0.027628 seconds
Number of updated asset objects reloaded before import = 0
Number of asset objects unloaded after import = 3
========================================================================
Received Import Request.
  Time since last request: 0.000024 seconds.
  path: Assets/SciFiFlatSkills/Skills/Tex_skill_73.PNG
  artifactKey: Guid(f7dc4227df6cf5d41a04f8d77d857c3d) Importer(815301076,1909f56bfc062723c751e8b465ee728b)
Start importing Assets/SciFiFlatSkills/Skills/Tex_skill_73.PNG using Guid(f7dc4227df6cf5d41a04f8d77d857c3d) Importer(815301076,1909f56bfc062723c751e8b465ee728b)  -> (artifact id: 'fb2c23f1d39229d5a24ffd9311cc20b3') in 0.023825 seconds
Number of updated asset objects reloaded before import = 0
Number of asset objects unloaded after import = 3
========================================================================
Received Import Request.
  Time since last request: 0.000025 seconds.
  path: Assets/SciFiFlatSkills/Skills/Tex_skill_81.PNG
  artifactKey: Guid(f0777a6fa5a0aea4dbf32dfb833758d9) Importer(815301076,1909f56bfc062723c751e8b465ee728b)
Start importing Assets/SciFiFlatSkills/Skills/Tex_skill_81.PNG using Guid(f0777a6fa5a0aea4dbf32dfb833758d9) Importer(815301076,1909f56bfc062723c751e8b465ee728b)  -> (artifact id: '0c255a0ccb71764f334c198ce5fe24f0') in 0.026968 seconds
Number of updated asset objects reloaded before import = 0
Number of asset objects unloaded after import = 3
========================================================================
Received Import Request.
  Time since last request: 0.000025 seconds.
  path: Assets/SciFiFlatSkills/Skills/Tex_skill_39.PNG
  artifactKey: Guid(7b83367ebf0c97e4988ccf20cbda4778) Importer(815301076,1909f56bfc062723c751e8b465ee728b)
Start importing Assets/SciFiFlatSkills/Skills/Tex_skill_39.PNG using Guid(7b83367ebf0c97e4988ccf20cbda4778) Importer(815301076,1909f56bfc062723c751e8b465ee728b)  -> (artifact id: 'f94706b25b86e591ffe5f1642a2ed29f') in 0.025095 seconds
Number of updated asset objects reloaded before import = 0
Number of asset objects unloaded after import = 3
========================================================================
Received Import Request.
  Time since last request: 0.000031 seconds.
  path: Assets/SciFiFlatSkills/Skills/Tex_skill_70.PNG
  artifactKey: Guid(42022c6b20f43e049a6705af00463ac8) Importer(815301076,1909f56bfc062723c751e8b465ee728b)
Start importing Assets/SciFiFlatSkills/Skills/Tex_skill_70.PNG using Guid(42022c6b20f43e049a6705af00463ac8) Importer(815301076,1909f56bfc062723c751e8b465ee728b)  -> (artifact id: 'b243b3d653b4b77cf4422392ec9179f3') in 0.028560 seconds
Number of updated asset objects reloaded before import = 0
Number of asset objects unloaded after import = 3
========================================================================
Received Import Request.
  Time since last request: 0.000035 seconds.
  path: Assets/SciFiFlatSkills/Skills/Tex_skill_63.PNG
  artifactKey: Guid(c9b98e62261421a4a88957fe0d90e25d) Importer(815301076,1909f56bfc062723c751e8b465ee728b)
Start importing Assets/SciFiFlatSkills/Skills/Tex_skill_63.PNG using Guid(c9b98e62261421a4a88957fe0d90e25d) Importer(815301076,1909f56bfc062723c751e8b465ee728b)  -> (artifact id: 'dd0aaa53af834481003ba0182300f803') in 0.024802 seconds
Number of updated asset objects reloaded before import = 0
Number of asset objects unloaded after import = 3
========================================================================
Received Import Request.
  Time since last request: 0.000038 seconds.
  path: Assets/SciFiFlatSkills/Skills/Tex_skill_93.PNG
  artifactKey: Guid(17ba8e39ea9467a47a98095f7ccc0f5f) Importer(815301076,1909f56bfc062723c751e8b465ee728b)
Start importing Assets/SciFiFlatSkills/Skills/Tex_skill_93.PNG using Guid(17ba8e39ea9467a47a98095f7ccc0f5f) Importer(815301076,1909f56bfc062723c751e8b465ee728b)  -> (artifact id: '3aedeb6c7b345acbd3babbb5ad8e8fcf') in 0.025505 seconds
Number of updated asset objects reloaded before import = 0
Number of asset objects unloaded after import = 3
========================================================================
Received Import Request.
  Time since last request: 0.000023 seconds.
  path: Assets/SciFiFlatSkills/Skills/Tex_skill_54.PNG
  artifactKey: Guid(ac56cb40b1fffe24399d92e527030c58) Importer(815301076,1909f56bfc062723c751e8b465ee728b)
Start importing Assets/SciFiFlatSkills/Skills/Tex_skill_54.PNG using Guid(ac56cb40b1fffe24399d92e527030c58) Importer(815301076,1909f56bfc062723c751e8b465ee728b)  -> (artifact id: '476930d727e7fd5079a50758d5fb76d3') in 0.028097 seconds
Number of updated asset objects reloaded before import = 0
Number of asset objects unloaded after import = 3
========================================================================
Received Import Request.
  Time since last request: 0.000030 seconds.
  path: Assets/SciFiFlatSkills/Skills/Tex_skill_78.PNG
  artifactKey: Guid(eb6d5b6d5b815ae43acb2a000525b4a2) Importer(815301076,1909f56bfc062723c751e8b465ee728b)
Start importing Assets/SciFiFlatSkills/Skills/Tex_skill_78.PNG using Guid(eb6d5b6d5b815ae43acb2a000525b4a2) Importer(815301076,1909f56bfc062723c751e8b465ee728b)  -> (artifact id: '4e22f00464a269e6febcf43ccaf2fd3f') in 0.028783 seconds
Number of updated asset objects reloaded before import = 0
Number of asset objects unloaded after import = 3
========================================================================
Received Import Request.
  Time since last request: 28.776145 seconds.
  path: Assets/SciFiFlatSkills/Skills/Tex_skill_19.PNG
  artifactKey: Guid(d9abbd75f51e58c4db3c726b3d10de98) Importer(815301076,1909f56bfc062723c751e8b465ee728b)
Start importing Assets/SciFiFlatSkills/Skills/Tex_skill_19.PNG using Guid(d9abbd75f51e58c4db3c726b3d10de98) Importer(815301076,1909f56bfc062723c751e8b465ee728b)  -> (artifact id: '0e120531bc49c37fc6531663566de61d') in 0.026633 seconds
Number of updated asset objects reloaded before import = 0
Number of asset objects unloaded after import = 3
========================================================================
Received Import Request.
  Time since last request: 0.003215 seconds.
  path: Assets/SciFiFlatSkills/Skills/Tex_skill_22.PNG
  artifactKey: Guid(4115c9b160171a64998527076aa09a14) Importer(815301076,1909f56bfc062723c751e8b465ee728b)
Start importing Assets/SciFiFlatSkills/Skills/Tex_skill_22.PNG using Guid(4115c9b160171a64998527076aa09a14) Importer(815301076,1909f56bfc062723c751e8b465ee728b)  -> (artifact id: 'f9ce343d052a6166b6c1f73da0bbdefa') in 0.025026 seconds
Number of updated asset objects reloaded before import = 0
Number of asset objects unloaded after import = 3
========================================================================
Received Import Request.
  Time since last request: 0.000039 seconds.
  path: Assets/SciFiFlatSkills/Skills/Tex_skill_24.PNG
  artifactKey: Guid(e5bb0f54585446740b807ccc9c6da3f3) Importer(815301076,1909f56bfc062723c751e8b465ee728b)
Start importing Assets/SciFiFlatSkills/Skills/Tex_skill_24.PNG using Guid(e5bb0f54585446740b807ccc9c6da3f3) Importer(815301076,1909f56bfc062723c751e8b465ee728b)  -> (artifact id: 'a969bac52bde275581b1863d67929756') in 0.026749 seconds
Number of updated asset objects reloaded before import = 0
Number of asset objects unloaded after import = 3
========================================================================
Received Import Request.
  Time since last request: 0.000027 seconds.
  path: Assets/SciFiFlatSkills/Skills/Tex_skill_26.PNG
  artifactKey: Guid(c5fcd992f1319d0428d2dd52c327c623) Importer(815301076,1909f56bfc062723c751e8b465ee728b)
Start importing Assets/SciFiFlatSkills/Skills/Tex_skill_26.PNG using Guid(c5fcd992f1319d0428d2dd52c327c623) Importer(815301076,1909f56bfc062723c751e8b465ee728b)  -> (artifact id: '9c42e4f6c22af16ba96c029f8d2d6270') in 0.026879 seconds
Number of updated asset objects reloaded before import = 0
Number of asset objects unloaded after import = 3
========================================================================
Received Import Request.
  Time since last request: 0.000048 seconds.
  path: Assets/SciFiFlatSkills/Skills/Tex_skill_29.PNG
  artifactKey: Guid(a911b148485da5b47aa1fe8eaa9ae4ff) Importer(815301076,1909f56bfc062723c751e8b465ee728b)
Start importing Assets/SciFiFlatSkills/Skills/Tex_skill_29.PNG using Guid(a911b148485da5b47aa1fe8eaa9ae4ff) Importer(815301076,1909f56bfc062723c751e8b465ee728b)  -> (artifact id: '4999cddfcecf19c63d37874e1298a419') in 0.025751 seconds
Number of updated asset objects reloaded before import = 0
Number of asset objects unloaded after import = 3
========================================================================
Received Import Request.
  Time since last request: 0.000026 seconds.
  path: Assets/SciFiFlatSkills/Skills/Tex_skill_28.PNG
  artifactKey: Guid(24cf81394b21caf43a14f43b22f84d1c) Importer(815301076,1909f56bfc062723c751e8b465ee728b)
Start importing Assets/SciFiFlatSkills/Skills/Tex_skill_28.PNG using Guid(24cf81394b21caf43a14f43b22f84d1c) Importer(815301076,1909f56bfc062723c751e8b465ee728b)  -> (artifact id: 'caa81668894462a20afd0270c61861f8') in 0.027460 seconds
Number of updated asset objects reloaded before import = 0
Number of asset objects unloaded after import = 3
========================================================================
Received Import Request.
  Time since last request: 5.733936 seconds.
  path: Assets/SciFiFlatSkills/Skills/Tex_skill_03.PNG
  artifactKey: Guid(bb79c41185144694393a4c44373b5094) Importer(815301076,1909f56bfc062723c751e8b465ee728b)
Start importing Assets/SciFiFlatSkills/Skills/Tex_skill_03.PNG using Guid(bb79c41185144694393a4c44373b5094) Importer(815301076,1909f56bfc062723c751e8b465ee728b)  -> (artifact id: 'abf9cd345c43ba14a837f86605fd4611') in 0.028577 seconds
Number of updated asset objects reloaded before import = 0
Number of asset objects unloaded after import = 3
========================================================================
Received Import Request.
  Time since last request: 0.013439 seconds.
  path: Assets/SciFiFlatSkills/Skills/Tex_skill_07.PNG
  artifactKey: Guid(b85d4a918d253d1429dbf5924669574f) Importer(815301076,1909f56bfc062723c751e8b465ee728b)
Start importing Assets/SciFiFlatSkills/Skills/Tex_skill_07.PNG using Guid(b85d4a918d253d1429dbf5924669574f) Importer(815301076,1909f56bfc062723c751e8b465ee728b)  -> (artifact id: 'ae3ab97cb12e475140dad68137821a7b') in 0.028480 seconds
Number of updated asset objects reloaded before import = 0
Number of asset objects unloaded after import = 3
========================================================================
Received Import Request.
  Time since last request: 0.001924 seconds.
  path: Assets/SciFiFlatSkills/Skills/Tex_skill_10.PNG
  artifactKey: Guid(e6843047a0ac3fa4f983f3a3b7116c25) Importer(815301076,1909f56bfc062723c751e8b465ee728b)
Start importing Assets/SciFiFlatSkills/Skills/Tex_skill_10.PNG using Guid(e6843047a0ac3fa4f983f3a3b7116c25) Importer(815301076,1909f56bfc062723c751e8b465ee728b)  -> (artifact id: '8e19af0312b2a07ae0fddb22889399ec') in 0.028990 seconds
Number of updated asset objects reloaded before import = 0
Number of asset objects unloaded after import = 3
========================================================================
Received Import Request.
  Time since last request: 0.008355 seconds.
  path: Assets/SciFiFlatSkills/Skills/Tex_skill_14.PNG
  artifactKey: Guid(37c8c6c49d2d7fd4ab206f490e416753) Importer(815301076,1909f56bfc062723c751e8b465ee728b)
Start importing Assets/SciFiFlatSkills/Skills/Tex_skill_14.PNG using Guid(37c8c6c49d2d7fd4ab206f490e416753) Importer(815301076,1909f56bfc062723c751e8b465ee728b)  -> (artifact id: '605074e57dc69864205fa72d08690961') in 0.028004 seconds
Number of updated asset objects reloaded before import = 0
Number of asset objects unloaded after import = 3
========================================================================
Received Import Request.
  Time since last request: 4.444253 seconds.
  path: Assets/SciFiFlatSkills/Skills/Tex_skill_99.PNG
  artifactKey: Guid(1b2f2887c1830b744a3242fb990923f9) Importer(815301076,1909f56bfc062723c751e8b465ee728b)
Start importing Assets/SciFiFlatSkills/Skills/Tex_skill_99.PNG using Guid(1b2f2887c1830b744a3242fb990923f9) Importer(815301076,1909f56bfc062723c751e8b465ee728b)  -> (artifact id: 'ca6d11aba516390a21c288c6d933f60b') in 0.028633 seconds
Number of updated asset objects reloaded before import = 0
Number of asset objects unloaded after import = 3
========================================================================
Received Import Request.
  Time since last request: 0.003586 seconds.
  path: Assets/SciFiFlatSkills/Skills/Tex_skill_102.PNG
  artifactKey: Guid(fd973a4fd06757c4580d75e8cfa086b5) Importer(815301076,1909f56bfc062723c751e8b465ee728b)
Start importing Assets/SciFiFlatSkills/Skills/Tex_skill_102.PNG using Guid(fd973a4fd06757c4580d75e8cfa086b5) Importer(815301076,1909f56bfc062723c751e8b465ee728b)  -> (artifact id: 'fd32144cbacb8647a000bb8e5673a5b3') in 0.026189 seconds
Number of updated asset objects reloaded before import = 0
Number of asset objects unloaded after import = 3
========================================================================
Received Import Request.
  Time since last request: 0.002819 seconds.
  path: Assets/SciFiFlatSkills/Skills/Tex_skill_105.PNG
  artifactKey: Guid(1a50e80148612194da3b655efe71b6a3) Importer(815301076,1909f56bfc062723c751e8b465ee728b)
Start importing Assets/SciFiFlatSkills/Skills/Tex_skill_105.PNG using Guid(1a50e80148612194da3b655efe71b6a3) Importer(815301076,1909f56bfc062723c751e8b465ee728b)  -> (artifact id: 'f0788ce82351b875c9668b9aafa09485') in 0.028930 seconds
Number of updated asset objects reloaded before import = 0
Number of asset objects unloaded after import = 3
========================================================================
Received Import Request.
  Time since last request: 0.002866 seconds.
  path: Assets/SciFiFlatSkills/Skills/Tex_skill_109.PNG
  artifactKey: Guid(9d4732de2591bbb43a16b34c356e548e) Importer(815301076,1909f56bfc062723c751e8b465ee728b)
Start importing Assets/SciFiFlatSkills/Skills/Tex_skill_109.PNG using Guid(9d4732de2591bbb43a16b34c356e548e) Importer(815301076,1909f56bfc062723c751e8b465ee728b)  -> (artifact id: '06d092398518a44affc681a6a8612d1f') in 0.027114 seconds
Number of updated asset objects reloaded before import = 0
Number of asset objects unloaded after import = 3
Editor requested this worker to shutdown with reason: Scaling down because of idle timeout
AssetImportWorker is now disconnected from the server
Process exiting
Exiting without the bug reporter. Application will terminate with return code 0