Using pre-set license
Built from '2023.1/staging' branch; Version is '2023.1.12f1 (38370f5b2257) revision 3684111'; Using compiler version '192829333'; Build Type 'Release'
OS: 'Windows 10  (10.0.19045) 64bit Core' Language: 'en' Physical Memory: 15774 MB
BatchMode: 1, IsHumanControllingUs: 0, StartBugReporterOnCrash: 0, Is64bit: 1, IsPro: 1

COMMAND LINE ARGUMENTS:
C:\Program Files\Unity\Hub\Editor\2023.1.12f1\Editor\Unity.exe
-adb2
-batchMode
-noUpm
-name
AssetImportWorker11
-projectPath
C:/Users/lewis/code/space_men
-logFile
Logs/AssetImportWorker11.log
-srvPort
56688
Successfully changed project path to: C:/Users/lewis/code/space_men
C:/Users/lewis/code/space_men
[UnityMemory] Configuration Parameters - Can be set up in boot.config
    "memorysetup-bucket-allocator-granularity=16"
    "memorysetup-bucket-allocator-bucket-count=8"
    "memorysetup-bucket-allocator-block-size=33554432"
    "memorysetup-bucket-allocator-block-count=8"
    "memorysetup-main-allocator-block-size=16777216"
    "memorysetup-thread-allocator-block-size=16777216"
    "memorysetup-gfx-main-allocator-block-size=16777216"
    "memorysetup-gfx-thread-allocator-block-size=16777216"
    "memorysetup-cache-allocator-block-size=4194304"
    "memorysetup-typetree-allocator-block-size=2097152"
    "memorysetup-profiler-bucket-allocator-granularity=16"
    "memorysetup-profiler-bucket-allocator-bucket-count=8"
    "memorysetup-profiler-bucket-allocator-block-size=33554432"
    "memorysetup-profiler-bucket-allocator-block-count=8"
    "memorysetup-profiler-allocator-block-size=16777216"
    "memorysetup-profiler-editor-allocator-block-size=1048576"
    "memorysetup-temp-allocator-size-main=16777216"
    "memorysetup-job-temp-allocator-block-size=2097152"
    "memorysetup-job-temp-allocator-block-size-background=1048576"
    "memorysetup-job-temp-allocator-reduction-small-platforms=262144"
    "memorysetup-allocator-temp-initial-block-size-main=262144"
    "memorysetup-allocator-temp-initial-block-size-worker=262144"
    "memorysetup-temp-allocator-size-background-worker=32768"
    "memorysetup-temp-allocator-size-job-worker=262144"
    "memorysetup-temp-allocator-size-preload-manager=33554432"
    "memorysetup-temp-allocator-size-nav-mesh-worker=65536"
    "memorysetup-temp-allocator-size-audio-worker=65536"
    "memorysetup-temp-allocator-size-cloud-worker=32768"
    "memorysetup-temp-allocator-size-gi-baking-worker=262144"
    "memorysetup-temp-allocator-size-gfx=262144"
Player connection [28732] Host "[IP] 192.168.0.207 [Port] 0 [Flags] 2 [Guid] 2153697191 [EditorId] 2153697191 [Version] 1048832 [Id] WindowsEditor(7,BATMAN) [Debug] 1 [PackageName] WindowsEditor [ProjectName] Editor" joined multi-casting on [225.0.0.222:54997]...

Player connection [28732] Host "[IP] 192.168.0.207 [Port] 0 [Flags] 2 [Guid] 2153697191 [EditorId] 2153697191 [Version] 1048832 [Id] WindowsEditor(7,BATMAN) [Debug] 1 [PackageName] WindowsEditor [ProjectName] Editor" joined alternative multi-casting on [225.0.0.222:34997]...

[Physics::Module] Initialized MultithreadedJobDispatcher with 15 workers.
Library Redirect Path: Library/Refreshing native plugins compatible for Editor in 1.91 ms, found 0 plugins.
Preloading 0 native plugins for Editor in 0.00 ms.
Initialize engine version: 2023.1.12f1 (38370f5b2257)
[Subsystems] Discovering subsystems at path C:/Program Files/Unity/Hub/Editor/2023.1.12f1/Editor/Data/Resources/UnitySubsystems
[Subsystems] Discovering subsystems at path C:/Users/lewis/code/space_men/Assets
GfxDevice: creating device client; threaded=0; jobified=0
Direct3D:
    Version:  Direct3D 11.0 [level 11.1]
    Renderer: NVIDIA GeForce RTX 3070 Laptop GPU (ID=0x249d)
    Vendor:   NVIDIA
    VRAM:     8033 MB
    Driver:   31.0.15.4633
Initialize mono
Mono path[0] = 'C:/Program Files/Unity/Hub/Editor/2023.1.12f1/Editor/Data/Managed'
Mono path[1] = 'C:/Program Files/Unity/Hub/Editor/2023.1.12f1/Editor/Data/MonoBleedingEdge/lib/mono/unityjit-win32'
Mono config path = 'C:/Program Files/Unity/Hub/Editor/2023.1.12f1/Editor/Data/MonoBleedingEdge/etc'
Using monoOptions --debugger-agent=transport=dt_socket,embedding=1,server=y,suspend=n,address=127.0.0.1:56584
Begin MonoManager ReloadAssembly
C:\build\output\Unity-Technologies\mono\mono\metadata\icall.c:1842:
C:\build\output\Unity-Technologies\mono\mono\metadata\icall.c:1842:
C:\build\output\Unity-Technologies\mono\mono\metadata\icall.c:1842:
C:\build\output\Unity-Technologies\mono\mono\metadata\icall.c:1842:
C:\build\output\Unity-Technologies\mono\mono\metadata\icall.c:1842:
C:\build\output\Unity-Technologies\mono\mono\metadata\icall.c:1842:
C:\build\output\Unity-Technologies\mono\mono\metadata\icall.c:1842:
C:\build\output\Unity-Technologies\mono\mono\metadata\icall.c:1842:
C:\build\output\Unity-Technologies\mono\mono\metadata\icall.c:1842:
C:\build\output\Unity-Technologies\mono\mono\metadata\icall.c:1842:
Registering precompiled unity dll's ...
Register platform support module: C:/Program Files/Unity/Hub/Editor/2023.1.12f1/Editor/Data/PlaybackEngines/WindowsStandaloneSupport/UnityEditor.WindowsStandalone.Extensions.dll
Register platform support module: C:/Program Files/Unity/Hub/Editor/2023.1.12f1/Editor/Data/PlaybackEngines/AndroidPlayer/UnityEditor.Android.Extensions.dll
Registered in 0.005920 seconds.
- Loaded All Assemblies, in  0.447 seconds
Native extension for Android target not found
Android Extension - Scanning For ADB Devices 311 ms
Native extension for WindowsStandalone target not found
Mono: successfully reloaded assembly
C:\build\output\Unity-Technologies\mono\mono\metadata\icall.c:1842:
C:\build\output\Unity-Technologies\mono\mono\metadata\icall.c:1842:
- Finished resetting the current domain, in  0.718 seconds
Domain Reload Profiling: 1163ms
	BeginReloadAssembly (144ms)
		ExecutionOrderSort (0ms)
		DisableScriptedObjects (0ms)
		BackupInstance (0ms)
		ReleaseScriptingObjects (0ms)
		CreateAndSetChildDomain (1ms)
	RebuildCommonClasses (40ms)
	RebuildNativeTypeToScriptingClass (13ms)
	initialDomainReloadingComplete (64ms)
	LoadAllAssembliesAndSetupDomain (184ms)
		LoadAssemblies (141ms)
		RebuildTransferFunctionScriptingTraits (0ms)
		AnalyzeDomain (178ms)
			TypeCache.Refresh (176ms)
				TypeCache.ScanAssembly (163ms)
			ScanForSourceGeneratedMonoScriptInfo (1ms)
			ResolveRequiredComponents (0ms)
	FinalizeReload (718ms)
		ReleaseScriptCaches (0ms)
		RebuildScriptCaches (0ms)
		SetupLoadedEditorAssemblies (664ms)
			LogAssemblyErrors (0ms)
			InitializePlatformSupportModulesInManaged (451ms)
			SetLoadedEditorAssemblies (3ms)
			BeforeProcessingInitializeOnLoad (8ms)
			ProcessInitializeOnLoadAttributes (139ms)
			ProcessInitializeOnLoadMethodAttributes (63ms)
			AfterProcessingInitializeOnLoad (0ms)
			EditorAssembliesLoaded (0ms)
		ExecutionOrderSort2 (0ms)
		AwakeInstancesAfterBackupRestoration (0ms)
========================================================================
Worker process is ready to serve import requests
Import Worker Mode flag is 0x00
Begin MonoManager ReloadAssembly
C:\build\output\Unity-Technologies\mono\mono\metadata\icall.c:1842:
C:\build\output\Unity-Technologies\mono\mono\metadata\icall.c:1842:
C:\build\output\Unity-Technologies\mono\mono\metadata\icall.c:1842:
C:\build\output\Unity-Technologies\mono\mono\metadata\icall.c:1842:
C:\build\output\Unity-Technologies\mono\mono\metadata\icall.c:1842:
C:\build\output\Unity-Technologies\mono\mono\metadata\icall.c:1842:
C:\build\output\Unity-Technologies\mono\mono\metadata\icall.c:1842:
C:\build\output\Unity-Technologies\mono\mono\metadata\icall.c:1842:
C:\build\output\Unity-Technologies\mono\mono\metadata\icall.c:1842:
C:\build\output\Unity-Technologies\mono\mono\metadata\icall.c:1842:
C:\build\output\Unity-Technologies\mono\mono\metadata\icall.c:1842:
C:\build\output\Unity-Technologies\mono\mono\metadata\icall.c:1842:
- Loaded All Assemblies, in  0.792 seconds
Refreshing native plugins compatible for Editor in 0.53 ms, found 0 plugins.
Native extension for Android target not found
Native extension for WindowsStandalone target not found
Mono: successfully reloaded assembly
- Finished resetting the current domain, in  0.489 seconds
Domain Reload Profiling: 1278ms
	BeginReloadAssembly (334ms)
		ExecutionOrderSort (0ms)
		DisableScriptedObjects (7ms)
		BackupInstance (0ms)
		ReleaseScriptingObjects (0ms)
		CreateAndSetChildDomain (38ms)
	RebuildCommonClasses (40ms)
	RebuildNativeTypeToScriptingClass (13ms)
	initialDomainReloadingComplete (47ms)
	LoadAllAssembliesAndSetupDomain (354ms)
		LoadAssemblies (273ms)
		RebuildTransferFunctionScriptingTraits (0ms)
		AnalyzeDomain (188ms)
			TypeCache.Refresh (182ms)
				TypeCache.ScanAssembly (170ms)
			ScanForSourceGeneratedMonoScriptInfo (3ms)
			ResolveRequiredComponents (3ms)
	FinalizeReload (490ms)
		ReleaseScriptCaches (0ms)
		RebuildScriptCaches (0ms)
		SetupLoadedEditorAssemblies (258ms)
			LogAssemblyErrors (0ms)
			InitializePlatformSupportModulesInManaged (27ms)
			SetLoadedEditorAssemblies (3ms)
			BeforeProcessingInitializeOnLoad (55ms)
			ProcessInitializeOnLoadAttributes (145ms)
			ProcessInitializeOnLoadMethodAttributes (21ms)
			AfterProcessingInitializeOnLoad (8ms)
			EditorAssembliesLoaded (0ms)
		ExecutionOrderSort2 (0ms)
		AwakeInstancesAfterBackupRestoration (6ms)
Launched and connected shader compiler UnityShaderCompiler.exe after 0.01 seconds
Refreshing native plugins compatible for Editor in 0.51 ms, found 0 plugins.
Preloading 0 native plugins for Editor in 0.00 ms.
Unloading 498 Unused Serialized files (Serialized files now loaded: 0)
Unloading 8 unused Assets / (181.4 KB). Loaded Objects now: 1045.
Memory consumption went from 73.7 MB to 73.5 MB.
Total: 4.116000 ms (FindLiveObjects: 0.074600 ms CreateObjectMapping: 0.018500 ms MarkObjects: 3.880100 ms  DeleteObjects: 0.142100 ms)

AssetImportParameters requested are different than current active one (requested -> active):
  custom:container-demuxer-ogg: 62fdf1f143b41e24485cea50d1cbac27 -> 
  custom:video-decoder-ogg-theora: a1e56fd34408186e4bbccfd4996cb3dc -> 
  custom:framework-win-MediaFoundation: 216162199b28c13a410421893ffa2e32 -> 
  custom:CustomObjectIndexerAttribute: 756ad292c208cfabdd7b50bc23989ffe -> 
  custom:container-demuxer-webm: 4f35f7cbe854078d1ac9338744f61a02 -> 
  custom:container-muxer-webm: aa71ff27fc2769a1b78a27578f13a17b -> 
  custom:video-decoder-webm-vp8: 9c59270c3fd7afecdb556c50c9e8de78 -> 
  custom:SearchIndexIgnoredProperties: e643bd26f0fe6173181afceb89e7c659 -> 
  custom:AudioImporter_EditorPlatform: d09bf68614088b80899f8185d706f6e7 -> 
  custom:video-encoder-webm-vp8: eb34c28f22e8b96e1ab97ce403110664 -> 
  custom:audio-decoder-ogg-vorbis: bf7c407c2cedff20999df2af8eb42d56 -> 
  custom:audio-encoder-webm-vorbis: bf7c407c2cedff20999df2af8eb42d56 -> 
========================================================================
Received Import Request.
  Time since last request: 415388.227013 seconds.
  path: Assets/Prefabs/HealthIndicator.prefab
  artifactKey: Guid(712a8c82912054809a023fb368235edd) Importer(815301076,1909f56bfc062723c751e8b465ee728b)
Start importing Assets/Prefabs/HealthIndicator.prefab using Guid(712a8c82912054809a023fb368235edd) Importer(815301076,1909f56bfc062723c751e8b465ee728b)  -> (artifact id: '1a01ee2ff2741bb5a6faff08dc1fd6cd') in 0.103419 seconds
Number of updated asset objects reloaded before import = 0
Number of asset objects unloaded after import = 10
========================================================================
Received Import Request.
  Time since last request: 24.235751 seconds.
  path: Assets/Resources/Prefabs/Soldier.prefab
  artifactKey: Guid(9307656f476dc45e3abf855867cd6886) Importer(815301076,1909f56bfc062723c751e8b465ee728b)
Start importing Assets/Resources/Prefabs/Soldier.prefab using Guid(9307656f476dc45e3abf855867cd6886) Importer(815301076,1909f56bfc062723c751e8b465ee728b)  -> (artifact id: '72dcc1752673d4586b5a0870f961ab4e') in 0.062574 seconds
Number of updated asset objects reloaded before import = 0
Number of asset objects unloaded after import = 110
========================================================================
Received Import Request.
  Time since last request: 26.926472 seconds.
  path: Assets/Packages/Sci-fi_World_Swarm/Loops/Ambiences/Distant_Wings_Alt_Mix_2_Loop_Roomtone.wav
  artifactKey: Guid(0fce3a6ae576f4104a0265e0a375b8ee) Importer(815301076,1909f56bfc062723c751e8b465ee728b)
Start importing Assets/Packages/Sci-fi_World_Swarm/Loops/Ambiences/Distant_Wings_Alt_Mix_2_Loop_Roomtone.wav using Guid(0fce3a6ae576f4104a0265e0a375b8ee) Importer(815301076,1909f56bfc062723c751e8b465ee728b)  -> (artifact id: '55af8d53c13c6983468c2660d415ae73') in 0.033539 seconds
Number of updated asset objects reloaded before import = 0
Number of asset objects unloaded after import = 2
========================================================================
Received Import Request.
  Time since last request: 0.000021 seconds.
  path: Assets/Packages/Sci-fi_World_Swarm/Loops/Ambiences/Earth_Worm_Gym_Alt_Mix_2_Loop_Roomtone.wav
  artifactKey: Guid(3db094c6c8b884dc6ac6e99ab45e56bf) Importer(815301076,1909f56bfc062723c751e8b465ee728b)
Start importing Assets/Packages/Sci-fi_World_Swarm/Loops/Ambiences/Earth_Worm_Gym_Alt_Mix_2_Loop_Roomtone.wav using Guid(3db094c6c8b884dc6ac6e99ab45e56bf) Importer(815301076,1909f56bfc062723c751e8b465ee728b)  -> (artifact id: '080983b78a56306866602d1bd202f8df') in 0.013905 seconds
Number of updated asset objects reloaded before import = 0
Number of asset objects unloaded after import = 2
========================================================================
Received Import Request.
  Time since last request: 0.000019 seconds.
  path: Assets/Packages/Sci-fi_World_Swarm/Loops/Ambiences/Earth_Worm_Gym_Alt_Mix_1_Loop_Roomtone.wav
  artifactKey: Guid(a35d9ea89f2f74b4fbf9a454e98188c5) Importer(815301076,1909f56bfc062723c751e8b465ee728b)
Start importing Assets/Packages/Sci-fi_World_Swarm/Loops/Ambiences/Earth_Worm_Gym_Alt_Mix_1_Loop_Roomtone.wav using Guid(a35d9ea89f2f74b4fbf9a454e98188c5) Importer(815301076,1909f56bfc062723c751e8b465ee728b)  -> (artifact id: '71f12d9c1dc67f41065fb62ad4cf7bbd') in 0.013986 seconds
Number of updated asset objects reloaded before import = 0
Number of asset objects unloaded after import = 2
========================================================================
Received Import Request.
  Time since last request: 0.000019 seconds.
  path: Assets/Packages/Sci-fi_World_Swarm/Loops/Ambiences/Hive_Engine_Room_Full_Loop_Roomtone.wav
  artifactKey: Guid(550efef5b61624db5a1fea4724d70bf9) Importer(815301076,1909f56bfc062723c751e8b465ee728b)
Start importing Assets/Packages/Sci-fi_World_Swarm/Loops/Ambiences/Hive_Engine_Room_Full_Loop_Roomtone.wav using Guid(550efef5b61624db5a1fea4724d70bf9) Importer(815301076,1909f56bfc062723c751e8b465ee728b)  -> (artifact id: 'a6c2f2f9616ac682dac2e662d8fc51c3') in 0.014123 seconds
Number of updated asset objects reloaded before import = 0
Number of asset objects unloaded after import = 2
========================================================================
Received Import Request.
  Time since last request: 0.000024 seconds.
  path: Assets/Packages/Sci-fi_World_Swarm/Loops/Ambiences/Hive_Engine_Room_Alt_Mix_2_Loop_Roomtone.wav
  artifactKey: Guid(5ab967cf146d94f1c940a1c922f9cb2f) Importer(815301076,1909f56bfc062723c751e8b465ee728b)
Start importing Assets/Packages/Sci-fi_World_Swarm/Loops/Ambiences/Hive_Engine_Room_Alt_Mix_2_Loop_Roomtone.wav using Guid(5ab967cf146d94f1c940a1c922f9cb2f) Importer(815301076,1909f56bfc062723c751e8b465ee728b)  -> (artifact id: '476846da28b2a06e0ac6381d598f961a') in 0.015947 seconds
Number of updated asset objects reloaded before import = 0
Number of asset objects unloaded after import = 2
========================================================================
Received Import Request.
  Time since last request: 0.000021 seconds.
  path: Assets/Packages/Sci-fi_World_Swarm/Loops/Ambiences/Hornet_Army_Alt_Mix_2_Loop_Roomtone.wav
  artifactKey: Guid(4fd333c23d201487aa07a51bd1dd2665) Importer(815301076,1909f56bfc062723c751e8b465ee728b)
Start importing Assets/Packages/Sci-fi_World_Swarm/Loops/Ambiences/Hornet_Army_Alt_Mix_2_Loop_Roomtone.wav using Guid(4fd333c23d201487aa07a51bd1dd2665) Importer(815301076,1909f56bfc062723c751e8b465ee728b)  -> (artifact id: '4dc7dcaeba624f4094f1bdd294070a7d') in 0.013782 seconds
Number of updated asset objects reloaded before import = 0
Number of asset objects unloaded after import = 2
========================================================================
Received Import Request.
  Time since last request: 0.000018 seconds.
  path: Assets/Packages/Sci-fi_World_Swarm/Loops/Ambiences/Hornet_Army_Full_Loop_Roomtone.wav
  artifactKey: Guid(39f40d0ab266546b2813cb51f1ea14ac) Importer(815301076,1909f56bfc062723c751e8b465ee728b)
Start importing Assets/Packages/Sci-fi_World_Swarm/Loops/Ambiences/Hornet_Army_Full_Loop_Roomtone.wav using Guid(39f40d0ab266546b2813cb51f1ea14ac) Importer(815301076,1909f56bfc062723c751e8b465ee728b)  -> (artifact id: 'f47aff624fd93a5d6a5a1201c7342ec7') in 0.013250 seconds
Number of updated asset objects reloaded before import = 0
Number of asset objects unloaded after import = 2
========================================================================
Received Import Request.
  Time since last request: 0.003374 seconds.
  path: Assets/Packages/Sci-fi_World_Swarm/Loops/Ambiences/Infested_Tunnels_Full_Loop_Roomtone.wav
  artifactKey: Guid(68980beaafcb044cba223a8628d0c7d8) Importer(815301076,1909f56bfc062723c751e8b465ee728b)
Start importing Assets/Packages/Sci-fi_World_Swarm/Loops/Ambiences/Infested_Tunnels_Full_Loop_Roomtone.wav using Guid(68980beaafcb044cba223a8628d0c7d8) Importer(815301076,1909f56bfc062723c751e8b465ee728b)  -> (artifact id: '195265f33d33c906689c86d55e471c56') in 0.013890 seconds
Number of updated asset objects reloaded before import = 0
Number of asset objects unloaded after import = 2
========================================================================
Received Import Request.
  Time since last request: 0.000161 seconds.
  path: Assets/Packages/Sci-fi_World_Swarm/Loops/Ambiences/Insect_Shipyard_Alt_Mix_2_Loop_Roomtone.wav
  artifactKey: Guid(13a146d611fdb4a54ad2b9f216ae09d7) Importer(815301076,1909f56bfc062723c751e8b465ee728b)
Start importing Assets/Packages/Sci-fi_World_Swarm/Loops/Ambiences/Insect_Shipyard_Alt_Mix_2_Loop_Roomtone.wav using Guid(13a146d611fdb4a54ad2b9f216ae09d7) Importer(815301076,1909f56bfc062723c751e8b465ee728b)  -> (artifact id: 'bf1de8466712fd534cdb3777a89d4e2b') in 0.013802 seconds
Number of updated asset objects reloaded before import = 0
Number of asset objects unloaded after import = 2
========================================================================
Received Import Request.
  Time since last request: 0.000018 seconds.
  path: Assets/Packages/Sci-fi_World_Swarm/Loops/Ambiences/Into_The_Hollow_Alt_Mix_1_Loop_Roomtone.wav
  artifactKey: Guid(2701be57f2e324053a7c12cfba4909ef) Importer(815301076,1909f56bfc062723c751e8b465ee728b)
Start importing Assets/Packages/Sci-fi_World_Swarm/Loops/Ambiences/Into_The_Hollow_Alt_Mix_1_Loop_Roomtone.wav using Guid(2701be57f2e324053a7c12cfba4909ef) Importer(815301076,1909f56bfc062723c751e8b465ee728b)  -> (artifact id: 'aeb473e44859ce9aa73dd5e7a1d97978') in 0.013119 seconds
Number of updated asset objects reloaded before import = 0
Number of asset objects unloaded after import = 2
========================================================================
Received Import Request.
  Time since last request: 0.000022 seconds.
  path: Assets/Packages/Sci-fi_World_Swarm/Loops/Ambiences/Into_The_Hollow_Loop_Roomtone.wav
  artifactKey: Guid(600f3973a1b96415dab430e90af24a8f) Importer(815301076,1909f56bfc062723c751e8b465ee728b)
Start importing Assets/Packages/Sci-fi_World_Swarm/Loops/Ambiences/Into_The_Hollow_Loop_Roomtone.wav using Guid(600f3973a1b96415dab430e90af24a8f) Importer(815301076,1909f56bfc062723c751e8b465ee728b)  -> (artifact id: '4f8deb9a7e2c7db74c7179c484a1fd43') in 0.015058 seconds
Number of updated asset objects reloaded before import = 0
Number of asset objects unloaded after import = 2
========================================================================
Received Import Request.
  Time since last request: 0.000017 seconds.
  path: Assets/Packages/Sci-fi_World_Swarm/Loops/Ambiences/Living_Caves_Alt_Mix_1_Loop_Roomtone.wav
  artifactKey: Guid(7b68acb63561d4851b75a25d0e504934) Importer(815301076,1909f56bfc062723c751e8b465ee728b)
Start importing Assets/Packages/Sci-fi_World_Swarm/Loops/Ambiences/Living_Caves_Alt_Mix_1_Loop_Roomtone.wav using Guid(7b68acb63561d4851b75a25d0e504934) Importer(815301076,1909f56bfc062723c751e8b465ee728b)  -> (artifact id: 'f1765ada7726e11e99b2fca36821ca4c') in 0.013151 seconds
Number of updated asset objects reloaded before import = 0
Number of asset objects unloaded after import = 2
========================================================================
Received Import Request.
  Time since last request: 0.000019 seconds.
  path: Assets/Packages/Sci-fi_World_Swarm/Loops/Ambiences/Mantis_Den_Alt_Mix_1_Loop_Roomtone.wav
  artifactKey: Guid(7f828613260a54c10a38e05d13df0543) Importer(815301076,1909f56bfc062723c751e8b465ee728b)
Start importing Assets/Packages/Sci-fi_World_Swarm/Loops/Ambiences/Mantis_Den_Alt_Mix_1_Loop_Roomtone.wav using Guid(7f828613260a54c10a38e05d13df0543) Importer(815301076,1909f56bfc062723c751e8b465ee728b)  -> (artifact id: '099c295bdc0415ec40bf44b55fa7a2b6') in 0.013935 seconds
Number of updated asset objects reloaded before import = 0
Number of asset objects unloaded after import = 2
========================================================================
Received Import Request.
  Time since last request: 0.000021 seconds.
  path: Assets/Packages/Sci-fi_World_Swarm/Loops/Ambiences/Mantis_Den_Alt_Mix_2_Loop_Roomtone.wav
  artifactKey: Guid(745d961c11e8f4dad8709e83ad3406c9) Importer(815301076,1909f56bfc062723c751e8b465ee728b)
Start importing Assets/Packages/Sci-fi_World_Swarm/Loops/Ambiences/Mantis_Den_Alt_Mix_2_Loop_Roomtone.wav using Guid(745d961c11e8f4dad8709e83ad3406c9) Importer(815301076,1909f56bfc062723c751e8b465ee728b)  -> (artifact id: 'fce85d3935b6d530440acb426f57c03d') in 0.013850 seconds
Number of updated asset objects reloaded before import = 0
Number of asset objects unloaded after import = 2
========================================================================
Received Import Request.
  Time since last request: 0.000020 seconds.
  path: Assets/Packages/Sci-fi_World_Swarm/Loops/Ambiences/Millipede_Lair_Full_Loop_Roomtone.wav
  artifactKey: Guid(41ecf6c3c656e4b268fff045b4f6ac0a) Importer(815301076,1909f56bfc062723c751e8b465ee728b)
Start importing Assets/Packages/Sci-fi_World_Swarm/Loops/Ambiences/Millipede_Lair_Full_Loop_Roomtone.wav using Guid(41ecf6c3c656e4b268fff045b4f6ac0a) Importer(815301076,1909f56bfc062723c751e8b465ee728b)  -> (artifact id: 'c820e118f6aa678590026e8cb33f6832') in 0.014854 seconds
Number of updated asset objects reloaded before import = 0
Number of asset objects unloaded after import = 2
========================================================================
Received Import Request.
  Time since last request: 0.006774 seconds.
  path: Assets/Packages/Sci-fi_World_Swarm/Loops/Ambiences/No_Way_Out_Full_Loop_Roomtone.wav
  artifactKey: Guid(02af2eb686dc4406f95deca6942a5100) Importer(815301076,1909f56bfc062723c751e8b465ee728b)
Start importing Assets/Packages/Sci-fi_World_Swarm/Loops/Ambiences/No_Way_Out_Full_Loop_Roomtone.wav using Guid(02af2eb686dc4406f95deca6942a5100) Importer(815301076,1909f56bfc062723c751e8b465ee728b)  -> (artifact id: 'd8995cbdd5c4cfc0ef828f0fdeb9376b') in 0.015392 seconds
Number of updated asset objects reloaded before import = 0
Number of asset objects unloaded after import = 2
========================================================================
Received Import Request.
  Time since last request: 0.000018 seconds.
  path: Assets/Packages/Sci-fi_World_Swarm/Loops/Ambiences/Organic_Generator_Alt_Mix_1_Loop_Roomtone.wav
  artifactKey: Guid(3835043d90801448e80cb51e28285227) Importer(815301076,1909f56bfc062723c751e8b465ee728b)
Start importing Assets/Packages/Sci-fi_World_Swarm/Loops/Ambiences/Organic_Generator_Alt_Mix_1_Loop_Roomtone.wav using Guid(3835043d90801448e80cb51e28285227) Importer(815301076,1909f56bfc062723c751e8b465ee728b)  -> (artifact id: '130639cd6897f5bdedf1f9ef1f3d54de') in 0.014886 seconds
Number of updated asset objects reloaded before import = 0
Number of asset objects unloaded after import = 2
========================================================================
Received Import Request.
  Time since last request: 0.000020 seconds.
  path: Assets/Packages/Sci-fi_World_Swarm/Loops/Ambiences/Queen_Scorpion_Alt_Mix_1_Loop_Roomtone.wav
  artifactKey: Guid(3b61a63a48e414e56857256faa16c3cd) Importer(815301076,1909f56bfc062723c751e8b465ee728b)
Start importing Assets/Packages/Sci-fi_World_Swarm/Loops/Ambiences/Queen_Scorpion_Alt_Mix_1_Loop_Roomtone.wav using Guid(3b61a63a48e414e56857256faa16c3cd) Importer(815301076,1909f56bfc062723c751e8b465ee728b)  -> (artifact id: 'ad10fce0b51a4a08a8278234b3d82e0b') in 0.015852 seconds
Number of updated asset objects reloaded before import = 0
Number of asset objects unloaded after import = 2
========================================================================
Received Import Request.
  Time since last request: 0.000041 seconds.
  path: Assets/Packages/Sci-fi_World_Swarm/Loops/Ambiences/Queen_Scorpion_Alt_Mix_2_Loop_Roomtone.wav
  artifactKey: Guid(07a84c0a45fa34d97b5286a32e0958a5) Importer(815301076,1909f56bfc062723c751e8b465ee728b)
Start importing Assets/Packages/Sci-fi_World_Swarm/Loops/Ambiences/Queen_Scorpion_Alt_Mix_2_Loop_Roomtone.wav using Guid(07a84c0a45fa34d97b5286a32e0958a5) Importer(815301076,1909f56bfc062723c751e8b465ee728b)  -> (artifact id: 'af9659131dcaa7fcdeae9ef54e8f14e7') in 0.015813 seconds
Number of updated asset objects reloaded before import = 0
Number of asset objects unloaded after import = 2
========================================================================
Received Import Request.
  Time since last request: 0.000020 seconds.
  path: Assets/Packages/Sci-fi_World_Swarm/Loops/Ambiences/Queen_Ship_Alt_Mix_1_Loop_Roomtone.wav
  artifactKey: Guid(88fd14d9fb00b47d59253003e3c3b423) Importer(815301076,1909f56bfc062723c751e8b465ee728b)
Start importing Assets/Packages/Sci-fi_World_Swarm/Loops/Ambiences/Queen_Ship_Alt_Mix_1_Loop_Roomtone.wav using Guid(88fd14d9fb00b47d59253003e3c3b423) Importer(815301076,1909f56bfc062723c751e8b465ee728b)  -> (artifact id: 'ce47e1bc8f2a3cc4f7cb76f94580e6bd') in 0.014788 seconds
Number of updated asset objects reloaded before import = 0
Number of asset objects unloaded after import = 2
========================================================================
Received Import Request.
  Time since last request: 0.000052 seconds.
  path: Assets/Packages/Sci-fi_World_Swarm/Loops/Ambiences/Science_Wing_Alt_Mix_1_Loop_Roomtone.wav
  artifactKey: Guid(5a67d0172b92a4d4e8edb69a59633268) Importer(815301076,1909f56bfc062723c751e8b465ee728b)
Start importing Assets/Packages/Sci-fi_World_Swarm/Loops/Ambiences/Science_Wing_Alt_Mix_1_Loop_Roomtone.wav using Guid(5a67d0172b92a4d4e8edb69a59633268) Importer(815301076,1909f56bfc062723c751e8b465ee728b)  -> (artifact id: '70776f81d4c184094db610ac2fa55b0e') in 0.020607 seconds
Number of updated asset objects reloaded before import = 0
Number of asset objects unloaded after import = 2
========================================================================
Received Import Request.
  Time since last request: 0.000021 seconds.
  path: Assets/Packages/Sci-fi_World_Swarm/Loops/Ambiences/Spider_Web_Alt_Mix_1_Loop_Roomtone.wav
  artifactKey: Guid(4ec35fbed7362480f92b6fc298d8af77) Importer(815301076,1909f56bfc062723c751e8b465ee728b)
Start importing Assets/Packages/Sci-fi_World_Swarm/Loops/Ambiences/Spider_Web_Alt_Mix_1_Loop_Roomtone.wav using Guid(4ec35fbed7362480f92b6fc298d8af77) Importer(815301076,1909f56bfc062723c751e8b465ee728b)  -> (artifact id: '9a20c7ecccefd1541f9f4e2942e7e2a5') in 0.016758 seconds
Number of updated asset objects reloaded before import = 0
Number of asset objects unloaded after import = 2
========================================================================
Received Import Request.
  Time since last request: 0.000018 seconds.
  path: Assets/Packages/Sci-fi_World_Swarm/Loops/Ambiences/Organic_Generator_Full_Loop_Roomtone.wav
  artifactKey: Guid(765d14310e57b4b4e9b25bce6b60741d) Importer(815301076,1909f56bfc062723c751e8b465ee728b)
Start importing Assets/Packages/Sci-fi_World_Swarm/Loops/Ambiences/Organic_Generator_Full_Loop_Roomtone.wav using Guid(765d14310e57b4b4e9b25bce6b60741d) Importer(815301076,1909f56bfc062723c751e8b465ee728b)  -> (artifact id: '216e9b00df32a64a0edce18fd0c30cb9') in 0.014538 seconds
Number of updated asset objects reloaded before import = 0
Number of asset objects unloaded after import = 2
Editor requested this worker to shutdown with reason: Scaling down because of idle timeout
AssetImportWorker is now disconnected from the server
Process exiting
Exiting without the bug reporter. Application will terminate with return code 0